@@@ Unified Memory contents hex on left, decimal on right: 
@@@
@@@ mem[    0] = 0000009700000013 : 648540061715
@@@ mem[    8] = 0001011709c08093 : 282673436197011
@@@ mem[   16] = 00010413ff410113 : 285958910050579
@@@ mem[   24] = fc81819300002197 : 18194966437913698711
@@@ mem[   32] = 0000029300000213 : 2830383448595
@@@ mem[   40] = 0000039300000313 : 3929895076627
@@@ mem[   48] = 0000051300000493 : 5579162518675
@@@ mem[   56] = 0000061300000593 : 6678674146707
@@@ mem[   64] = 0000071300000693 : 7778185774739
@@@ mem[   72] = 0000081300000793 : 8877697402771
@@@ mem[   80] = 0000091300000893 : 9977209030803
@@@ mem[   88] = 00000a1300000993 : 11076720658835
@@@ mem[   96] = 00000b1300000a93 : 12176232286867
@@@ mem[  104] = 00000c1300000b93 : 13275743914899
@@@ mem[  112] = 00000d1300000c93 : 14375255542931
@@@ mem[  120] = 00000e1300000d93 : 15474767170963
@@@ mem[  128] = 00000f1300000e93 : 16574278798995
@@@ mem[  136] = 3f80106f00000f93 : 4575675290335842195
@@@
@@@ mem[  160] = f601011300010117 : 17726450789423055127
@@@ mem[  168] = 00000013fea12c23 : 85876354083
@@@ mem[  176] = fd01011310500073 : 18230853947962163315
@@@ mem[  184] = 0281242302112623 : 180465192848664099
@@@ mem[  192] = fca42e2303010413 : 18204726321647518739
@@@ mem[  200] = 000027b7fdc42703 : 43671189989123
@@@ mem[  208] = 00f76a6382478793 : 69641294867564435
@@@ mem[  216] = 82478793000067b7 : 9387621013707057079
@@@ mem[  224] = 00e7f863fdc42703 : 65293827963102979
@@@ mem[  232] = 0000009700100513 : 648541111571
@@@ mem[  240] = fdc42783fb4080e7 : 18285783834840563943
@@@ mem[  248] = fef42423ff878793 : 18371348516980623251
@@@ mem[  256] = 82c7a783000067b7 : 9423684926378633143
@@@ mem[  264] = 03c0006ffef42623 : 270216458661013027
@@@ mem[  272] = 0007a783fec42783 : 2154510193796995
@@@ mem[  280] = 02f76063fec42703 : 213745489915684611
@@@ mem[  288] = fec42783fe842703 : 18357841428933256963
@@@ mem[  296] = fec4278302e7ee63 : 18357841424711937635
@@@ mem[  304] = fe8427030007a783 : 18339826476398389123
@@@ mem[  312] = fec4278302f76663 : 18357841424712951395
@@@ mem[  320] = fef426230007a783 : 18371350711717308291
@@@ mem[  328] = fec42783fe842703 : 18357841428933256963
@@@ mem[  336] = fec42783fce7f0e3 : 18357841428906242275
@@@ mem[  344] = fe8427030007a783 : 18339826476398389123
@@@ mem[  352] = fe842783faf778e3 : 18339827030364223715
@@@ mem[  360] = 003797930047a783 : 15647781339768707
@@@ mem[  368] = 00f70733fe842703 : 69532239142332163
@@@ mem[  376] = 0007a783fec42783 : 2154510193796995
@@@ mem[  384] = fe84278302f71e63 : 18339827026203450979
@@@ mem[  392] = fec427830047a703 : 18357841424667879171
@@@ mem[  400] = 0047a7830007a783 : 20168904429512579
@@@ mem[  408] = fe84278300f70733 : 18339827026169890611
@@@ mem[  416] = fec4278300e7a223 : 18357841424678363683
@@@ mem[  424] = 0007a7030007a783 : 2153956164216707
@@@ mem[  432] = 00e7a023fe842783 : 65196796074534787
@@@ mem[  440] = fec427830140006f : 18357841424684154991
@@@ mem[  448] = fe8427830007a703 : 18339827026154202883
@@@ mem[  456] = fec4278300e7a023 : 18357841424678363171
@@@ mem[  464] = 003797930047a783 : 15647781339768707
@@@ mem[  472] = 00f707b3fec42703 : 69532788902340355
@@@ mem[  480] = 02f71a63fe842703 : 213668524097545987
@@@ mem[  488] = 0047a703fec42783 : 20168358947465091
@@@ mem[  496] = 0047a783fe842783 : 20168908699084675
@@@ mem[  504] = fec4278300f70733 : 18357841424679372595
@@@ mem[  512] = fe84278300e7a223 : 18339827026168881699
@@@ mem[  520] = fec427830007a703 : 18357841424663684867
@@@ mem[  528] = 0100006f00e7a023 : 72058070794477603
@@@ mem[  536] = fe842703fec42783 : 18339826480672155523
@@@ mem[  544] = 000067b700e7a023 : 114035691855907
@@@ mem[  552] = 82e7a623fec42703 : 9432690618079127299
@@@ mem[  560] = 02c1208300000013 : 198475605593817107
@@@ mem[  568] = 0301011302812403 : 216455438248518659
@@@ mem[  576] = fd01011300008067 : 18230853947688517735
@@@ mem[  584] = 0281242302112623 : 180465192848664099
@@@ mem[  592] = fca42e2303010413 : 18204726321647518739
@@@ mem[  600] = 8047a783000027b7 : 9243540941283796919
@@@ mem[  608] = 00e7f663fdc42703 : 65291628939847427
@@@ mem[  616] = 0700006f00000793 : 504403635006867347
@@@ mem[  624] = 8007a783000027b7 : 9225526542774314935
@@@ mem[  632] = 000027b7fef42623 : 43671209911843
@@@ mem[  640] = fdc427838007a703 : 18285783832773240579
@@@ mem[  648] = 000027b700f70733 : 43666948687667
@@@ mem[  656] = 000027b780e7a023 : 43669095161891
@@@ mem[  664] = fdc427838047a703 : 18285783832777434883
@@@ mem[  672] = 000027b740f70733 : 43668022429491
@@@ mem[  680] = fdc4278380e7a223 : 18285783832787919395
@@@ mem[  688] = fec42783ff878713 : 18357841428950255379
@@@ mem[  696] = fec4278300e7a223 : 18357841424678363683
@@@ mem[  704] = fef4262300878793 : 18371350711725688723
@@@ mem[  712] = 00000097fec42503 : 652814329091
@@@ mem[  720] = 000067b7de8080e7 : 114039409639655
@@@ mem[  728] = 0007851382c7a783 : 2116643681970051
@@@ mem[  736] = 0281240302c12083 : 180465055421243523
@@@ mem[  744] = 0000806703010113 : 141179920384275
@@@ mem[  752] = 02112623fd010113 : 148942198690349331
@@@ mem[  760] = 0301041302812423 : 216458736783402019
@@@ mem[  768] = fdc42703fca42e23 : 18285783285108059683
@@@ mem[  776] = 00e7f663000047b7 : 65291624682375095
@@@ mem[  784] = 15c0006f00000793 : 1567253147066304403
@@@ mem[  792] = 0037f793fdc42783 : 15753338708830083
@@@ mem[  800] = fdc4278300078a63 : 18285783830625749603
@@@ mem[  808] = 00478793ffc7f793 : 20133793067693971
@@@ mem[  816] = fdc42783fcf42e23 : 18285783834869116451
@@@ mem[  824] = fef4222300878793 : 18371346313679177619
@@@ mem[  832] = 82c7a783000067b7 : 9423684926378633143
@@@ mem[  840] = fe842783fef42423 : 18339827030431114275
@@@ mem[  848] = 000067b702079e63 : 114035710729827
@@@ mem[  856] = fef4242382478793 : 18371348514879276947
@@@ mem[  864] = fe842703000067b7 : 18339826476397914039
@@@ mem[  872] = 000067b782e7a623 : 114037872895523
@@@ mem[  880] = 000067b782c7a703 : 114037870798595
@@@ mem[  888] = 00e7a02382478793 : 65196793990186899
@@@ mem[  896] = 82478793000067b7 : 9387621013707057079
@@@ mem[  904] = fe8427830007a223 : 18339827026154201635
@@@ mem[  912] = fef426230007a783 : 18371350711717308291
@@@ mem[  920] = 0047a783fec42783 : 20168908703278979
@@@ mem[  928] = 08e7e263fdc42703 : 641730391010715395
@@@ mem[  936] = 0047a783fec42783 : 20168908703278979
@@@ mem[  944] = 00f71c63fdc42703 : 69555535032362755
@@@ mem[  952] = 0007a703fec42783 : 2153960437983107
@@@ mem[  960] = 00e7a023fe842783 : 65196796074534787
@@@ mem[  968] = fec427830400006f : 18357841424730292335
@@@ mem[  976] = fe4427830047a703 : 18321812627648915203
@@@ mem[  984] = fec4278340f70733 : 18357841425753114419
@@@ mem[  992] = fec4278300e7a223 : 18357841424678363683
@@@ mem[ 1000] = 003797930047a783 : 15647781339768707
@@@ mem[ 1008] = 00f707b3fec42703 : 69532788902340355
@@@ mem[ 1016] = fec42783fef42623 : 18357841428940596771
@@@ mem[ 1024] = 00e7a223fdc42703 : 65198995085207299
@@@ mem[ 1032] = fe842703000067b7 : 18339826476397914039
@@@ mem[ 1040] = fec4278382e7a623 : 18357841426859402787
@@@ mem[ 1048] = fef4262300878793 : 18371350711725688723
@@@ mem[ 1056] = 04c0006ffec42783 : 342274052695795587
@@@ mem[ 1064] = 82c7a783000067b7 : 9423684926378633143
@@@ mem[ 1072] = 02f71263fec42703 : 213659728008718083
@@@ mem[ 1080] = 00000097fe442503 : 652805940483
@@@ mem[ 1088] = fea42623e08080e7 : 18348832717346472167
@@@ mem[ 1096] = 00079663fec42783 : 2135681057171331
@@@ mem[ 1104] = 01c0006f00000793 : 126101266307745683
@@@ mem[ 1112] = fef42423fec42783 : 18371348516967819139
@@@ mem[ 1120] = 0007a783fec42783 : 2154510193796995
@@@ mem[ 1128] = f2dff06ffef42623 : 17500971040794486307
@@@ mem[ 1136] = 02c1208300078513 : 198475605594309907
@@@ mem[ 1144] = 0301011302812403 : 216455438248518659
@@@ mem[ 1152] = fd01011300008067 : 18230853947688517735
@@@ mem[ 1160] = 0281242302112623 : 180465192848664099
@@@ mem[ 1168] = fca42e2303010413 : 18204726321647518739
@@@ mem[ 1176] = 00000097fdc42503 : 652797551875
@@@ mem[ 1184] = fea42623e54080e7 : 18348832717426163943
@@@ mem[ 1192] = 00000593fdc42603 : 6133175821827
@@@ mem[ 1200] = 00001097fec42503 : 18245000373507
@@@ mem[ 1208] = fec42783228080e7 : 18357841425242030311
@@@ mem[ 1216] = 02c1208300078513 : 198475605594309907
@@@ mem[ 1224] = 0301011302812403 : 216455438248518659
@@@ mem[ 1232] = fe01011300008067 : 18302911541726445671
@@@ mem[ 1240] = 0201041300812e23 : 144401142711922211
@@@ mem[ 1248] = 8087a783000027b7 : 9261555339793278903
@@@ mem[ 1256] = fef426230017f793 : 18371350711718377363
@@@ mem[ 1264] = 8087a783000027b7 : 9261555339793278903
@@@ mem[ 1272] = 000027b70017d713 : 43666934060819
@@@ mem[ 1280] = fec4270380e7a423 : 18357840877070033955
@@@ mem[ 1288] = 02f7106300100793 : 213657524712245139
@@@ mem[ 1296] = 8087a703000027b7 : 9261554790037465015
@@@ mem[ 1304] = 400787930000b7b7 : 4613805408694351799
@@@ mem[ 1312] = 000027b700f74733 : 43666948704051
@@@ mem[ 1320] = 000027b780e7a423 : 43669095162915
@@@ mem[ 1328] = 000785138087a783 : 2116643644221315
@@@ mem[ 1336] = 0201011301c12403 : 144397844198007811
@@@ mem[ 1344] = fe01011300008067 : 18302911541726445671
@@@ mem[ 1352] = 0201041300812e23 : 144401142711922211
@@@ mem[ 1360] = fec42783fea42623 : 18357841428935353891
@@@ mem[ 1368] = 000007930007d663 : 8327942100579
@@@ mem[ 1376] = fec427830080006f : 18357841424671572079
@@@ mem[ 1384] = 01c1240300078513 : 126421859847079187
@@@ mem[ 1392] = 0000806702010113 : 141179903607059
@@@ mem[ 1400] = 02112e23fc010113 : 148950994766594323
@@@ mem[ 1408] = 02912a2302812c23 : 184975389553142819
@@@ mem[ 1416] = fca42e2304010413 : 18204726321664295955
@@@ mem[ 1424] = fcc42a23fcb42c23 : 18213729127045016611
@@@ mem[ 1432] = fce42623fcd42823 : 18222731928255342627
@@@ mem[ 1440] = fd042223fcf42423 : 18231734729465668643
@@@ mem[ 1448] = 15c0006ffe042623 : 1567253151327987235
@@@ mem[ 1456] = 00279793fec42783 : 11144185981970307
@@@ mem[ 1464] = 00f70733fd842703 : 69532239125554947
@@@ mem[ 1472] = 00279793fec42783 : 11144185981970307
@@@ mem[ 1480] = 00f687b3fd042683 : 69392051384624771
@@@ mem[ 1488] = 00e7a02300072703 : 65196791804929795
@@@ mem[ 1496] = 0840006ffe042423 : 594475631815959587
@@@ mem[ 1504] = 00279793fec42783 : 11144185981970307
@@@ mem[ 1512] = 00f707b3fd042703 : 69532788872980227
@@@ mem[ 1520] = fec427030007a683 : 18357840874907870851
@@@ mem[ 1528] = 0027979300070793 : 11144181708162963
@@@ mem[ 1536] = 0027979300e787b3 : 11144181722875827
@@@ mem[ 1544] = fdc4278300078713 : 18285783830625748755
@@@ mem[ 1552] = fe84278300e78733 : 18339827026168874803
@@@ mem[ 1560] = 00f707b300279793 : 69532784630667155
@@@ mem[ 1568] = fe8427830007a703 : 18339827026154202883
@@@ mem[ 1576] = fd44260300279793 : 18249753384341444499
@@@ mem[ 1584] = 0007a78300f607b3 : 2154505935652787
@@@ mem[ 1592] = fec4278302f70733 : 18357841424712927027
@@@ mem[ 1600] = fd04260300279793 : 18231738985831962515
@@@ mem[ 1608] = 00e6873300f607b3 : 64887897772656563
@@@ mem[ 1616] = fe84278300e7a023 : 18339827026168881187
@@@ mem[ 1624] = fef4242300178793 : 18371348512695093139
@@@ mem[ 1632] = fcc42783fe842703 : 18213726240857401091
@@@ mem[ 1640] = fc442783f6f74ce3 : 18177697443711765731
@@@ mem[ 1648] = fc44270300078a63 : 18177696889813043811
@@@ mem[ 1656] = 04f7026300100793 : 357757319625312147
@@@ mem[ 1664] = fec4278307c0006f : 18357841424793206895
@@@ mem[ 1672] = fd04270300279793 : 18231740085343590291
@@@ mem[ 1680] = 0007a68300f707b3 : 2153406424090547
@@@ mem[ 1688] = 00279793fec42783 : 11144185981970307
@@@ mem[ 1696] = 00f704b3fd042703 : 69529490338096899
@@@ mem[ 1704] = 0000009700068513 : 648540488979
@@@ mem[ 1712] = 00050793e98080e7 : 1415706742653159
@@@ mem[ 1720] = 0400006f00f4a023 : 288230852909113379
@@@ mem[ 1728] = 00279793fec42783 : 11144185981970307
@@@ mem[ 1736] = 00f707b3fd042703 : 69532788872980227
@@@ mem[ 1744] = fec427830007a683 : 18357841424663684739
@@@ mem[ 1752] = fd04270300279793 : 18231740085343590291
@@@ mem[ 1760] = 0006851300f704b3 : 1835166527325363
@@@ mem[ 1768] = e5c080e700000097 : 16555373959839744151
@@@ mem[ 1776] = 00f4a02300050793 : 68855966502029203
@@@ mem[ 1784] = fec4278300000013 : 18357841424663183379
@@@ mem[ 1792] = fef4262300178793 : 18371350711718348691
@@@ mem[ 1800] = fc842783fec42703 : 18195711842352113411
@@@ mem[ 1808] = 00000013eaf740e3 : 85546451171
@@@ mem[ 1816] = 03c1208300000013 : 270533199631745043
@@@ mem[ 1824] = 0341248303812403 : 234508800718087171
@@@ mem[ 1832] = 0000806704010113 : 141179937161491
@@@ mem[ 1840] = 02112623fd010113 : 148942198690349331
@@@ mem[ 1848] = 0301041302812423 : 216458736783402019
@@@ mem[ 1856] = fcb42c23fca42e23 : 18209227726439853603
@@@ mem[ 1864] = 0380006ffe042623 : 252202060135802403
@@@ mem[ 1872] = d84080e700000097 : 15582596440327717015
@@@ mem[ 1880] = 00f7f71300050793 : 69795980224300947
@@@ mem[ 1888] = 00279793fec42783 : 11144185981970307
@@@ mem[ 1896] = 00f687b3fdc42683 : 69392051397207683
@@@ mem[ 1904] = 00e7a023ffb70713 : 65196796094646035
@@@ mem[ 1912] = 00178793fec42783 : 6622994168555395
@@@ mem[ 1920] = fec42703fef42623 : 18357840879184782883
@@@ mem[ 1928] = fcf742e3fd842783 : 18228111563783677827
@@@ mem[ 1936] = 0000001300000013 : 81604378643
@@@ mem[ 1944] = 0281240302c12083 : 180465055421243523
@@@ mem[ 1952] = 0000806703010113 : 141179920384275
@@@ mem[ 1960] = 02112623fd010113 : 148942198690349331
@@@ mem[ 1968] = 0301041302812423 : 216458736783402019
@@@ mem[ 1976] = fcb42c23fca42e23 : 18209227726439853603
@@@ mem[ 1984] = fcd42823fcc42a23 : 18218230527650179619
@@@ mem[ 1992] = 09c0006ffe042623 : 702562022872852003
@@@ mem[ 2000] = d04080e700000097 : 15006135688024293527
@@@ mem[ 2008] = 00f7f71300050793 : 69795980224300947
@@@ mem[ 2016] = 00279793fec42783 : 11144185981970307
@@@ mem[ 2024] = 00f687b3fd842683 : 69392051393013379
@@@ mem[ 2032] = 00e7a023ffb70713 : 65196796094646035
@@@ mem[ 2040] = 0540006ffe042423 : 378302849702175779
@@@ mem[ 2048] = cd4080e700000097 : 14789962905910509719
@@@ mem[ 2056] = 00f7f61300050793 : 69794880712673171
@@@ mem[ 2064] = 00070793fec42703 : 1978657052829443
@@@ mem[ 2072] = 00e787b300279793 : 65169922491651987
@@@ mem[ 2080] = 0007871300279793 : 2118840513697683
@@@ mem[ 2088] = 00e786b3fdc42783 : 65168827234920323
@@@ mem[ 2096] = fe842783ffb60713 : 18339827030443820819
@@@ mem[ 2104] = 00f687b300279793 : 69392047142311827
@@@ mem[ 2112] = fe84278300e7a023 : 18339827026168881187
@@@ mem[ 2120] = fef4242300178793 : 18371348512695093139
@@@ mem[ 2128] = fd442783fe842703 : 18249755037876365059
@@@ mem[ 2136] = fec42783faf744e3 : 18357841428873692387
@@@ mem[ 2144] = fef4262300178793 : 18371350711718348691
@@@ mem[ 2152] = fd042783fec42703 : 18231740639371077379
@@@ mem[ 2160] = 00000013f6f740e3 : 85747777763
@@@ mem[ 2168] = 02c1208300000013 : 198475605593817107
@@@ mem[ 2176] = 0301011302812403 : 216455438248518659
@@@ mem[ 2184] = fd01011300008067 : 18230853947688517735
@@@ mem[ 2192] = 0301041302812623 : 216458736783402531
@@@ mem[ 2200] = fcb42c23fca42e23 : 18209227726439853603
@@@ mem[ 2208] = 00100793fe042423 : 4511931830641699
@@@ mem[ 2216] = 0440006ffef42623 : 306245255679976995
@@@ mem[ 2224] = 00279793fe842783 : 11144185977776003
@@@ mem[ 2232] = 00f707b3fdc42703 : 69532788885563139
@@@ mem[ 2240] = fec427830007a703 : 18357841424663684867
@@@ mem[ 2248] = fdc4268300279793 : 18285782731116222355
@@@ mem[ 2256] = 0007a78300f687b3 : 2154505935685555
@@@ mem[ 2264] = fec4278300f75663 : 18357841424679392867
@@@ mem[ 2272] = fec42783fef42423 : 18357841428940596259
@@@ mem[ 2280] = fef4262300178793 : 18371350711718348691
@@@ mem[ 2288] = fd842783fec42703 : 18267769436390041347
@@@ mem[ 2296] = fe842783faf74ce3 : 18339827030364212451
@@@ mem[ 2304] = 02c1240300078513 : 198479453885007123
@@@ mem[ 2312] = 0000806703010113 : 141179920384275
@@@ mem[ 2320] = 04112623fb010113 : 293057386732650771
@@@ mem[ 2328] = 0491222304812423 : 329081781569528867
@@@ mem[ 2336] = fca4262305010413 : 18204717525588050963
@@@ mem[ 2344] = fcc42223fcb42423 : 18213720330951992355
@@@ mem[ 2352] = fae42e23fcd42023 : 18078625536272506915
@@@ mem[ 2360] = fb042a23faf42c23 : 18087628337449282595
@@@ mem[ 2368] = 00442783fb142823 : 19183746222925859
@@@ mem[ 2376] = fb44278300179713 : 18105639845531981587
@@@ mem[ 2384] = fb04278300f70733 : 18087625447037142835
@@@ mem[ 2392] = 0004278340f70733 : 1169344590972723
@@@ mem[ 2400] = 0017879340f757b3 : 6622990984239027
@@@ mem[ 2408] = fe042623fcf42a23 : 18303796721550109219
@@@ mem[ 2416] = fe0424233e00006f : 18303794519323181167
@@@ mem[ 2424] = fe0422233c00006f : 18303792320266371183
@@@ mem[ 2432] = fec427833a00006f : 18357841425636261999
@@@ mem[ 2440] = fc84270300279793 : 18195711288324626323
@@@ mem[ 2448] = fec4268300f707b3 : 18357840325167744947
@@@ mem[ 2456] = 02e6873306400713 : 209003085937248019
@@@ mem[ 2464] = 00e68633fc042683 : 64886802473035395
@@@ mem[ 2472] = fe8427030007a683 : 18339826476398388867
@@@ mem[ 2480] = 0027979300070793 : 11144181708162963
@@@ mem[ 2488] = fe44270300e787b3 : 18321812077903579059
@@@ mem[ 2496] = 0027979300e787b3 : 11144181722875827
@@@ mem[ 2504] = 00d7a02300f607b3 : 60693192193214387
@@@ mem[ 2512] = 2140006ffe042023 : 2395915482764156963
@@@ mem[ 2520] = 1f40006ffc042e23 : 2251800294654750243
@@@ mem[ 2528] = 1d40006ffc042c23 : 2107685106578893859
@@@ mem[ 2536] = 06400793fec42703 : 450368294952904451
@@@ mem[ 2544] = fc04270302f707b3 : 18159682491352811443
@@@ mem[ 2552] = fe84270300f706b3 : 18339826476414076595
@@@ mem[ 2560] = 0027979300070793 : 11144181708162963
@@@ mem[ 2568] = fe44270300e787b3 : 18321812077903579059
@@@ mem[ 2576] = 0027979300e787b3 : 11144181722875827
@@@ mem[ 2584] = 0007a58300f687b3 : 2152306912430003
@@@ mem[ 2592] = fe84278300042703 : 18339827026153973507
@@@ mem[ 2600] = fdc4278302f70733 : 18285783830674999091
@@@ mem[ 2608] = 0044278300f70733 : 19183742026712883
@@@ mem[ 2616] = 1207c86340f707b3 : 1299227346136926131
@@@ mem[ 2624] = fe44278300042703 : 18321812627644491523
@@@ mem[ 2632] = fd84278302f70733 : 18267769432165517107
@@@ mem[ 2640] = 0044278300f70733 : 19183742026712883
@@@ mem[ 2648] = 1007c86340f707b3 : 1155112158061070259
@@@ mem[ 2656] = fe84278300042703 : 18339827026153973507
@@@ mem[ 2664] = fdc4278302f70733 : 18285783830674999091
@@@ mem[ 2672] = 0044278300f70733 : 19183742026712883
@@@ mem[ 2680] = fb44270340f707b3 : 18105639296864552883
@@@ mem[ 2688] = 000427030ee7d663 : 1168793995302499
@@@ mem[ 2696] = 02f70733fe442783 : 213647427213993859
@@@ mem[ 2704] = 00f70733fd842783 : 69532239125555075
@@@ mem[ 2712] = 40f707b300442783 : 4681218803059926915
@@@ mem[ 2720] = 0ce7d463fb442703 : 929945373957695235
@@@ mem[ 2728] = 06400793fe042703 : 450368294940321539
@@@ mem[ 2736] = fc44270302f707b3 : 18177696889862293427
@@@ mem[ 2744] = 0004270300f706b3 : 1168793761416883
@@@ mem[ 2752] = 02f70733fe842783 : 213647427218188163
@@@ mem[ 2760] = 00f70733fdc42783 : 69532239129749379
@@@ mem[ 2768] = 40f7073300442783 : 4681218253304113027
@@@ mem[ 2776] = fe44278300042603 : 18321812627644491267
@@@ mem[ 2784] = fd84278302f60633 : 18267769432165451315
@@@ mem[ 2792] = 0044278300f60633 : 19183742026647091
@@@ mem[ 2800] = 0007079340f60633 : 1978653868426803
@@@ mem[ 2808] = 00e787b300279793 : 65169922491651987
@@@ mem[ 2816] = 0027979300c787b3 : 11144181720778675
@@@ mem[ 2824] = 0007a60300f687b3 : 2152856668243891
@@@ mem[ 2832] = 1f400793fec42703 : 2251808145901102851
@@@ mem[ 2840] = fcc4270302f707b3 : 18213725686881257395
@@@ mem[ 2848] = fdc4278300f70533 : 18285783830641444147
@@@ mem[ 2856] = 00078713fe042683 : 2118844772787843
@@@ mem[ 2864] = 00f7073300271713 : 69532234874820371
@@@ mem[ 2872] = 0017979300068793 : 6640582080759699
@@@ mem[ 2880] = 0037979300d787b3 : 15647781349197747
@@@ mem[ 2888] = 00f7073300d787b3 : 69532234886383539
@@@ mem[ 2896] = 00f707b3fd842783 : 69532788881368963
@@@ mem[ 2904] = 00f507b300279793 : 68969834677245843
@@@ mem[ 2912] = 02f607b30007a783 : 213366497727719299
@@@ mem[ 2920] = 000007930080006f : 8327949975663
@@@ mem[ 2928] = 06400713fec42683 : 450367745197090435
@@@ mem[ 2936] = fc04268302e68733 : 18159681941595916083
@@@ mem[ 2944] = 00b786b300e68633 : 51658024110425651
@@@ mem[ 2952] = 00070793fe842703 : 1978657048635139
@@@ mem[ 2960] = 00e787b300279793 : 65169922491651987
@@@ mem[ 2968] = 00e787b3fe442703 : 65169926754936579
@@@ mem[ 2976] = 00f607b300279793 : 69251309653956499
@@@ mem[ 2984] = fd84278300d7a023 : 18267769432129904675
@@@ mem[ 2992] = fcf42c2300178793 : 18227242120712259475
@@@ mem[ 3000] = fb042783fd842703 : 18087625451274249987
@@@ mem[ 3008] = fdc42783e2f744e3 : 18285783834433111267
@@@ mem[ 3016] = fcf42e2300178793 : 18227244319735515027
@@@ mem[ 3024] = fb042783fdc42703 : 18087625451278444291
@@@ mem[ 3032] = fe042783e0f744e3 : 18303798232909038819
@@@ mem[ 3040] = fef4202300178793 : 18371344114648582035
@@@ mem[ 3048] = fbc42783fe042703 : 18141668646811084547
@@@ mem[ 3056] = 00842783def744e3 : 37198144260752611
@@@ mem[ 3064] = 0084270300078a63 : 37197590764685923
@@@ mem[ 3072] = 08f7066300100793 : 645992093823534995
@@@ mem[ 3080] = fec4270310c0006f : 18357840875188387951
@@@ mem[ 3088] = 02f707b306400793 : 213647972808787859
@@@ mem[ 3096] = 00f706b3fc042703 : 69531689344575235
@@@ mem[ 3104] = 00070793fe842703 : 1978657048635139
@@@ mem[ 3112] = 00e787b300279793 : 65169922491651987
@@@ mem[ 3120] = 00e787b3fe442703 : 65169926754936579
@@@ mem[ 3128] = 00f687b300279793 : 69392047142311827
@@@ mem[ 3136] = fec427030007a683 : 18357840874907870851
@@@ mem[ 3144] = 02f707b306400793 : 213647972808787859
@@@ mem[ 3152] = 00f704b3fc042703 : 69529490321319683
@@@ mem[ 3160] = 0000009700068513 : 648540488979
@@@ mem[ 3168] = 000506938e8080e7 : 1414605704298727
@@@ mem[ 3176] = 00070793fe842703 : 1978657048635139
@@@ mem[ 3184] = 00e787b300279793 : 65169922491651987
@@@ mem[ 3192] = 00e787b3fe442703 : 65169926754936579
@@@ mem[ 3200] = 00f487b300279793 : 68829097188890515
@@@ mem[ 3208] = 0880006f00d7a023 : 612490026077888547
@@@ mem[ 3216] = 06400793fec42703 : 450368294952904451
@@@ mem[ 3224] = fc04270302f707b3 : 18159682491352811443
@@@ mem[ 3232] = fe84270300f706b3 : 18339826476414076595
@@@ mem[ 3240] = 0027979300070793 : 11144181708162963
@@@ mem[ 3248] = fe44270300e787b3 : 18321812077903579059
@@@ mem[ 3256] = 0027979300e787b3 : 11144181722875827
@@@ mem[ 3264] = 0007a68300f687b3 : 2153406424057779
@@@ mem[ 3272] = 06400793fec42703 : 450368294952904451
@@@ mem[ 3280] = fc04270302f707b3 : 18159682491352811443
@@@ mem[ 3288] = 0006851300f704b3 : 1835166527325363
@@@ mem[ 3296] = 864080e700000097 : 9673873729217626263
@@@ mem[ 3304] = fe84270300050693 : 18339826476398216851
@@@ mem[ 3312] = 0027979300070793 : 11144181708162963
@@@ mem[ 3320] = fe44270300e787b3 : 18321812077903579059
@@@ mem[ 3328] = 0027979300e787b3 : 11144181722875827
@@@ mem[ 3336] = 00d7a02300f487b3 : 60693192193116083
@@@ mem[ 3344] = fe44278300000013 : 18321812627644219411
@@@ mem[ 3352] = fef4222300178793 : 18371346313671837587
@@@ mem[ 3360] = fd442783fe442703 : 18249755037872170755
@@@ mem[ 3368] = fe842783c4f74ee3 : 18339827029458243299
@@@ mem[ 3376] = fef4242300178793 : 18371348512695093139
@@@ mem[ 3384] = fd442783fe842703 : 18249755037876365059
@@@ mem[ 3392] = fec42783c2f74ee3 : 18357841427934170851
@@@ mem[ 3400] = fef4262300178793 : 18371350711718348691
@@@ mem[ 3408] = fb842783fec42703 : 18123654248314185475
@@@ mem[ 3416] = 00000013c0f74ee3 : 84841811683
@@@ mem[ 3424] = 04c1208300000013 : 342590793669672979
@@@ mem[ 3432] = 0441248304812403 : 306566394772792323
@@@ mem[ 3440] = 0000806705010113 : 141179953938707
@@@ mem[ 3448] = 04812623fb010113 : 324582584124244243
@@@ mem[ 3456] = fca4262305010413 : 18204717525588050963
@@@ mem[ 3464] = fcc42223fcb42423 : 18213720330951992355
@@@ mem[ 3472] = fae42e23fcd42023 : 18078625536272506915
@@@ mem[ 3480] = fb042a23faf42c23 : 18087628337449282595
@@@ mem[ 3488] = fb442783fb142823 : 18105639849742837795
@@@ mem[ 3496] = fc04278300179713 : 18159683041060427539
@@@ mem[ 3504] = fbc4278300f70733 : 18141668642565588787
@@@ mem[ 3512] = fb84278340f70733 : 18123654245129848627
@@@ mem[ 3520] = 0017879340f757b3 : 6622990984239027
@@@ mem[ 3528] = fe042623fcf42c23 : 18303796721550109731
@@@ mem[ 3536] = fe0424233640006f : 18303794519193157743
@@@ mem[ 3544] = fe0422233440006f : 18303792320136347759
@@@ mem[ 3552] = fb0427833240006f : 18087625447864008815
@@@ mem[ 3560] = fb04270300078a63 : 18087624897265633891
@@@ mem[ 3568] = 08f7066300100793 : 645992093823534995
@@@ mem[ 3576] = fec427030c40006f : 18357840875112890479
@@@ mem[ 3584] = 02f707b306400793 : 213647972808787859
@@@ mem[ 3592] = 00f706b3fcc42703 : 69531689357158147
@@@ mem[ 3600] = fe842783fb842703 : 18339827030373443331
@@@ mem[ 3608] = fb84260302f70733 : 18123652594822219571
@@@ mem[ 3616] = 02f605b3fe442783 : 213364302969841539
@@@ mem[ 3624] = 06400793fec42603 : 450368294952904195
@@@ mem[ 3632] = fc84260302f607b3 : 18195710188860082099
@@@ mem[ 3640] = 0007079300f60633 : 1978652794684979
@@@ mem[ 3648] = 00e787b300279793 : 65169922491651987
@@@ mem[ 3656] = 0027979300b787b3 : 11144181719730099
@@@ mem[ 3664] = 0007a68300f687b3 : 2153406424057779
@@@ mem[ 3672] = 00070793fe842703 : 1978657048635139
@@@ mem[ 3680] = 00e787b300279793 : 65169922491651987
@@@ mem[ 3688] = 00e787b3fe442703 : 65169926754936579
@@@ mem[ 3696] = 00f607b300279793 : 69251309653956499
@@@ mem[ 3704] = 0400006f00d7a023 : 288230852907212835
@@@ mem[ 3712] = 06400793fec42703 : 450368294952904451
@@@ mem[ 3720] = fc84270302f707b3 : 18195711288371775411
@@@ mem[ 3728] = fe84270300f706b3 : 18339826476414076595
@@@ mem[ 3736] = 0027979300070793 : 11144181708162963
@@@ mem[ 3744] = fe44270300e787b3 : 18321812077903579059
@@@ mem[ 3752] = 0027979300e787b3 : 11144181722875827
@@@ mem[ 3760] = 0007a02300f687b3 : 2146397037430707
@@@ mem[ 3768] = fe04202300000013 : 18303790120236482579
@@@ mem[ 3776] = fc042e231a00006f : 18159690325759623279
@@@ mem[ 3784] = fec427031800006f : 18357840875310022767
@@@ mem[ 3792] = 02f707b306400793 : 213647972808787859
@@@ mem[ 3800] = 00f706b3fcc42703 : 69531689357158147
@@@ mem[ 3808] = fe842783fb842703 : 18339827030373443331
@@@ mem[ 3816] = fe04278302f70733 : 18303798229184481075
@@@ mem[ 3824] = fb84260300f70733 : 18123652594788665139
@@@ mem[ 3832] = 02f60633fe442783 : 213364852725655427
@@@ mem[ 3840] = 00f60633fdc42783 : 69249664641410947
@@@ mem[ 3848] = 0027979300070793 : 11144181708162963
@@@ mem[ 3856] = 00c787b300e787b3 : 56162723249489843
@@@ mem[ 3864] = 00f687b300279793 : 69392047142311827
@@@ mem[ 3872] = fcf42a230007a783 : 18227239921687963523
@@@ mem[ 3880] = 00078a63fb042783 : 2122486854723459
@@@ mem[ 3888] = 00100793fb042703 : 4511931780310787
@@@ mem[ 3896] = 1000006f08f70463 : 1152921981498623075
@@@ mem[ 3904] = 06400793fec42703 : 450368294952904451
@@@ mem[ 3912] = fc84270302f707b3 : 18195711288371775411
@@@ mem[ 3920] = fe84270300f706b3 : 18339826476414076595
@@@ mem[ 3928] = 0027979300070793 : 11144181708162963
@@@ mem[ 3936] = fe44270300e787b3 : 18321812077903579059
@@@ mem[ 3944] = 0027979300e787b3 : 11144181722875827
@@@ mem[ 3952] = 0007a78300f687b3 : 2154505935685555
@@@ mem[ 3960] = 06400713fec42683 : 450367745197090435
@@@ mem[ 3968] = fc84268302e68733 : 18195710738614880051
@@@ mem[ 3976] = fd44270300e68633 : 18249754483865585203
@@@ mem[ 3984] = 0007871300f75463 : 2118840527311971
@@@ mem[ 3992] = 00068793fe842683 : 1837919560279683
@@@ mem[ 4000] = 00d787b300279793 : 60666322864281491
@@@ mem[ 4008] = 00d787b3fe442683 : 60666327127565955
@@@ mem[ 4016] = 00f607b300279793 : 69251309653956499
@@@ mem[ 4024] = 0800006f00e7a023 : 576461229059973155
@@@ mem[ 4032] = 06400793fec42703 : 450368294952904451
@@@ mem[ 4040] = fc84270302f707b3 : 18195711288371775411
@@@ mem[ 4048] = fe84270300f706b3 : 18339826476414076595
@@@ mem[ 4056] = 0027979300070793 : 11144181708162963
@@@ mem[ 4064] = fe44270300e787b3 : 18321812077903579059
@@@ mem[ 4072] = 0027979300e787b3 : 11144181722875827
@@@ mem[ 4080] = 0007a70300f687b3 : 2153956179871667
@@@ mem[ 4088] = 06400793fec42683 : 450368294952904323
@@@ mem[ 4096] = fc84268302f687b3 : 18195710738615928755
@@@ mem[ 4104] = fd44278300f68633 : 18249755033622447667
@@@ mem[ 4112] = fe84270300f706b3 : 18339826476414076595
@@@ mem[ 4120] = 0027979300070793 : 11144181708162963
@@@ mem[ 4128] = fe44270300e787b3 : 18321812077903579059
@@@ mem[ 4136] = 0027979300e787b3 : 11144181722875827
@@@ mem[ 4144] = 00d7a02300f607b3 : 60693192193214387
@@@ mem[ 4152] = fdc4278300000013 : 18285783830625255443
@@@ mem[ 4160] = fcf42e2300178793 : 18227244319735515027
@@@ mem[ 4168] = fbc42783fdc42703 : 18141668646806890243
@@@ mem[ 4176] = fe042783e6f74ee3 : 18303798233009704675
@@@ mem[ 4184] = fef4202300178793 : 18371344114648582035
@@@ mem[ 4192] = fbc42783fe042703 : 18141668646811084547
@@@ mem[ 4200] = fb042703e4f74ee3 : 18087624901106552547
@@@ mem[ 4208] = 08f7126300100793 : 646005287963068307
@@@ mem[ 4216] = 06400793fec42703 : 450368294952904451
@@@ mem[ 4224] = fc84270302f707b3 : 18195711288371775411
@@@ mem[ 4232] = fe84270300f706b3 : 18339826476414076595
@@@ mem[ 4240] = 0027979300070793 : 11144181708162963
@@@ mem[ 4248] = fe44270300e787b3 : 18321812077903579059
@@@ mem[ 4256] = 0027979300e787b3 : 11144181722875827
@@@ mem[ 4264] = 0007a70300f687b3 : 2153956179871667
@@@ mem[ 4272] = 02f787b3fbc42783 : 213788714416220035
@@@ mem[ 4280] = 06400693fec42603 : 450367195441276419
@@@ mem[ 4288] = fc84260302d606b3 : 18195710188857984691
@@@ mem[ 4296] = 40f706b300d60633 : 4681217703557858867
@@@ mem[ 4304] = 00070793fe842703 : 1978657048635139
@@@ mem[ 4312] = 00e787b300279793 : 65169922491651987
@@@ mem[ 4320] = 00e787b3fe442703 : 65169926754936579
@@@ mem[ 4328] = 00f607b300279793 : 69251309653956499
@@@ mem[ 4336] = 0000001300d7a023 : 81618509859
@@@ mem[ 4344] = 00178793fe442783 : 6622994160166787
@@@ mem[ 4352] = fe442703fef42223 : 18321812082165817891
@@@ mem[ 4360] = ccf74ce3fd842783 : 14769358045079414659
@@@ mem[ 4368] = 00178793fe842783 : 6622994164361091
@@@ mem[ 4376] = fe842703fef42423 : 18339826480675300387
@@@ mem[ 4384] = caf74ce3fd842783 : 14625242857003558787
@@@ mem[ 4392] = 00178793fec42783 : 6622994168555395
@@@ mem[ 4400] = fec42703fef42623 : 18357840879184782883
@@@ mem[ 4408] = c8f74ce3fc442783 : 14481127668906731395
@@@ mem[ 4416] = 0000001300000013 : 81604378643
@@@ mem[ 4424] = 0501011304c12403 : 360570626362123267
@@@ mem[ 4432] = fd01011300008067 : 18230853947688517735
@@@ mem[ 4440] = 0281242302112623 : 180465192848664099
@@@ mem[ 4448] = fca42e2303010413 : 18204726321647518739
@@@ mem[ 4456] = fcc42a23fcb42c23 : 18213729127045016611
@@@ mem[ 4464] = 09c0006ffe042623 : 702562022872852003
@@@ mem[ 4472] = 07c0006ffe042423 : 558446834796995619
@@@ mem[ 4480] = 05c0006ffe042223 : 414331646721139235
@@@ mem[ 4488] = 34c080e7fffff097 : 3801179819421462679
@@@ mem[ 4496] = 00f7f79300050793 : 69796529980114835
@@@ mem[ 4504] = 06400713fec42683 : 450367745197090435
@@@ mem[ 4512] = fdc4268302e68733 : 18285782731162289971
@@@ mem[ 4520] = ffb7869300e68633 : 18426344366343095859
@@@ mem[ 4528] = 00070793fe842703 : 1978657048635139
@@@ mem[ 4536] = 00e787b300279793 : 65169922491651987
@@@ mem[ 4544] = 00e787b3fe442703 : 65169926754936579
@@@ mem[ 4552] = 00f607b300279793 : 69251309653956499
@@@ mem[ 4560] = fe44278300d7a023 : 18321812627658350627
@@@ mem[ 4568] = fef4222300178793 : 18371346313671837587
@@@ mem[ 4576] = fd442783fe442703 : 18249755037872170755
@@@ mem[ 4584] = fe842783faf740e3 : 18339827030364209379
@@@ mem[ 4592] = fef4242300178793 : 18371348512695093139
@@@ mem[ 4600] = fd442783fe842703 : 18249755037876365059
@@@ mem[ 4608] = fec42783f8f740e3 : 18357841428840136931
@@@ mem[ 4616] = fef4262300178793 : 18371350711718348691
@@@ mem[ 4624] = fd842783fec42703 : 18267769436390041347
@@@ mem[ 4632] = 00000013f6f740e3 : 85747777763
@@@ mem[ 4640] = 02c1208300000013 : 198475605593817107
@@@ mem[ 4648] = 0301011302812403 : 216455438248518659
@@@ mem[ 4656] = fc01011300008067 : 18158796353650589799
@@@ mem[ 4664] = 02812c2302112e23 : 180473988941688355
@@@ mem[ 4672] = fca42e2304010413 : 18204726321664295955
@@@ mem[ 4680] = fcc42a23fcb42c23 : 18213729127045016611
@@@ mem[ 4688] = fce42623fcd42823 : 18222731928255342627
@@@ mem[ 4696] = 1000006ffe042623 : 1152921985609901603
@@@ mem[ 4704] = 274080e7fffff097 : 2828402299909435543
@@@ mem[ 4712] = 00f7f71300050793 : 69795980224300947
@@@ mem[ 4720] = 00279793fec42783 : 11144185981970307
@@@ mem[ 4728] = 00f687b3fd842683 : 69392051393013379
@@@ mem[ 4736] = 00e7a023ffb70713 : 65196796094646035
@@@ mem[ 4744] = 0b80006ffe042423 : 828662812439225379
@@@ mem[ 4752] = 0980006ffe042223 : 684547624363368995
@@@ mem[ 4760] = 0780006ffe042023 : 540432436287512611
@@@ mem[ 4768] = 234080e7fffff097 : 2540171923757723799
@@@ mem[ 4776] = 00f7f79300050793 : 69796529980114835
@@@ mem[ 4784] = 1f400713fec42683 : 2251807596145288835
@@@ mem[ 4792] = fdc4268302e68733 : 18285782731162289971
@@@ mem[ 4800] = ffb7861300e685b3 : 18426343816587281843
@@@ mem[ 4808] = fe842683fe442783 : 18339825930907953027
@@@ mem[ 4816] = 0027171300078713 : 11002894464026387
@@@ mem[ 4824] = 0006879300f70733 : 1837915306395443
@@@ mem[ 4832] = 00d787b300179793 : 60666322863232915
@@@ mem[ 4840] = 00d787b300379793 : 60666322865330067
@@@ mem[ 4848] = fe04278300f70733 : 18303798229150926643
@@@ mem[ 4856] = 0027979300f707b3 : 11144181723891635
@@@ mem[ 4864] = 00c7a02300f587b3 : 56189592565811123
@@@ mem[ 4872] = 00178793fe042783 : 6622994155972483
@@@ mem[ 4880] = fe042703fef42023 : 18303797683656335395
@@@ mem[ 4888] = f8f742e3fcc42783 : 17939881187619383171
@@@ mem[ 4896] = 00178793fe442783 : 6622994160166787
@@@ mem[ 4904] = fe442703fef42223 : 18321812082165817891
@@@ mem[ 4912] = f6f742e3fcc42783 : 17795765999543527299
@@@ mem[ 4920] = 00178793fe842783 : 6622994164361091
@@@ mem[ 4928] = fe842703fef42423 : 18339826480675300387
@@@ mem[ 4936] = f4f742e3fd442783 : 17651650811476060035
@@@ mem[ 4944] = 00178793fec42783 : 6622994168555395
@@@ mem[ 4952] = fec42703fef42623 : 18357840879184782883
@@@ mem[ 4960] = eef74ee3fd042783 : 17219318441383831427
@@@ mem[ 4968] = 0000001300000013 : 81604378643
@@@ mem[ 4976] = 0381240303c12083 : 252522649475948675
@@@ mem[ 4984] = 0000806704010113 : 141179937161491
@@@ mem[ 4992] = 02812623fd010113 : 180467396081942803
@@@ mem[ 5000] = fca42e2303010413 : 18204726321647518739
@@@ mem[ 5008] = fcc42a23fcb42c23 : 18213729127045016611
@@@ mem[ 5016] = fe042623fcd42823 : 18303796721548011555
@@@ mem[ 5024] = fe0424230c40006f : 18303794518488514671
@@@ mem[ 5032] = fe0422230a40006f : 18303792319431704687
@@@ mem[ 5040] = fec427030840006f : 18357840875045781615
@@@ mem[ 5048] = 02f707b306400793 : 213647972808787859
@@@ mem[ 5056] = 00f70633fdc42703 : 69531139618121475
@@@ mem[ 5064] = fd442783fec42703 : 18249755037880559363
@@@ mem[ 5072] = fd44278302f70733 : 18249755033656035123
@@@ mem[ 5080] = fe84268302f70733 : 18339825926691817267
@@@ mem[ 5088] = 02f687b3fd442783 : 213507239464675203
@@@ mem[ 5096] = fe44278300f70733 : 18321812627660408627
@@@ mem[ 5104] = 0027979300f707b3 : 11144181723891635
@@@ mem[ 5112] = 00f706b3fd042703 : 69531689361352451
@@@ mem[ 5120] = 00070793fe842703 : 1978657048635139
@@@ mem[ 5128] = 00e787b300279793 : 65169922491651987
@@@ mem[ 5136] = 00e787b3fe442703 : 65169926754936579
@@@ mem[ 5144] = 00f607b300279793 : 69251309653956499
@@@ mem[ 5152] = 00f6a0230007a783 : 69418916455622531
@@@ mem[ 5160] = 00178793fe442783 : 6622994160166787
@@@ mem[ 5168] = fe442703fef42223 : 18321812082165817891
@@@ mem[ 5176] = f6f74ce3fd442783 : 17795776994668193667
@@@ mem[ 5184] = 00178793fe842783 : 6622994164361091
@@@ mem[ 5192] = fe842703fef42423 : 18339826480675300387
@@@ mem[ 5200] = f4f74ce3fd442783 : 17651661806592337795
@@@ mem[ 5208] = 00178793fec42783 : 6622994168555395
@@@ mem[ 5216] = fec42703fef42623 : 18357840879184782883
@@@ mem[ 5224] = f2f74ce3fd842783 : 17507546618520676227
@@@ mem[ 5232] = 0000001300000013 : 81604378643
@@@ mem[ 5240] = 0301011302c12403 : 216455438252712963
@@@ mem[ 5248] = 8101011300008067 : 9295712286985453671
@@@ mem[ 5256] = 7e8124237e112623 : 9115606855632102947
@@@ mem[ 5264] = 940101137f010413 : 10664806575836824595
@@@ mem[ 5272] = 2180006ffe042623 : 2413929881273640483
@@@ mem[ 5280] = fef4242300500793 : 18371348512698795923
@@@ mem[ 5288] = fef4222300500793 : 18371346313675540371
@@@ mem[ 5296] = fef4202300500793 : 18371344114652284819
@@@ mem[ 5304] = fcf42e2300200793 : 18227244319736072083
@@@ mem[ 5312] = fcf42c2300100793 : 18227242120711767955
@@@ mem[ 5320] = 00200793fc042a23 : 9015531424459299
@@@ mem[ 5328] = fffff7b7fcf42823 : 18446734968327776291
@@@ mem[ 5336] = ff04071336478793 : 18375820158674896787
@@@ mem[ 5344] = fe04260300f707b3 : 18303796579883485107
@@@ mem[ 5352] = 00078513fe442583 : 2116645753726339
@@@ mem[ 5360] = c64080e700000097 : 14285559747645014167
@@@ mem[ 5368] = 55878793fffff7b7 : 6163043684804720567
@@@ mem[ 5376] = 00f705b3ff040713 : 69530589883270931
@@@ mem[ 5384] = 56c78793fffff7b7 : 6253115677352130487
@@@ mem[ 5392] = 00f707b3ff040713 : 69532788906526483
@@@ mem[ 5400] = fe842683fdc42703 : 18339825930899564291
@@@ mem[ 5408] = 00078513fe442603 : 2116645753726467
@@@ mem[ 5416] = d0c080e700000097 : 15042164485043257495
@@@ mem[ 5424] = 17078793fffff7b7 : 1659444057434224567
@@@ mem[ 5432] = 00f706b3ff040713 : 69531689394898707
@@@ mem[ 5440] = 36478793fffff7b7 : 3911243871119472567
@@@ mem[ 5448] = 00f70633ff040713 : 69531139639084819
@@@ mem[ 5456] = 55878793fffff7b7 : 6163043684804720567
@@@ mem[ 5464] = 00f705b3ff040713 : 69530589883270931
@@@ mem[ 5472] = 56c78793fffff7b7 : 6253115677352130487
@@@ mem[ 5480] = 00f70533ff040713 : 69530040127457043
@@@ mem[ 5488] = 00f12423fd042783 : 67875206374631299
@@@ mem[ 5496] = 00f12223fd442783 : 67873007355570051
@@@ mem[ 5504] = 00f12023fd842783 : 67870808336508803
@@@ mem[ 5512] = fe042803fdc42883 : 18303798783148042371
@@@ mem[ 5520] = fe442703fe842783 : 18321812082158479235
@@@ mem[ 5528] = 378080e7fffff097 : 3999338203025764503
@@@ mem[ 5536] = fef4242300500793 : 18371348512698795923
@@@ mem[ 5544] = fef4222300500793 : 18371346313675540371
@@@ mem[ 5552] = fef4202300400793 : 18371344114651236243
@@@ mem[ 5560] = fcf42e2300200793 : 18227244319736072083
@@@ mem[ 5568] = fcf42c2300200793 : 18227242120712816531
@@@ mem[ 5576] = fc042623fc042a23 : 18159681533458524707
@@@ mem[ 5584] = 36478793fffff7b7 : 3911243871119472567
@@@ mem[ 5592] = 00f705b3ff040713 : 69530589883270931
@@@ mem[ 5600] = 17078793fffff7b7 : 1659444057434224567
@@@ mem[ 5608] = 00f70533ff040713 : 69530040127457043
@@@ mem[ 5616] = fd442803fcc42883 : 18249755587602819203
@@@ mem[ 5624] = fdc42703fd842783 : 18285783285122738051
@@@ mem[ 5632] = fe442603fe042683 : 18321810982638462595
@@@ mem[ 5640] = 770080e7fffff097 : 8574995424434188439
@@@ mem[ 5648] = fffff7b7f3440713 : 18446734968165238547
@@@ mem[ 5656] = ff04069336478793 : 18375819608919082899
@@@ mem[ 5664] = 0007069300f687b3 : 1977553283090355
@@@ mem[ 5672] = 0050059300100613 : 22524127056234003
@@@ mem[ 5680] = 0000009700078513 : 648540554515
@@@ mem[ 5688] = 00500793d4c080e7 : 22526329647825127
@@@ mem[ 5696] = 00500793fcf42423 : 22526330322297891
@@@ mem[ 5704] = fc042023fcf42223 : 18159674936404484643
@@@ mem[ 5712] = fc842583f3440793 : 18195709643135911827
@@@ mem[ 5720] = fffff09700078513 : 18446727130064061715
@@@ mem[ 5728] = f48407130d4080e7 : 17619215420588327143
@@@ mem[ 5736] = fc442683f5c40793 : 18177696344180000659
@@@ mem[ 5744] = 00070593fc842603 : 1976457991824899
@@@ mem[ 5752] = fffff09700078513 : 18446727130064061715
@@@ mem[ 5760] = f204069312c080e7 : 17439070885829968103
@@@ mem[ 5768] = f4840593f3440613 : 17619213775179875859
@@@ mem[ 5776] = fc042803f5c40513 : 18159683594937959699
@@@ mem[ 5784] = fc842703fc442783 : 18195711292554356611
@@@ mem[ 5792] = ed8080e7fffff097 : 17113820317928648855
@@@ mem[ 5800] = 00178793fec42783 : 6622994168555395
@@@ mem[ 5808] = fec42703fef42623 : 18357840879184782883
@@@ mem[ 5816] = dee7d2e300200793 : 16062038468441671571
@@@ mem[ 5824] = 0007851300000793 : 2116641487849363
@@@ mem[ 5832] = 7ec120836c010113 : 9133617268108886291
@@@ mem[ 5840] = 7f0101137e812403 : 9151597101031957507
@@@ mem[ 5848] = 00f0031300008067 : 67557374549852263
@@@ mem[ 5856] = 02c37e6300050713 : 199141772201625363
@@@ mem[ 5864] = 0a07906300f77793 : 722705020108634003
@@@ mem[ 5872] = ff06769308059263 : 18376505703398740579
@@@ mem[ 5880] = 00e686b300f67613 : 64887348016870931
@@@ mem[ 5888] = 00b7222300b72023 : 51547454469251107
@@@ mem[ 5896] = 00b7262300b72423 : 51551852515763235
@@@ mem[ 5904] = fed766e301070713 : 18363259130787333907
@@@ mem[ 5912] = 0000806700061463 : 141179870385251
@@@ mem[ 5920] = 0026969340c306b3 : 10861608305886899
@@@ mem[ 5928] = 005686b300000297 : 24354951354385047
@@@ mem[ 5936] = 00b7072300c68067 : 51517767656308839
@@@ mem[ 5944] = 00b7062300b706a3 : 51516668143666851
@@@ mem[ 5952] = 00b7052300b705a3 : 51515568632038819
@@@ mem[ 5960] = 00b7042300b704a3 : 51514469120410787
@@@ mem[ 5968] = 00b7032300b703a3 : 51513369608782755
@@@ mem[ 5976] = 00b7022300b702a3 : 51512270097154723
@@@ mem[ 5984] = 00b7012300b701a3 : 51511170585526691
@@@ mem[ 5992] = 00b7002300b700a3 : 51510071073898659
@@@ mem[ 6000] = 0ff5f59300008067 : 1150095291572060263
@@@ mem[ 6008] = 00d5e5b300859693 : 60206727010031251
@@@ mem[ 6016] = 00d5e5b301059693 : 60206727018419859
@@@ mem[ 6024] = 00279693f6dff06f : 11143086337945711
@@@ mem[ 6032] = 005686b300000297 : 24354951354385047
@@@ mem[ 6040] = fa0680e700008293 : 18016229088968082067
@@@ mem[ 6048] = ff07879300028093 : 18376805869938704531
@@@ mem[ 6056] = 00f6063340f70733 : 69249661473851187
@@@ mem[ 6064] = f3dff06ff6c378e3 : 17573028634695006435
@@@
@@@ mem[ 6144] = 0000400000001824 : 70368744183844
@@@ mem[ 6152] = 000000000000248b : 9355
@@@
@@@ mem[61688] = ffffffbc00000000 : 18446743781651775488
@@@
@@@ mem[61704] = 0000f15000000002 : 265325899677698
@@@ mem[61712] = 0000000000000004 : 4
@@@ mem[61720] = 0000000500000005 : 21474836485
@@@ mem[61728] = 0000ff340000ff20 : 280598803447584
@@@ mem[61736] = 0000ff5c0000ff48 : 280770602139464
@@@ mem[61744] = 0000000100000002 : 4294967298
@@@ mem[61752] = 0000000500000005 : 21474836485
@@@
@@@ mem[61768] = 000016a800010000 : 24910810382336
@@@ mem[61776] = 0000000000000001 : 1
@@@ mem[61784] = 0000000000000002 : 2
@@@ mem[61792] = 0000006b0000009a : 459561500826
@@@
@@@ mem[61808] = 0000009e00000000 : 678604832768
@@@ mem[61816] = 0000000000000027 : 39
@@@
@@@ mem[61888] = 000000aa00000000 : 730144440320
@@@ mem[61896] = 0000000000000188 : 392
@@@
@@@ mem[61912] = 00000183000000bf : 1662152343743
@@@
@@@ mem[61992] = 00000059ffffffdc : 386547056604
@@@
@@@ mem[62008] = 0000004900000000 : 313532612608
@@@ mem[62016] = 000000000000009f : 159
@@@
@@@ mem[62088] = 000000bb00000000 : 803158884352
@@@ mem[62096] = 0000000000000100 : 256
@@@
@@@ mem[62112] = 0000009600000030 : 644245094448
@@@
@@@ mem[62192] = ffffffccffffff98 : 18446743854666219416
@@@
@@@ mem[62208] = 0000002800000000 : 171798691840
@@@ mem[62216] = 0000000000000091 : 145
@@@
@@@ mem[62288] = 0000009e00000000 : 678604832768
@@@ mem[62296] = 00000003fffffffb : 17179869179
@@@ mem[62304] = 00000005ffffffff : 25769803775
@@@ mem[62312] = 0000000100000008 : 4294967304
@@@ mem[62320] = 0000000000000006 : 6
@@@ mem[62328] = fffffffcfffffffd : 18446744060824649725
@@@ mem[62336] = 0000000700000003 : 30064771075
@@@ mem[62344] = fffffffe00000001 : 18446744065119617025
@@@ mem[62352] = fffffffbfffffffc : 18446744056529682428
@@@ mem[62360] = ffffffff00000003 : 18446744069414584323
@@@ mem[62368] = 0000000000000005 : 5
@@@ mem[62376] = 00000004fffffffd : 21474836477
@@@ mem[62384] = 00000005ffffffff : 25769803775
@@@ mem[62392] = 0000000500000188 : 21474836872
@@@ mem[62400] = 0000000100000008 : 4294967304
@@@ mem[62408] = fffffffcfffffffe : 18446744060824649726
@@@ mem[62416] = 0000000700000003 : 30064771075
@@@ mem[62424] = 0000000200000009 : 8589934601
@@@ mem[62432] = 0000000800000006 : 34359738374
@@@ mem[62440] = 0000000600000001 : 25769803777
@@@ mem[62448] = 0000000900000008 : 38654705672
@@@ mem[62456] = 000000020000000a : 8589934602
@@@ mem[62464] = fffffffcfffffffe : 18446744060824649726
@@@ mem[62472] = 00000003fffffffb : 17179869179
@@@ mem[62480] = 0000000100000007 : 4294967303
@@@ mem[62488] = 0000009ffffffffe : 687194767358
@@@ mem[62496] = ffffffff00000003 : 18446744069414584323
@@@ mem[62504] = 00000004fffffffd : 21474836477
@@@ mem[62512] = 00000005ffffffff : 25769803775
@@@ mem[62520] = 0000000500000000 : 21474836480
@@@ mem[62528] = 0000000100000008 : 4294967304
@@@ mem[62536] = 0000000000000006 : 6
@@@ mem[62544] = 0000000800000005 : 34359738373
@@@ mem[62552] = fffffffe00000001 : 18446744065119617025
@@@ mem[62560] = 0000000700000004 : 30064771076
@@@ mem[62568] = 0000000600000001 : 25769803777
@@@ mem[62576] = 0000000100000008 : 4294967304
@@@ mem[62584] = 0000000800000006 : 34359738374
@@@ mem[62592] = 0000000a00000100 : 42949673216
@@@ mem[62600] = 000000020000000a : 8589934602
@@@ mem[62608] = fffffffcfffffffe : 18446744060824649726
@@@ mem[62616] = ffffffff00000003 : 18446744069414584323
@@@ mem[62624] = fffffffcfffffffd : 18446744060824649725
@@@ mem[62632] = 00000003fffffffb : 17179869179
@@@ mem[62640] = 00000005ffffffff : 25769803775
@@@ mem[62648] = 0000000900000008 : 38654705672
@@@ mem[62656] = fffffffe00000002 : 18446744065119617026
@@@ mem[62664] = 0000000700000004 : 30064771076
@@@ mem[62672] = 0000000200000009 : 8589934601
@@@ mem[62680] = fffffffcfffffffe : 18446744060824649726
@@@ mem[62688] = 00000091fffffffb : 627065225211
@@@ mem[62696] = 00000003fffffffb : 17179869179
@@@ mem[62704] = 00000005ffffffff : 25769803775
@@@ mem[62712] = 0000000500000000 : 21474836480
@@@ mem[62720] = fffffffd00000000 : 18446744060824649728
@@@ mem[62728] = 00000003fffffffc : 17179869180
@@@ mem[62736] = 0000000100000007 : 4294967303
@@@ mem[62744] = 0000000000000006 : 6
@@@ mem[62752] = 00000004fffffffd : 21474836477
@@@ mem[62760] = fffffffdffffffff : 18446744065119617023
@@@ mem[62768] = ffffffff00000004 : 18446744069414584324
@@@ mem[62776] = 0000000000000005 : 5
@@@ mem[62784] = 0000000800000005 : 34359738373
@@@ mem[62792] = 0000000900000009 : 38654705673
@@@ mem[62800] = 00000003fffffffb : 17179869179
@@@ mem[62808] = 00000002ffffffff : 12884901887
@@@ mem[62816] = 0000000000000006 : 6
@@@
@@@ mem[62832] = fffffffd00000000 : 18446744060824649728
@@@
@@@ mem[62912] = fffffffbfffffffc : 18446744056529682428
@@@
@@@ mem[62928] = 0000000300000000 : 12884901888
@@@ mem[62936] = 0000000000000007 : 7
@@@
@@@ mem[63008] = 0000000100000000 : 4294967296
@@@ mem[63016] = 0000000000000006 : 6
@@@
@@@ mem[63032] = 0000000500000000 : 21474836480
@@@
@@@ mem[63112] = 0000000100000008 : 4294967304
@@@
@@@ mem[63128] = fffffffe00000000 : 18446744065119617024
@@@ mem[63136] = 00000000fffffffc : 4294967292
@@@
@@@ mem[63208] = fffffffb00000000 : 18446744052234715136
@@@ mem[63216] = 00000000fffffffb : 4294967291
@@@
@@@ mem[63232] = 0000000700000003 : 30064771075
@@@
@@@ mem[63312] = 0000000a0000000a : 42949672970
@@@
@@@ mem[63328] = 0000000a00000000 : 42949672960
@@@ mem[63336] = 000000000000000a : 10
@@@
@@@ mem[63408] = 0000000a00000000 : 42949672960
@@@ mem[63416] = 000000000000000a : 10
@@@
@@@ mem[63432] = 0000000a0000000a : 42949672970
@@@
@@@ mem[63512] = 0000000a0000000a : 42949672970
@@@
@@@ mem[63528] = 0000000200000000 : 8589934592
@@@ mem[63536] = 0000000000000006 : 6
@@@
@@@ mem[63608] = 0000000800000000 : 34359738368
@@@ mem[63616] = 0000000000000001 : 1
@@@
@@@ mem[63632] = fffffffcfffffffe : 18446744060824649726
@@@
@@@ mem[63712] = fffffffbfffffffb : 18446744056529682427
@@@
@@@ mem[63728] = fffffffb00000000 : 18446744052234715136
@@@ mem[63736] = 00000000fffffffb : 4294967291
@@@
@@@ mem[63808] = 0000000300000000 : 12884901888
@@@ mem[63816] = 00000000ffffffff : 4294967295
@@@
@@@ mem[63832] = 0000000000000005 : 5
@@@
@@@ mem[63912] = 0000000800000005 : 34359738373
@@@
@@@ mem[63928] = 0000000900000000 : 38654705664
@@@ mem[63936] = 000000000000000a : 10
@@@
@@@ mem[64008] = 0000000200000000 : 8589934592
@@@ mem[64016] = 00000000fffffffe : 4294967294
@@@
@@@ mem[64032] = 00000003fffffffc : 17179869180
@@@
@@@ mem[64112] = fffffffdffffffff : 18446744065119617023
@@@
@@@ mem[64128] = 0000000400000000 : 17179869184
@@@ mem[64136] = 00000000ffffffff : 4294967295
@@@
@@@ mem[64208] = 0000000500000000 : 21474836480
@@@
@@@ mem[64232] = fffffffcfffffffd : 18446744060824649725
@@@
@@@ mem[64312] = fffffffdffffffff : 18446744065119617023
@@@
@@@ mem[64328] = 0000000400000000 : 17179869184
@@@ mem[64336] = 0000000000000007 : 7
@@@
@@@ mem[64408] = 0000000100000000 : 4294967296
@@@ mem[64416] = 00000000fffffffe : 4294967294
@@@
@@@ mem[64432] = 0000000700000004 : 30064771076
@@@
@@@ mem[64512] = 0000000200000009 : 8589934601
@@@
@@@ mem[64528] = 0000000600000000 : 25769803776
@@@ mem[64536] = 0000000000000008 : 8
@@@
@@@ mem[64608] = 0000000900000000 : 38654705664
@@@ mem[64616] = 0000000000000002 : 2
@@@
@@@ mem[64632] = 0000000000000006 : 6
@@@
@@@ mem[64712] = fffffffcfffffffd : 18446744060824649725
@@@
@@@ mem[64728] = fffffffb00000000 : 18446744052234715136
@@@ mem[64736] = 0000000000000003 : 3
@@@
@@@ mem[64808] = 0000000500000000 : 21474836480
@@@ mem[64816] = 0000000000000008 : 8
@@@
@@@ mem[64832] = 0000000a00000009 : 42949672969
@@@
@@@ mem[64912] = 000000020000000a : 8589934602
@@@
@@@ mem[64928] = fffffffe00000000 : 18446744065119617024
@@@ mem[64936] = 00000000fffffffc : 4294967292
@@@
@@@ mem[65008] = fffffffb00000000 : 18446744052234715136
@@@ mem[65016] = 00000000fffffffb : 4294967291
@@@
@@@ mem[65032] = fffffffbfffffffb : 18446744056529682427
@@@
@@@ mem[65112] = fffffffbfffffffb : 18446744056529682427
@@@
@@@ mem[65128] = fffffffb00000000 : 18446744052234715136
@@@ mem[65136] = 0000000000000003 : 3
@@@
@@@ mem[65208] = 0000000700000000 : 30064771072
@@@ mem[65216] = 0000000000000009 : 9
@@@
@@@ mem[65232] = 0000000600000002 : 25769803778
@@@
@@@ mem[65312] = 000000000000000c : 12
@@@ mem[65320] = 000000000000007c : 124
@@@ mem[65328] = 0000000800000000 : 34359738368
@@@ mem[65336] = fffffffe00000001 : 18446744065119617025
@@@ mem[65344] = fffffffbfffffffc : 18446744056529682428
@@@ mem[65352] = 00000007fffffffb : 34359738363
@@@ mem[65360] = fffffffb0000000a : 18446744052234715146
@@@ mem[65368] = 0000000300000000 : 12884901888
@@@ mem[65376] = 0000000100000007 : 4294967303
@@@ mem[65384] = 00000004fffffffe : 21474836478
@@@ mem[65392] = 0000000600000001 : 25769803777
@@@ mem[65400] = 0000000900000008 : 38654705672
@@@ mem[65408] = 0000000a0000000a : 42949672970
@@@ mem[65416] = 000000020000000a : 8589934602
@@@ mem[65424] = fffffffcfffffffe : 18446744060824649726
@@@ mem[65432] = ffffffff00000003 : 18446744069414584323
@@@ mem[65440] = 0000000000000005 : 5
@@@ mem[65448] = fffffffd00000005 : 18446744060824649733
@@@ mem[65456] = 0000000700000004 : 30064771076
@@@ mem[65464] = 0000000600000001 : 25769803777
@@@ mem[65472] = 0000000500000000 : 21474836480
@@@ mem[65480] = 0000000000000005 : 5
@@@ mem[65488] = 0000000000000002 : 2
@@@ mem[65496] = 0000000200000002 : 8589934594
@@@ mem[65504] = 0000000500000004 : 21474836484
@@@ mem[65512] = 0000000300000005 : 12884901893
@@@
@@@ mem[65528] = 000000a000000000 : 687194767360
@@@
@@@ System halted on WFI instruction
@@@
