@@@ Unified Memory contents hex on left, decimal on right: 
@@@
@@@ mem[    0] = 0000009700000013 : 648540061715
@@@ mem[    8] = 0001011709c08093 : 282673436197011
@@@ mem[   16] = 00010413ff410113 : 285958910050579
@@@ mem[   24] = c681819300001197 : 14303856359865586071
@@@ mem[   32] = 0000029300000213 : 2830383448595
@@@ mem[   40] = 0000039300000313 : 3929895076627
@@@ mem[   48] = 0000051300000493 : 5579162518675
@@@ mem[   56] = 0000061300000593 : 6678674146707
@@@ mem[   64] = 0000071300000693 : 7778185774739
@@@ mem[   72] = 0000081300000793 : 8877697402771
@@@ mem[   80] = 0000091300000893 : 9977209030803
@@@ mem[   88] = 00000a1300000993 : 11076720658835
@@@ mem[   96] = 00000b1300000a93 : 12176232286867
@@@ mem[  104] = 00000c1300000b93 : 13275743914899
@@@ mem[  112] = 00000d1300000c93 : 14375255542931
@@@ mem[  120] = 00000e1300000d93 : 15474767170963
@@@ mem[  128] = 00000f1300000e93 : 16574278798995
@@@ mem[  136] = 3840006f00000f93 : 4053240141374820243
@@@
@@@ mem[  160] = f601011300010117 : 17726450789423055127
@@@ mem[  168] = 00000013fea12c23 : 85876354083
@@@ mem[  176] = fe01011310500073 : 18302911542000091251
@@@ mem[  184] = 0201041300812e23 : 144401142711922211
@@@ mem[  192] = feb42423fea42623 : 18353334118456239651
@@@ mem[  200] = fec42783fec42223 : 18357841428937450019
@@@ mem[  208] = fec427030607c263 : 18357840875008541283
@@@ mem[  216] = 04e7cc6300200793 : 353475821347800979
@@@ mem[  224] = 0407c863fe842783 : 290421032786077571
@@@ mem[  232] = 00200793fe842703 : 9015531466401539
@@@ mem[  240] = fec4270304e7c263 : 18357840874989666915
@@@ mem[  248] = 0017979300070793 : 6640582080792467
@@@ mem[  256] = 0027979300e787b3 : 11144181722875827
@@@ mem[  264] = fe44278300078713 : 18321812627644712723
@@@ mem[  272] = fe84278300e78733 : 18339827026168874803
@@@ mem[  280] = 00f707b300279793 : 69532784630667155
@@@ mem[  288] = fff007930007a703 : 18442248802024269571
@@@ mem[  296] = 0010079300f71663 : 4511927585150563
@@@ mem[  304] = 000007930080006f : 8327949975663
@@@ mem[  312] = 01c1240300078513 : 126421859847079187
@@@ mem[  320] = 0000806702010113 : 141179903607059
@@@ mem[  328] = 06112e23f8010113 : 437181370851197203
@@@ mem[  336] = 0801041306812c23 : 576746707040152611
@@@ mem[  344] = 05c0006ffe042623 : 414331646721140259
@@@ mem[  352] = 03c0006ffe042423 : 270216458645283875
@@@ mem[  360] = 00070793fec42703 : 1978657052829443
@@@ mem[  368] = 00e787b300179793 : 65169922490603411
@@@ mem[  376] = 00e787b3fe842703 : 65169926759130883
@@@ mem[  384] = ff04071300279793 : 18375820157766834067
@@@ mem[  392] = fff0071300f707b3 : 18442248252284143539
@@@ mem[  400] = fe842783fce7aa23 : 18339827030396742179
@@@ mem[  408] = fef4242300178793 : 18371348512695093139
@@@ mem[  416] = 00200793fe842703 : 9015531466401539
@@@ mem[  424] = fec42783fce7d0e3 : 18357841428906234083
@@@ mem[  432] = fef4262300178793 : 18371350711718348691
@@@ mem[  440] = 00200793fec42703 : 9015531470595843
@@@ mem[  448] = 000007b7fae7d0e3 : 8486769905891
@@@ mem[  456] = 0007a88348078793 : 2155606639609747
@@@ mem[  464] = 0087a5030047a803 : 38180554164119555
@@@ mem[  472] = 0107a60300c7a583 : 74210450703099267
@@@ mem[  480] = 0187a7030147a683 : 110240347242079875
@@@ mem[  488] = fb14222301c7a783 : 18092123136803186563
@@@ mem[  496] = faa42623fb042423 : 18060602341639595043
@@@ mem[  504] = fac42a23fab42823 : 18069613938935605283
@@@ mem[  512] = fae42e23fad42c23 : 18078625536238955555
@@@ mem[  520] = 000007b7fcf42023 : 8486804267043
@@@ mem[  528] = 0007a8834a078793 : 2155606673164179
@@@ mem[  536] = 0087a5030047a803 : 38180554164119555
@@@ mem[  544] = 0107a60300c7a583 : 74210450703099267
@@@ mem[  552] = 0187a7030147a683 : 110240347242079875
@@@ mem[  560] = f914222301c7a783 : 17948007948727330691
@@@ mem[  568] = f8a42623f9042423 : 17916487153530184739
@@@ mem[  576] = f8c42a23f8b42823 : 17925498750826194979
@@@ mem[  584] = f8e42e23f8d42c23 : 17934510348129545251
@@@ mem[  592] = fc042223faf42023 : 18159677135394185251
@@@ mem[  600] = fa440713f8440793 : 18033546590249289619
@@@ mem[  608] = 00100613fc440693 : 4510282533832339
@@@ mem[  616] = 0000051300000593 : 5579162518931
@@@ mem[  624] = 030080e700000097 : 216314511739584663
@@@ mem[  632] = 0007966300050793 : 2135676783232915
@@@ mem[  640] = 0080006f00000793 : 36029273760335763
@@@ mem[  648] = 0007851300100793 : 2116641488897939
@@@ mem[  656] = 0781240307c12083 : 540753025694769283
@@@ mem[  664] = 0000806708010113 : 141180004270355
@@@ mem[  672] = 02112e23fc010113 : 148950994766594323
@@@ mem[  680] = 0401041302812c23 : 288516330821332003
@@@ mem[  688] = fcb42c23fca42e23 : 18209227726439853603
@@@ mem[  696] = fcd42823fcc42a23 : 18218230527650179619
@@@ mem[  704] = fcf42423fce42623 : 18227233328860505635
@@@ mem[  712] = 00900793fd442703 : 40540728837023491
@@@ mem[  720] = 0010079300f71663 : 4511927585150563
@@@ mem[  728] = fe0426231240006f : 18303796717612433519
@@@ mem[  736] = fec4278310c0006f : 18357841424944201839
@@@ mem[  744] = fcc4270300279793 : 18213725686834108307
@@@ mem[  752] = 0007a78300f707b3 : 2154505935718323
@@@ mem[  760] = 00f707b3fdc42703 : 69532788885563139
@@@ mem[  768] = fec42783fef42423 : 18357841428940596259
@@@ mem[  776] = fc84270300279793 : 18195711288324626323
@@@ mem[  784] = 0007a78300f707b3 : 2154505935718323
@@@ mem[  792] = 00f707b3fd842703 : 69532788881368835
@@@ mem[  800] = fd042603fef42223 : 18231738990106780195
@@@ mem[  808] = fe842503fe442583 : 18339824281640510851
@@@ mem[  816] = d84080e700000097 : 15582596440327717015
@@@ mem[  824] = 0a07826300050793 : 722689626929956755
@@@ mem[  832] = 00070793fe842703 : 1978657048635139
@@@ mem[  840] = 00e787b300179793 : 65169922490603411
@@@ mem[  848] = 0007871300279793 : 2118840513697683
@@@ mem[  856] = 00e78733fd042783 : 65169376978151299
@@@ mem[  864] = 00279793fe442783 : 11144185973581699
@@@ mem[  872] = fd44270300f707b3 : 18249754483866666931
@@@ mem[  880] = fd44278300e7a023 : 18249755033621471267
@@@ mem[  888] = fc84278300178613 : 18195711838079387155
@@@ mem[  896] = fd042683fcc42703 : 18231739539825895171
@@@ mem[  904] = fe842503fe442583 : 18339824281640510851
@@@ mem[  912] = f10080e700000097 : 17366021892766433431
@@@ mem[  920] = 0010079300050713 : 4511927569286931
@@@ mem[  928] = 0010079300f71663 : 4511927585150563
@@@ mem[  936] = fe8427030540006f : 18339826476485967983
@@@ mem[  944] = 0017979300070793 : 6640582080792467
@@@ mem[  952] = 0027979300e787b3 : 11144181722875827
@@@ mem[  960] = fd04278300078713 : 18231740635097302803
@@@ mem[  968] = fe44278300e78733 : 18321812627659392819
@@@ mem[  976] = 00f707b300279793 : 69532784630667155
@@@ mem[  984] = 00e7a023fff00713 : 65196796098381587
@@@ mem[  992] = 00178793fec42783 : 6622994168555395
@@@ mem[ 1000] = fec42703fef42623 : 18357840879184782883
@@@ mem[ 1008] = eee7d8e300700793 : 17214966570123528083
@@@ mem[ 1016] = 0007851300000793 : 2116641487849363
@@@ mem[ 1024] = 0381240303c12083 : 252522649475948675
@@@ mem[ 1032] = 0000806704010113 : 141179937161491
@@@ mem[ 1040] = 00112623ff010113 : 4827010648047891
@@@ mem[ 1048] = 0101041300812423 : 72343548673991715
@@@ mem[ 1056] = d28080e700000097 : 15168265274609631383
@@@ mem[ 1064] = 0007851300000793 : 2116641487849363
@@@ mem[ 1072] = 0081240300c12083 : 36349867311833219
@@@ mem[ 1080] = 0000806701010113 : 141179886829843
@@@
@@@ mem[ 1152] = 0000000100000002 : 4294967298
@@@ mem[ 1160] = fffffffeffffffff : 18446744069414584319
@@@ mem[ 1168] = fffffffffffffffe : 18446744073709551614
@@@ mem[ 1176] = 0000000200000001 : 8589934593
@@@ mem[ 1184] = 0000000200000001 : 8589934593
@@@ mem[ 1192] = 0000000100000002 : 4294967298
@@@ mem[ 1200] = fffffffeffffffff : 18446744069414584319
@@@ mem[ 1208] = fffffffffffffffe : 18446744073709551614
@@@
@@@ mem[64848] = 0000ffb400000000 : 281148559196160
@@@ mem[64856] = 0000000400000000 : 17179869184
@@@
@@@ mem[64872] = 0000fdb000000000 : 278932356071424
@@@
@@@ mem[64888] = 0000ff940000ff74 : 281011120308084
@@@ mem[64896] = 000000080000ffb4 : 34359803828
@@@ mem[64904] = 0000000200000001 : 8589934593
@@@
@@@ mem[64920] = 0000000800000004 : 34359738372
@@@
@@@ mem[64936] = 000003980000fdf0 : 3951369977328
@@@
@@@ mem[64952] = 0000ff940000ff74 : 281011120308084
@@@ mem[64960] = 000000070000ffb4 : 30064836532
@@@ mem[64968] = 0000000000000002 : 2
@@@ mem[64976] = 0000ffb400000000 : 281148559196160
@@@ mem[64984] = 00000003ffffffff : 17179869183
@@@
@@@ mem[65000] = 0000fe300000fe30 : 279482111950384
@@@
@@@ mem[65016] = 0000ff940000ff74 : 281011120308084
@@@ mem[65024] = 000000060000ffb4 : 25769869236
@@@ mem[65032] = 0000000100000000 : 4294967296
@@@ mem[65040] = 0000ffb400000000 : 281148559196160
@@@ mem[65048] = 0000000400000001 : 17179869185
@@@
@@@ mem[65064] = 0000fe700000fe70 : 279756989857392
@@@
@@@ mem[65080] = 0000ff940000ff74 : 281011120308084
@@@ mem[65088] = 000000050000ffb4 : 21474901940
@@@ mem[65096] = 0000000200000002 : 8589934594
@@@ mem[65104] = 0000ffb400000000 : 281148559196160
@@@ mem[65112] = 0000000200000000 : 8589934592
@@@
@@@ mem[65128] = 0000feb00000feb0 : 280031867764400
@@@
@@@ mem[65144] = 0000ff940000ff74 : 281011120308084
@@@ mem[65152] = 000000040000ffb4 : 17179934644
@@@ mem[65160] = 0000000000000001 : 1
@@@ mem[65168] = 0000ffb400000000 : 281148559196160
@@@ mem[65176] = 00000004ffffffff : 21474836479
@@@
@@@ mem[65192] = 0000fef00000fef0 : 280306745671408
@@@
@@@ mem[65208] = 0000ff940000ff74 : 281011120308084
@@@ mem[65216] = 000000030000ffb4 : 12884967348
@@@ mem[65224] = 0000000200000000 : 8589934592
@@@ mem[65232] = 0000ffb400000000 : 281148559196160
@@@ mem[65240] = 0000000300000001 : 12884901889
@@@
@@@ mem[65256] = 0000ff300000ff30 : 280581623578416
@@@
@@@ mem[65272] = 0000ff940000ff74 : 281011120308084
@@@ mem[65280] = 000000020000ffb4 : 8590000052
@@@ mem[65288] = 0000000100000002 : 4294967298
@@@ mem[65296] = 0000ffb400000000 : 281148559196160
@@@ mem[65304] = 00000002ffffffff : 12884901887
@@@
@@@ mem[65320] = 0000ff700000ff70 : 280856501485424
@@@
@@@ mem[65336] = 0000ff940000ff74 : 281011120308084
@@@ mem[65344] = 000000010000ffb4 : 4295032756
@@@
@@@ mem[65360] = ffffffff00000000 : 18446744069414584320
@@@ mem[65368] = 0000000800000002 : 34359738370
@@@
@@@ mem[65384] = 000002780000fff0 : 2714419396592
@@@ mem[65392] = 0000000100000000 : 4294967296
@@@ mem[65400] = 0000000200000002 : 8589934594
@@@ mem[65408] = ffffffff00000001 : 18446744069414584321
@@@ mem[65416] = fffffffefffffffe : 18446744069414584318
@@@ mem[65424] = 00000002ffffffff : 12884901887
@@@ mem[65432] = ffffffff00000001 : 18446744069414584321
@@@ mem[65440] = fffffffefffffffe : 18446744069414584318
@@@ mem[65448] = 00000001ffffffff : 8589934591
@@@ mem[65456] = 0000000000000002 : 2
@@@ mem[65464] = ffffffffffffffff : 18446744073709551615
@@@ mem[65472] = ffffffffffffffff : 18446744073709551615
@@@ mem[65480] = ffffffffffffffff : 18446744073709551615
@@@ mem[65488] = ffffffffffffffff : 18446744073709551615
@@@ mem[65496] = 0000000300000003 : 12884901891
@@@
@@@ mem[65512] = 0000042800010000 : 4569845268480
@@@
@@@ mem[65528] = 000000a000000000 : 687194767360
@@@
@@@ System halted on WFI instruction
@@@
