@@@ Unified Memory contents hex on left, decimal on right: 
@@@
@@@ mem[    0] = 0000009700000013 : 648540061715
@@@ mem[    8] = 0001011709c08093 : 282673436197011
@@@ mem[   16] = 00010413ff410113 : 285958910050579
@@@ mem[   24] = ec81819300001197 : 17042044933306847639
@@@ mem[   32] = 0000029300000213 : 2830383448595
@@@ mem[   40] = 0000039300000313 : 3929895076627
@@@ mem[   48] = 0000051300000493 : 5579162518675
@@@ mem[   56] = 0000061300000593 : 6678674146707
@@@ mem[   64] = 0000071300000693 : 7778185774739
@@@ mem[   72] = 0000081300000793 : 8877697402771
@@@ mem[   80] = 0000091300000893 : 9977209030803
@@@ mem[   88] = 00000a1300000993 : 11076720658835
@@@ mem[   96] = 00000b1300000a93 : 12176232286867
@@@ mem[  104] = 00000c1300000b93 : 13275743914899
@@@ mem[  112] = 00000d1300000c93 : 14375255542931
@@@ mem[  120] = 00000e1300000d93 : 15474767170963
@@@ mem[  128] = 00000f1300000e93 : 16574278798995
@@@ mem[  136] = 4480006f00000f93 : 4935945668339437459
@@@
@@@ mem[  160] = f601011300010117 : 17726450789423055127
@@@ mem[  168] = 00000013fea12c23 : 85876354083
@@@ mem[  176] = fd01011310500073 : 18230853947962163315
@@@ mem[  184] = 0281242302112623 : 180465192848664099
@@@ mem[  192] = fca42e2303010413 : 18204726321647518739
@@@ mem[  200] = 000007b7fdc42703 : 8486817900291
@@@ mem[  208] = 00f76a6372078793 : 69641294594934675
@@@ mem[  216] = 72078793000047b7 : 8216685110590719927
@@@ mem[  224] = 00e7f863fdc42703 : 65293827963102979
@@@ mem[  232] = 0000009700100513 : 648541111571
@@@ mem[  240] = fdc42783fb4080e7 : 18285783834840563943
@@@ mem[  248] = fef42423ff878793 : 18371348516980623251
@@@ mem[  256] = 7287a783000047b7 : 8252749023262295991
@@@ mem[  264] = 03c0006ffef42623 : 270216458661013027
@@@ mem[  272] = 0007a783fec42783 : 2154510193796995
@@@ mem[  280] = 02f76063fec42703 : 213745489915684611
@@@ mem[  288] = fec42783fe842703 : 18357841428933256963
@@@ mem[  296] = fec4278302e7ee63 : 18357841424711937635
@@@ mem[  304] = fe8427030007a783 : 18339826476398389123
@@@ mem[  312] = fec4278302f76663 : 18357841424712951395
@@@ mem[  320] = fef426230007a783 : 18371350711717308291
@@@ mem[  328] = fec42783fe842703 : 18357841428933256963
@@@ mem[  336] = fec42783fce7f0e3 : 18357841428906242275
@@@ mem[  344] = fe8427030007a783 : 18339826476398389123
@@@ mem[  352] = fe842783faf778e3 : 18339827030364223715
@@@ mem[  360] = 003797930047a783 : 15647781339768707
@@@ mem[  368] = 00f70733fe842703 : 69532239142332163
@@@ mem[  376] = 0007a783fec42783 : 2154510193796995
@@@ mem[  384] = fe84278302f71e63 : 18339827026203450979
@@@ mem[  392] = fec427830047a703 : 18357841424667879171
@@@ mem[  400] = 0047a7830007a783 : 20168904429512579
@@@ mem[  408] = fe84278300f70733 : 18339827026169890611
@@@ mem[  416] = fec4278300e7a223 : 18357841424678363683
@@@ mem[  424] = 0007a7030007a783 : 2153956164216707
@@@ mem[  432] = 00e7a023fe842783 : 65196796074534787
@@@ mem[  440] = fec427830140006f : 18357841424684154991
@@@ mem[  448] = fe8427830007a703 : 18339827026154202883
@@@ mem[  456] = fec4278300e7a023 : 18357841424678363171
@@@ mem[  464] = 003797930047a783 : 15647781339768707
@@@ mem[  472] = 00f707b3fec42703 : 69532788902340355
@@@ mem[  480] = 02f71a63fe842703 : 213668524097545987
@@@ mem[  488] = 0047a703fec42783 : 20168358947465091
@@@ mem[  496] = 0047a783fe842783 : 20168908699084675
@@@ mem[  504] = fec4278300f70733 : 18357841424679372595
@@@ mem[  512] = fe84278300e7a223 : 18339827026168881699
@@@ mem[  520] = fec427830007a703 : 18357841424663684867
@@@ mem[  528] = 0100006f00e7a023 : 72058070794477603
@@@ mem[  536] = fe842703fec42783 : 18339826480672155523
@@@ mem[  544] = 000047b700e7a023 : 78851319767075
@@@ mem[  552] = 72e7a423fec42703 : 8279766914449024771
@@@ mem[  560] = 02c1208300000013 : 198475605593817107
@@@ mem[  568] = 0301011302812403 : 216455438248518659
@@@ mem[  576] = fd01011300008067 : 18230853947688517735
@@@ mem[  584] = 0281242302112623 : 180465192848664099
@@@ mem[  592] = fca42e2303010413 : 18204726321647518739
@@@ mem[  600] = 7047a783000007b7 : 8090619436676941751
@@@ mem[  608] = 00e7f663fdc42703 : 65291628939847427
@@@ mem[  616] = 0700006f00000793 : 504403635006867347
@@@ mem[  624] = 7007a783000007b7 : 8072605038167459767
@@@ mem[  632] = 000007b7fef42623 : 8486837823011
@@@ mem[  640] = fdc427837007a703 : 18285783832504805123
@@@ mem[  648] = 000007b700f70733 : 8482576598835
@@@ mem[  656] = 000007b770e7a023 : 8484454637603
@@@ mem[  664] = fdc427837047a703 : 18285783832508999427
@@@ mem[  672] = 000007b740f70733 : 8483650340659
@@@ mem[  680] = fdc4278370e7a223 : 18285783832519483939
@@@ mem[  688] = fec42783ff878713 : 18357841428950255379
@@@ mem[  696] = fec4278300e7a223 : 18357841424678363683
@@@ mem[  704] = fef4262300878793 : 18371350711725688723
@@@ mem[  712] = 00000097fec42503 : 652814329091
@@@ mem[  720] = 000047b7de8080e7 : 78855037550823
@@@ mem[  728] = 000785137287a783 : 2116643409340291
@@@ mem[  736] = 0281240302c12083 : 180465055421243523
@@@ mem[  744] = 0000806703010113 : 141179920384275
@@@ mem[  752] = 02112623fd010113 : 148942198690349331
@@@ mem[  760] = 0301041302812423 : 216458736783402019
@@@ mem[  768] = fdc42703fca42e23 : 18285783285108059683
@@@ mem[  776] = 00e7f663000047b7 : 65291624682375095
@@@ mem[  784] = 15c0006f00000793 : 1567253147066304403
@@@ mem[  792] = 0037f793fdc42783 : 15753338708830083
@@@ mem[  800] = fdc4278300078a63 : 18285783830625749603
@@@ mem[  808] = 00478793ffc7f793 : 20133793067693971
@@@ mem[  816] = fdc42783fcf42e23 : 18285783834869116451
@@@ mem[  824] = fef4222300878793 : 18371346313679177619
@@@ mem[  832] = 7287a783000047b7 : 8252749023262295991
@@@ mem[  840] = fe842783fef42423 : 18339827030431114275
@@@ mem[  848] = 000047b702079e63 : 78851338640995
@@@ mem[  856] = fef4242372078793 : 18371348514606647187
@@@ mem[  864] = fe842703000047b7 : 18339826476397905847
@@@ mem[  872] = 000047b772e7a423 : 78853232370723
@@@ mem[  880] = 000047b77287a703 : 78853226080003
@@@ mem[  888] = 00e7a02372078793 : 65196793717557139
@@@ mem[  896] = 72078793000047b7 : 8216685110590719927
@@@ mem[  904] = fe8427830007a223 : 18339827026154201635
@@@ mem[  912] = fef426230007a783 : 18371350711717308291
@@@ mem[  920] = 0047a783fec42783 : 20168908703278979
@@@ mem[  928] = 08e7e263fdc42703 : 641730391010715395
@@@ mem[  936] = 0047a783fec42783 : 20168908703278979
@@@ mem[  944] = 00f71c63fdc42703 : 69555535032362755
@@@ mem[  952] = 0007a703fec42783 : 2153960437983107
@@@ mem[  960] = 00e7a023fe842783 : 65196796074534787
@@@ mem[  968] = fec427830400006f : 18357841424730292335
@@@ mem[  976] = fe4427830047a703 : 18321812627648915203
@@@ mem[  984] = fec4278340f70733 : 18357841425753114419
@@@ mem[  992] = fec4278300e7a223 : 18357841424678363683
@@@ mem[ 1000] = 003797930047a783 : 15647781339768707
@@@ mem[ 1008] = 00f707b3fec42703 : 69532788902340355
@@@ mem[ 1016] = fec42783fef42623 : 18357841428940596771
@@@ mem[ 1024] = 00e7a223fdc42703 : 65198995085207299
@@@ mem[ 1032] = fe842703000047b7 : 18339826476397905847
@@@ mem[ 1040] = fec4278372e7a423 : 18357841426590966819
@@@ mem[ 1048] = fef4262300878793 : 18371350711725688723
@@@ mem[ 1056] = 04c0006ffec42783 : 342274052695795587
@@@ mem[ 1064] = 7287a783000047b7 : 8252749023262295991
@@@ mem[ 1072] = 02f71263fec42703 : 213659728008718083
@@@ mem[ 1080] = 00000097fe442503 : 652805940483
@@@ mem[ 1088] = fea42623e08080e7 : 18348832717346472167
@@@ mem[ 1096] = 00079663fec42783 : 2135681057171331
@@@ mem[ 1104] = 01c0006f00000793 : 126101266307745683
@@@ mem[ 1112] = fef42423fec42783 : 18371348516967819139
@@@ mem[ 1120] = 0007a783fec42783 : 2154510193796995
@@@ mem[ 1128] = f2dff06ffef42623 : 17500971040794486307
@@@ mem[ 1136] = 02c1208300078513 : 198475605594309907
@@@ mem[ 1144] = 0301011302812403 : 216455438248518659
@@@ mem[ 1152] = fd01011300008067 : 18230853947688517735
@@@ mem[ 1160] = 0281242302112623 : 180465192848664099
@@@ mem[ 1168] = fca42e2303010413 : 18204726321647518739
@@@ mem[ 1176] = 00000097fdc42503 : 652797551875
@@@ mem[ 1184] = fea42623e54080e7 : 18348832717426163943
@@@ mem[ 1192] = 00000593fdc42603 : 6133175821827
@@@ mem[ 1200] = 00000097fec42503 : 652814329091
@@@ mem[ 1208] = fec42783124080e7 : 18357841424969400551
@@@ mem[ 1216] = 02c1208300078513 : 198475605594309907
@@@ mem[ 1224] = 0301011302812403 : 216455438248518659
@@@ mem[ 1232] = fe01011300008067 : 18302911541726445671
@@@ mem[ 1240] = 00812c2300112e23 : 36358800832278051
@@@ mem[ 1248] = 0100051302010413 : 72063173234066451
@@@ mem[ 1256] = e08080e700000097 : 16177071591140622487
@@@ mem[ 1264] = fec42783fea42623 : 18357841428935353891
@@@ mem[ 1272] = 00e7a02300c00713 : 65196791817045779
@@@ mem[ 1280] = 00600713fec42783 : 27029380224264067
@@@ mem[ 1288] = fec4278300e79223 : 18357841424678359587
@@@ mem[ 1296] = 00e7832300100713 : 65164905968305939
@@@ mem[ 1304] = 05700713fec42783 : 391820950041274243
@@@ mem[ 1312] = fec4278300e7a423 : 18357841424678364195
@@@ mem[ 1320] = 00e7a62300b00713 : 65203388885763859
@@@ mem[ 1328] = 0000009701000513 : 648556840211
@@@ mem[ 1336] = fea42423dbc080e7 : 18348830518243524839
@@@ mem[ 1344] = 00000097fec42503 : 652814329091
@@@ mem[ 1352] = 01000513b70080e7 : 72063176270708967
@@@ mem[ 1360] = da0080e700000097 : 15708697229894090903
@@@ mem[ 1368] = fe842783fea42223 : 18339827030425870883
@@@ mem[ 1376] = 00e792237d300713 : 65181400741971731
@@@ mem[ 1384] = 7d400713fe442783 : 9025221435702126467
@@@ mem[ 1392] = 0100051300e79223 : 72063173215621667
@@@ mem[ 1400] = f0c080e700000097 : 17348007494256951447
@@@ mem[ 1408] = fe042783fea42023 : 18303798233406906403
@@@ mem[ 1416] = 00e792237e300713 : 65181400758748947
@@@ mem[ 1424] = 0067c783fe042783 : 29211292317525891
@@@ mem[ 1432] = 0020051300078863 : 9012778417752163
@@@ mem[ 1440] = b00080e700000097 : 12682278280301117591
@@@ mem[ 1448] = 00000097fe842503 : 652810134787
@@@ mem[ 1456] = fe042503b08080e7 : 18303795483316879591
@@@ mem[ 1464] = afc080e700000097 : 12664263881791635607
@@@ mem[ 1472] = 0007851300000793 : 2116641487849363
@@@ mem[ 1480] = 0181240301c12083 : 108407461366538371
@@@ mem[ 1488] = 0000806702010113 : 141179903607059
@@@ mem[ 1496] = 0005071300f00313 : 1415153085055763
@@@ mem[ 1504] = 00f7779302c37e63 : 69655792537796195
@@@ mem[ 1512] = 080592630a079063 : 578029081254662243
@@@ mem[ 1520] = 00f67613ff067693 : 69372672525891219
@@@ mem[ 1528] = 00b7202300e686b3 : 51545255449102003
@@@ mem[ 1536] = 00b7242300b72223 : 51549653492507171
@@@ mem[ 1544] = 0107071300b72623 : 74035697072678435
@@@ mem[ 1552] = 00061463fed766e3 : 1711269570111203
@@@ mem[ 1560] = 40c306b300008067 : 4666581004754911335
@@@ mem[ 1568] = 0000029700269693 : 2847565846163
@@@ mem[ 1576] = 00c68067005686b3 : 55873225264367283
@@@ mem[ 1584] = 00b706a300b70723 : 51517217899480867
@@@ mem[ 1592] = 00b705a300b70623 : 51516118387852835
@@@ mem[ 1600] = 00b704a300b70523 : 51515018876224803
@@@ mem[ 1608] = 00b703a300b70423 : 51513919364596771
@@@ mem[ 1616] = 00b702a300b70323 : 51512819852968739
@@@ mem[ 1624] = 00b701a300b70223 : 51511720341340707
@@@ mem[ 1632] = 00b700a300b70123 : 51510620829712675
@@@ mem[ 1640] = 0000806700b70023 : 141179881979939
@@@ mem[ 1648] = 008596930ff5f593 : 37601730274653587
@@@ mem[ 1656] = 0105969300d5e5b3 : 73630527039858099
@@@ mem[ 1664] = f6dff06f00d5e5b3 : 17789201412682802611
@@@ mem[ 1672] = 0000029700279693 : 2847565911699
@@@ mem[ 1680] = 00008293005686b3 : 143567877473971
@@@ mem[ 1688] = 00028093fa0680e7 : 704322996699367
@@@ mem[ 1696] = 40f70733ff078793 : 4681218257578330003
@@@ mem[ 1704] = f6c378e300f60633 : 17781188670157882931
@@@ mem[ 1712] = 00000000f3dff06f : 4091539567
@@@
@@@ mem[ 1792] = 00003fb800000768 : 70059506534248
@@@
@@@ mem[ 1824] = 0000001000004720 : 68719494944
@@@ mem[ 1832] = 000107d40000000c : 290082091171852
@@@ mem[ 1840] = 0000000b00000057 : 47244640343
@@@ mem[ 1848] = 0000001000000750 : 68719478608
@@@ mem[ 1856] = 000007d300000000 : 8602819493888
@@@
@@@ mem[ 1872] = 0000001000004720 : 68719494944
@@@ mem[ 1880] = 000007e300000000 : 8671538970624
@@@
@@@ mem[18208] = 0000000000000738 : 1848
@@@ mem[18216] = 0000000000000738 : 1848
@@@
@@@ mem[65320] = 0000075800000000 : 8074538516480
@@@
@@@ mem[65336] = 0000472000000750 : 78202764527440
@@@
@@@ mem[65352] = 000002d40000ff80 : 3109556387712
@@@
@@@ mem[65368] = 0000001800000000 : 103079215104
@@@
@@@ mem[65384] = 0000075800000738 : 8074538518328
@@@
@@@ mem[65400] = 000004440000ffb0 : 4690104352688
@@@
@@@ mem[65416] = 0000001000000000 : 68719476736
@@@ mem[65424] = 0000001800000000 : 103079215104
@@@ mem[65432] = 0000075800004720 : 8074538534688
@@@
@@@ mem[65448] = 000004a40000ffe0 : 5102421213152
@@@
@@@ mem[65464] = 0000075800000000 : 8074538516480
@@@ mem[65472] = 0000001800000000 : 103079215104
@@@ mem[65480] = 0000073800000750 : 7937099564880
@@@
@@@ mem[65496] = 000005c000010000 : 6322191925248
@@@ mem[65504] = 0000072800000758 : 7868380088152
@@@ mem[65512] = 0000072800000740 : 7868380088128
@@@
@@@ mem[65528] = 000000a000000000 : 687194767360
@@@
@@@ System halted on WFI instruction
@@@
