@@@ Unified Memory contents hex on left, decimal on right: 
@@@
@@@ mem[    0] = 0000009700000013 : 648540061715
@@@ mem[    8] = 0001011709c08093 : 282673436197011
@@@ mem[   16] = 00010413ff410113 : 285958910050579
@@@ mem[   24] = 2881819300001197 : 2918756501872972183
@@@ mem[   32] = 0000029300000213 : 2830383448595
@@@ mem[   40] = 0000039300000313 : 3929895076627
@@@ mem[   48] = 0000051300000493 : 5579162518675
@@@ mem[   56] = 0000061300000593 : 6678674146707
@@@ mem[   64] = 0000071300000693 : 7778185774739
@@@ mem[   72] = 0000081300000793 : 8877697402771
@@@ mem[   80] = 0000091300000893 : 9977209030803
@@@ mem[   88] = 00000a1300000993 : 11076720658835
@@@ mem[   96] = 00000b1300000a93 : 12176232286867
@@@ mem[  104] = 00000c1300000b93 : 13275743914899
@@@ mem[  112] = 00000d1300000c93 : 14375255542931
@@@ mem[  120] = 00000e1300000d93 : 15474767170963
@@@ mem[  128] = 00000f1300000e93 : 16574278798995
@@@ mem[  136] = 7dc0006f00000f93 : 9061242927010811795
@@@
@@@ mem[  160] = f601011300010117 : 17726450789423055127
@@@ mem[  168] = 00000013fea12c23 : 85876354083
@@@ mem[  176] = fd01011310500073 : 18230853947962163315
@@@ mem[  184] = 0281242302112623 : 180465192848664099
@@@ mem[  192] = fca42e2303010413 : 18204726321647518739
@@@ mem[  200] = 000017b7fdc42703 : 26079003944707
@@@ mem[  208] = 00f76a63aec78793 : 69641295614150547
@@@ mem[  216] = aec78793000057b7 : 12594183948394846135
@@@ mem[  224] = 00e7f863fdc42703 : 65293827963102979
@@@ mem[  232] = 0000009700100513 : 648541111571
@@@ mem[  240] = fdc42783fb4080e7 : 18285783834840563943
@@@ mem[  248] = fef42423ff878793 : 18371348516980623251
@@@ mem[  256] = af47a783000057b7 : 12630247861066422199
@@@ mem[  264] = 03c0006ffef42623 : 270216458661013027
@@@ mem[  272] = 0007a783fec42783 : 2154510193796995
@@@ mem[  280] = 02f76063fec42703 : 213745489915684611
@@@ mem[  288] = fec42783fe842703 : 18357841428933256963
@@@ mem[  296] = fec4278302e7ee63 : 18357841424711937635
@@@ mem[  304] = fe8427030007a783 : 18339826476398389123
@@@ mem[  312] = fec4278302f76663 : 18357841424712951395
@@@ mem[  320] = fef426230007a783 : 18371350711717308291
@@@ mem[  328] = fec42783fe842703 : 18357841428933256963
@@@ mem[  336] = fec42783fce7f0e3 : 18357841428906242275
@@@ mem[  344] = fe8427030007a783 : 18339826476398389123
@@@ mem[  352] = fe842783faf778e3 : 18339827030364223715
@@@ mem[  360] = 003797930047a783 : 15647781339768707
@@@ mem[  368] = 00f70733fe842703 : 69532239142332163
@@@ mem[  376] = 0007a783fec42783 : 2154510193796995
@@@ mem[  384] = fe84278302f71e63 : 18339827026203450979
@@@ mem[  392] = fec427830047a703 : 18357841424667879171
@@@ mem[  400] = 0047a7830007a783 : 20168904429512579
@@@ mem[  408] = fe84278300f70733 : 18339827026169890611
@@@ mem[  416] = fec4278300e7a223 : 18357841424678363683
@@@ mem[  424] = 0007a7030007a783 : 2153956164216707
@@@ mem[  432] = 00e7a023fe842783 : 65196796074534787
@@@ mem[  440] = fec427830140006f : 18357841424684154991
@@@ mem[  448] = fe8427830007a703 : 18339827026154202883
@@@ mem[  456] = fec4278300e7a023 : 18357841424678363171
@@@ mem[  464] = 003797930047a783 : 15647781339768707
@@@ mem[  472] = 00f707b3fec42703 : 69532788902340355
@@@ mem[  480] = 02f71a63fe842703 : 213668524097545987
@@@ mem[  488] = 0047a703fec42783 : 20168358947465091
@@@ mem[  496] = 0047a783fe842783 : 20168908699084675
@@@ mem[  504] = fec4278300f70733 : 18357841424679372595
@@@ mem[  512] = fe84278300e7a223 : 18339827026168881699
@@@ mem[  520] = fec427830007a703 : 18357841424663684867
@@@ mem[  528] = 0100006f00e7a023 : 72058070794477603
@@@ mem[  536] = fe842703fec42783 : 18339826480672155523
@@@ mem[  544] = 000057b700e7a023 : 96443505811491
@@@ mem[  552] = aee7aa23fec42703 : 12603229153794467587
@@@ mem[  560] = 02c1208300000013 : 198475605593817107
@@@ mem[  568] = 0301011302812403 : 216455438248518659
@@@ mem[  576] = fd01011300008067 : 18230853947688517735
@@@ mem[  584] = 0281242302112623 : 180465192848664099
@@@ mem[  592] = fca42e2303010413 : 18204726321647518739
@@@ mem[  600] = ac47a783000017b7 : 12414075078952622007
@@@ mem[  608] = 00e7f663fdc42703 : 65291628939847427
@@@ mem[  616] = 0700006f00000793 : 504403635006867347
@@@ mem[  624] = ac07a783000017b7 : 12396060680443140023
@@@ mem[  632] = 000017b7fef42623 : 26079023867427
@@@ mem[  640] = fdc42783ac07a703 : 18285783833511438083
@@@ mem[  648] = 000017b700f70733 : 26074762643251
@@@ mem[  656] = 000017b7ace7a023 : 26077647314979
@@@ mem[  664] = fdc42783ac47a703 : 18285783833515632387
@@@ mem[  672] = 000017b740f70733 : 26075836385075
@@@ mem[  680] = fdc42783ace7a223 : 18285783833526116899
@@@ mem[  688] = fec42783ff878713 : 18357841428950255379
@@@ mem[  696] = fec4278300e7a223 : 18357841424678363683
@@@ mem[  704] = fef4262300878793 : 18371350711725688723
@@@ mem[  712] = 00000097fec42503 : 652814329091
@@@ mem[  720] = 000057b7de8080e7 : 96447223595239
@@@ mem[  728] = 00078513af47a783 : 2116644428556163
@@@ mem[  736] = 0281240302c12083 : 180465055421243523
@@@ mem[  744] = 0000806703010113 : 141179920384275
@@@ mem[  752] = 02112623fd010113 : 148942198690349331
@@@ mem[  760] = 0301041302812423 : 216458736783402019
@@@ mem[  768] = fdc42703fca42e23 : 18285783285108059683
@@@ mem[  776] = 00e7f663000047b7 : 65291624682375095
@@@ mem[  784] = 15c0006f00000793 : 1567253147066304403
@@@ mem[  792] = 0037f793fdc42783 : 15753338708830083
@@@ mem[  800] = fdc4278300078a63 : 18285783830625749603
@@@ mem[  808] = 00478793ffc7f793 : 20133793067693971
@@@ mem[  816] = fdc42783fcf42e23 : 18285783834869116451
@@@ mem[  824] = fef4222300878793 : 18371346313679177619
@@@ mem[  832] = af47a783000057b7 : 12630247861066422199
@@@ mem[  840] = fe842783fef42423 : 18339827030431114275
@@@ mem[  848] = 000057b702079e63 : 96443524685411
@@@ mem[  856] = fef42423aec78793 : 18371348515625863059
@@@ mem[  864] = fe842703000057b7 : 18339826476397909943
@@@ mem[  872] = 000057b7aee7aa23 : 96446425049635
@@@ mem[  880] = 000057b7af47a703 : 96446431340291
@@@ mem[  888] = 00e7a023aec78793 : 65196794736773011
@@@ mem[  896] = aec78793000057b7 : 12594183948394846135
@@@ mem[  904] = fe8427830007a223 : 18339827026154201635
@@@ mem[  912] = fef426230007a783 : 18371350711717308291
@@@ mem[  920] = 0047a783fec42783 : 20168908703278979
@@@ mem[  928] = 08e7e263fdc42703 : 641730391010715395
@@@ mem[  936] = 0047a783fec42783 : 20168908703278979
@@@ mem[  944] = 00f71c63fdc42703 : 69555535032362755
@@@ mem[  952] = 0007a703fec42783 : 2153960437983107
@@@ mem[  960] = 00e7a023fe842783 : 65196796074534787
@@@ mem[  968] = fec427830400006f : 18357841424730292335
@@@ mem[  976] = fe4427830047a703 : 18321812627648915203
@@@ mem[  984] = fec4278340f70733 : 18357841425753114419
@@@ mem[  992] = fec4278300e7a223 : 18357841424678363683
@@@ mem[ 1000] = 003797930047a783 : 15647781339768707
@@@ mem[ 1008] = 00f707b3fec42703 : 69532788902340355
@@@ mem[ 1016] = fec42783fef42623 : 18357841428940596771
@@@ mem[ 1024] = 00e7a223fdc42703 : 65198995085207299
@@@ mem[ 1032] = fe842703000057b7 : 18339826476397909943
@@@ mem[ 1040] = fec42783aee7aa23 : 18357841427597601315
@@@ mem[ 1048] = fef4262300878793 : 18371350711725688723
@@@ mem[ 1056] = 04c0006ffec42783 : 342274052695795587
@@@ mem[ 1064] = af47a783000057b7 : 12630247861066422199
@@@ mem[ 1072] = 02f71263fec42703 : 213659728008718083
@@@ mem[ 1080] = 00000097fe442503 : 652805940483
@@@ mem[ 1088] = fea42623e08080e7 : 18348832717346472167
@@@ mem[ 1096] = 00079663fec42783 : 2135681057171331
@@@ mem[ 1104] = 01c0006f00000793 : 126101266307745683
@@@ mem[ 1112] = fef42423fec42783 : 18371348516967819139
@@@ mem[ 1120] = 0007a783fec42783 : 2154510193796995
@@@ mem[ 1128] = f2dff06ffef42623 : 17500971040794486307
@@@ mem[ 1136] = 02c1208300078513 : 198475605594309907
@@@ mem[ 1144] = 0301011302812403 : 216455438248518659
@@@ mem[ 1152] = fd01011300008067 : 18230853947688517735
@@@ mem[ 1160] = 0281242302112623 : 180465192848664099
@@@ mem[ 1168] = fca42e2303010413 : 18204726321647518739
@@@ mem[ 1176] = 00000097fdc42503 : 652797551875
@@@ mem[ 1184] = fea42623e54080e7 : 18348832717426163943
@@@ mem[ 1192] = 00000593fdc42603 : 6133175821827
@@@ mem[ 1200] = 00000097fec42503 : 652814329091
@@@ mem[ 1208] = fec427834ec080e7 : 18357841425984422119
@@@ mem[ 1216] = 02c1208300078513 : 198475605594309907
@@@ mem[ 1224] = 0301011302812403 : 216455438248518659
@@@ mem[ 1232] = fe01011300008067 : 18302911541726445671
@@@ mem[ 1240] = 0201041300812e23 : 144401142711922211
@@@ mem[ 1248] = 000017b7fea42623 : 26079018624547
@@@ mem[ 1256] = 00178713ac87a783 : 6622443033044867
@@@ mem[ 1264] = ace7a423000017b7 : 12459107364374583223
@@@ mem[ 1272] = ac87a783000017b7 : 12432089477462103991
@@@ mem[ 1280] = af87071300005737 : 12648085856679122743
@@@ mem[ 1288] = 00f707b300279793 : 69532784630667155
@@@ mem[ 1296] = 00e7a023fec42703 : 65196796078728963
@@@ mem[ 1304] = ae47a783000017b7 : 12558190267028477879
@@@ mem[ 1312] = 000017b700178713 : 26074747995923
@@@ mem[ 1320] = 00000013aee7a223 : 84538794531
@@@ mem[ 1328] = 0201011301c12403 : 144397844198007811
@@@ mem[ 1336] = ff01011300008067 : 18374969135764373607
@@@ mem[ 1344] = 0101041300812623 : 72343548673992227
@@@ mem[ 1352] = ae47a783000017b7 : 12558190267028477879
@@@ mem[ 1360] = 000017b7fff78713 : 26079040866067
@@@ mem[ 1368] = 000017b7aee7a223 : 26077680869923
@@@ mem[ 1376] = 00178693ae07a783 : 6621893302396803
@@@ mem[ 1384] = aed7202300001737 : 12598573817288202039
@@@ mem[ 1392] = af87071300005737 : 12648085856679122743
@@@ mem[ 1400] = 00f707b300279793 : 69532784630667155
@@@ mem[ 1408] = 000785130007a783 : 2116641488349059
@@@ mem[ 1416] = 0101011300c12403 : 72340250143302659
@@@ mem[ 1424] = ff01011300008067 : 18374969135764373607
@@@ mem[ 1432] = 0101041300812623 : 72343548673992227
@@@ mem[ 1440] = ae47a783000017b7 : 12558190267028477879
@@@ mem[ 1448] = 0ff7f7930017b793 : 1150660440550258579
@@@ mem[ 1456] = 00c1240300078513 : 54364265809151251
@@@ mem[ 1464] = 0000806701010113 : 141179886829843
@@@ mem[ 1472] = 02112623fd010113 : 148942198690349331
@@@ mem[ 1480] = 0301041302812423 : 216458736783402019
@@@ mem[ 1488] = fcf40fa300050793 : 18227210784629655443
@@@ mem[ 1496] = 0000009700200513 : 648542160147
@@@ mem[ 1504] = fea42623d14080e7 : 18348832717090619623
@@@ mem[ 1512] = fdf44703fec42783 : 18299329268397909891
@@@ mem[ 1520] = fec4278300e78023 : 18357841424678354979
@@@ mem[ 1528] = 000017b7000780a3 : 26074746945699
@@@ mem[ 1536] = 00178693ae87a783 : 6621893310785411
@@@ mem[ 1544] = aed7242300001737 : 12598578215334713143
@@@ mem[ 1552] = b707071300005737 : 13188517811963582263
@@@ mem[ 1560] = 00f707b300279793 : 69532784630667155
@@@ mem[ 1568] = 00e7a023fec42703 : 65196796078728963
@@@ mem[ 1576] = 02c1208300000013 : 198475605593817107
@@@ mem[ 1584] = 0301011302812403 : 216455438248518659
@@@ mem[ 1592] = fe01011300008067 : 18302911541726445671
@@@ mem[ 1600] = 0201041300812e23 : 144401142711922211
@@@ mem[ 1608] = feb42423fea42623 : 18353334118456239651
@@@ mem[ 1616] = b0c78693000057b7 : 12738298036959074231
@@@ mem[ 1624] = 00070793fec42703 : 1978657052829443
@@@ mem[ 1632] = 00e787b300279793 : 65169922491651987
@@@ mem[ 1640] = 00e787b3fe842703 : 65169926759130883
@@@ mem[ 1648] = 00f687b300279793 : 69392047142311827
@@@ mem[ 1656] = 00e7a02300100713 : 65196791805511443
@@@ mem[ 1664] = b0c78693000057b7 : 12738298036959074231
@@@ mem[ 1672] = 00070793fe842703 : 1978657048635139
@@@ mem[ 1680] = 00e787b300279793 : 65169922491651987
@@@ mem[ 1688] = 00e787b3fec42703 : 65169926763325187
@@@ mem[ 1696] = 00f687b300279793 : 69392047142311827
@@@ mem[ 1704] = 00e7a02300100713 : 65196791805511443
@@@ mem[ 1712] = 01c1240300000013 : 126421859846586387
@@@ mem[ 1720] = 0000806702010113 : 141179903607059
@@@ mem[ 1728] = 02812623fd010113 : 180467396081942803
@@@ mem[ 1736] = fca42e2303010413 : 18204726321647518739
@@@ mem[ 1744] = 0740006ffe042623 : 522418037778032163
@@@ mem[ 1752] = b0c78693000057b7 : 12738298036959074231
@@@ mem[ 1760] = 00070793fdc42703 : 1978657036052227
@@@ mem[ 1768] = 00e787b300279793 : 65169922491651987
@@@ mem[ 1776] = 00e787b3fec42703 : 65169926763325187
@@@ mem[ 1784] = 00f687b300279793 : 69392047142311827
@@@ mem[ 1792] = 001007930007a703 : 4511927569458947
@@@ mem[ 1800] = 000057b702f71a63 : 96443540380259
@@@ mem[ 1808] = fec42783b7078713 : 18357841427733907219
@@@ mem[ 1816] = 00f707b300279793 : 69532784630667155
@@@ mem[ 1824] = 0017c7830007a783 : 6693289919489923
@@@ mem[ 1832] = 0ff7f7930017c793 : 1150660440550262675
@@@ mem[ 1840] = fec4278300078663 : 18357841424663676515
@@@ mem[ 1848] = fec427830240006f : 18357841424700932207
@@@ mem[ 1856] = fef4262300178793 : 18371350711718348691
@@@ mem[ 1864] = ae87a783000017b7 : 12576204665537959863
@@@ mem[ 1872] = f8f742e3fec42703 : 17939881187652937475
@@@ mem[ 1880] = 00078513fff00793 : 2116645781768083
@@@ mem[ 1888] = 0301011302c12403 : 216455438252712963
@@@ mem[ 1896] = fe01011300008067 : 18302911541726445671
@@@ mem[ 1904] = 00812c2300112e23 : 36358800832278051
@@@ mem[ 1912] = 000057b702010413 : 96443524252691
@@@ mem[ 1920] = 0007a783b7078793 : 2154508990252947
@@@ mem[ 1928] = 00e780a300100713 : 65162157189236499
@@@ mem[ 1936] = 0000009700000513 : 648540062995
@@@ mem[ 1944] = 05c0006fd40080e7 : 414331646016258279
@@@ mem[ 1952] = d9c080e700000097 : 15690682831384608919
@@@ mem[ 1960] = 0300006ffea42423 : 216173263127323683
@@@ mem[ 1968] = b7078713000057b7 : 13188658549451937719
@@@ mem[ 1976] = 00279793fe442783 : 11144185973581699
@@@ mem[ 1984] = 0007a78300f707b3 : 2154505935718323
@@@ mem[ 1992] = 00e780a300100713 : 65162157189236499
@@@ mem[ 2000] = 00000097fe442503 : 652805940483
@@@ mem[ 2008] = fe842503d00080e7 : 18339824280864325863
@@@ mem[ 2016] = ee0080e700000097 : 17149849110652649623
@@@ mem[ 2024] = fe442703fea42223 : 18321812082160575011
@@@ mem[ 2032] = faf71ee3fff00793 : 18083956793329846163
@@@ mem[ 2040] = d9c080e700000097 : 15690682831384608919
@@@ mem[ 2048] = 0017c79300050793 : 6693358638794643
@@@ mem[ 2056] = f8079ae30ff7f793 : 17872423946259265427
@@@ mem[ 2064] = 02c0006ffe042623 : 198158864607356451
@@@ mem[ 2072] = b7078713000057b7 : 13188658549451937719
@@@ mem[ 2080] = 00279793fec42783 : 11144185981970307
@@@ mem[ 2088] = 0007a78300f707b3 : 2154505935718323
@@@ mem[ 2096] = fec42783000780a3 : 18357841424663675043
@@@ mem[ 2104] = fef4262300178793 : 18371350711718348691
@@@ mem[ 2112] = ae87a783000017b7 : 12576204665537959863
@@@ mem[ 2120] = fcf746e3fec42703 : 18228115961851160323
@@@ mem[ 2128] = 0000001300000013 : 81604378643
@@@ mem[ 2136] = 0181240301c12083 : 108407461366538371
@@@ mem[ 2144] = 0000806702010113 : 141179903607059
@@@ mem[ 2152] = 00112e23fe010113 : 4835806724292883
@@@ mem[ 2160] = 0201041300812c23 : 144401142711921699
@@@ mem[ 2168] = 05c0006ffe042623 : 414331646721140259
@@@ mem[ 2176] = 03c0006ffe042423 : 270216458645283875
@@@ mem[ 2184] = b0c78693000057b7 : 12738298036959074231
@@@ mem[ 2192] = 00070793fec42703 : 1978657052829443
@@@ mem[ 2200] = 00e787b300279793 : 65169922491651987
@@@ mem[ 2208] = 00e787b3fe842703 : 65169926759130883
@@@ mem[ 2216] = 00f687b300279793 : 69392047142311827
@@@ mem[ 2224] = fe8427830007a023 : 18339827026154201123
@@@ mem[ 2232] = fef4242300178793 : 18371348512695093139
@@@ mem[ 2240] = 00400793fe842703 : 18022730721142531
@@@ mem[ 2248] = fec42783fce7d0e3 : 18357841428906234083
@@@ mem[ 2256] = fef4262300178793 : 18371350711718348691
@@@ mem[ 2264] = 00400793fec42703 : 18022730725336835
@@@ mem[ 2272] = 05300513fae7d0e3 : 373804352443764963
@@@ mem[ 2280] = cd8080e700000097 : 14807977304419991703
@@@ mem[ 2288] = 0000009704100513 : 648608220435
@@@ mem[ 2296] = 04200513ccc080e7 : 297243158004138215
@@@ mem[ 2304] = cc0080e700000097 : 14699890913363099799
@@@ mem[ 2312] = 0000009704300513 : 648610317587
@@@ mem[ 2320] = 04400513cb4080e7 : 306250357233713383
@@@ mem[ 2328] = ca8080e700000097 : 14591804522306207895
@@@ mem[ 2336] = 0000051300100593 : 5579163567507
@@@ mem[ 2344] = d14080e700000097 : 15078193282062221463
@@@ mem[ 2352] = 0000051300200593 : 5579164616083
@@@ mem[ 2360] = d04080e700000097 : 15006135688024293527
@@@ mem[ 2368] = 0000051300300593 : 5579165664659
@@@ mem[ 2376] = cf4080e700000097 : 14934078093986365591
@@@ mem[ 2384] = 0010051300400593 : 4509178794083731
@@@ mem[ 2392] = ce4080e700000097 : 14862020499948437655
@@@ mem[ 2400] = 0020051300400593 : 9012778421454227
@@@ mem[ 2408] = cd4080e700000097 : 14789962905910509719
@@@ mem[ 2416] = 0030051300400593 : 13516378048824723
@@@ mem[ 2424] = cc4080e700000097 : 14717905311872581783
@@@ mem[ 2432] = dec080e700000097 : 16050970801574248599
@@@ mem[ 2440] = 0007851300000793 : 2116641487849363
@@@ mem[ 2448] = 0181240301c12083 : 108407461366538371
@@@ mem[ 2456] = 0000806702010113 : 141179903607059
@@@ mem[ 2464] = 0005071300f00313 : 1415153085055763
@@@ mem[ 2472] = 00f7779302c37e63 : 69655792537796195
@@@ mem[ 2480] = 080592630a079063 : 578029081254662243
@@@ mem[ 2488] = 00f67613ff067693 : 69372672525891219
@@@ mem[ 2496] = 00b7202300e686b3 : 51545255449102003
@@@ mem[ 2504] = 00b7242300b72223 : 51549653492507171
@@@ mem[ 2512] = 0107071300b72623 : 74035697072678435
@@@ mem[ 2520] = 00061463fed766e3 : 1711269570111203
@@@ mem[ 2528] = 40c306b300008067 : 4666581004754911335
@@@ mem[ 2536] = 0000029700269693 : 2847565846163
@@@ mem[ 2544] = 00c68067005686b3 : 55873225264367283
@@@ mem[ 2552] = 00b706a300b70723 : 51517217899480867
@@@ mem[ 2560] = 00b705a300b70623 : 51516118387852835
@@@ mem[ 2568] = 00b704a300b70523 : 51515018876224803
@@@ mem[ 2576] = 00b703a300b70423 : 51513919364596771
@@@ mem[ 2584] = 00b702a300b70323 : 51512819852968739
@@@ mem[ 2592] = 00b701a300b70223 : 51511720341340707
@@@ mem[ 2600] = 00b700a300b70123 : 51510620829712675
@@@ mem[ 2608] = 0000806700b70023 : 141179881979939
@@@ mem[ 2616] = 008596930ff5f593 : 37601730274653587
@@@ mem[ 2624] = 0105969300d5e5b3 : 73630527039858099
@@@ mem[ 2632] = f6dff06f00d5e5b3 : 17789201412682802611
@@@ mem[ 2640] = 0000029700279693 : 2847565911699
@@@ mem[ 2648] = 00008293005686b3 : 143567877473971
@@@ mem[ 2656] = 00028093fa0680e7 : 704322996699367
@@@ mem[ 2664] = 40f70733ff078793 : 4681218257578330003
@@@ mem[ 2672] = f6c378e300f60633 : 17781188670157882931
@@@ mem[ 2680] = 00000000f3dff06f : 4091539567
@@@
@@@ mem[ 2752] = 00003fc400000b28 : 70111046142760
@@@ mem[ 2760] = 0000000000000004 : 4
@@@
@@@ mem[ 2784] = 0000000000000005 : 5
@@@ mem[ 2792] = 00004aec00000005 : 82377472737285
@@@ mem[ 2800] = 0000005300000004 : 356482285572
@@@ mem[ 2808] = 0000000400004aec : 17179888364
@@@ mem[ 2816] = 00004aec00000041 : 82377472737345
@@@ mem[ 2824] = 0000004200000004 : 283467841540
@@@ mem[ 2832] = 0000000400004aec : 17179888364
@@@ mem[ 2840] = 00004aec00000043 : 82377472737347
@@@ mem[ 2848] = 0000004400000004 : 292057776132
@@@
@@@ mem[19176] = 00004aec00000000 : 82377472737280
@@@ mem[19184] = 00004aec00000000 : 82377472737280
@@@ mem[19192] = 0000000100000000 : 4294967296
@@@ mem[19200] = 0000000300000002 : 12884901890
@@@ mem[19208] = 0000000000000004 : 4
@@@ mem[19216] = 0000000100000001 : 4294967297
@@@ mem[19224] = 0000000000000001 : 1
@@@ mem[19232] = 0000000000000001 : 1
@@@
@@@ mem[19248] = 0000000100000001 : 4294967297
@@@
@@@ mem[19264] = 0000000100000000 : 4294967296
@@@ mem[19272] = 0000000000000001 : 1
@@@
@@@ mem[19288] = 0000000000000001 : 1
@@@ mem[19296] = 0000000100000001 : 4294967297
@@@ mem[19304] = 0000000000000001 : 1
@@@ mem[19312] = 00000b0000000af4 : 12094627908340
@@@ mem[19320] = 00000b1800000b0c : 12197707123468
@@@ mem[19328] = 0000000000000b24 : 2852
@@@
@@@ mem[65320] = 00000b2400000000 : 12249246728192
@@@
@@@ mem[65336] = 00004aec00000b1c : 82377472740124
@@@
@@@ mem[65352] = 000002d40000ff80 : 3109556387712
@@@
@@@ mem[65368] = 0000000c00000000 : 51539607552
@@@
@@@ mem[65384] = 00000b2400000000 : 12249246728192
@@@
@@@ mem[65400] = 000004440000ffb0 : 4690104352688
@@@
@@@ mem[65416] = 0000000400000000 : 17179869184
@@@ mem[65424] = 0000000c00000000 : 51539607552
@@@ mem[65432] = 0000000400004aec : 17179888364
@@@
@@@ mem[65448] = 000000050000ffe0 : 21474901984
@@@
@@@ mem[65464] = 0000ffe000000000 : 281337537757184
@@@ mem[65472] = ffffffff00000000 : 18446744069414584320
@@@ mem[65480] = 0000000500000004 : 21474836484
@@@
@@@ mem[65496] = 0000098800010000 : 10479720267776
@@@
@@@ mem[65512] = 0000000500000005 : 21474836485
@@@
@@@ mem[65528] = 000000a000000000 : 687194767360
@@@
@@@ System halted on WFI instruction
@@@
