@@@ Unified Memory contents hex on left, decimal on right: 
@@@
@@@ mem[    0] = 0000009700000013 : 648540061715
@@@ mem[    8] = 0001011709c08093 : 282673436197011
@@@ mem[   16] = 00010413ff410113 : 285958910050579
@@@ mem[   24] = 7881819300001197 : 8683364024907207063
@@@ mem[   32] = 0000029300000213 : 2830383448595
@@@ mem[   40] = 0000039300000313 : 3929895076627
@@@ mem[   48] = 0000051300000493 : 5579162518675
@@@ mem[   56] = 0000061300000593 : 6678674146707
@@@ mem[   64] = 0000071300000693 : 7778185774739
@@@ mem[   72] = 0000081300000793 : 8877697402771
@@@ mem[   80] = 0000091300000893 : 9977209030803
@@@ mem[   88] = 00000a1300000993 : 11076720658835
@@@ mem[   96] = 00000b1300000a93 : 12176232286867
@@@ mem[  104] = 00000c1300000b93 : 13275743914899
@@@ mem[  112] = 00000d1300000c93 : 14375255542931
@@@ mem[  120] = 00000e1300000d93 : 15474767170963
@@@ mem[  128] = 00000f1300000e93 : 16574278798995
@@@ mem[  136] = 5590006f00000f93 : 6165428366611582867
@@@
@@@ mem[  160] = f601011300010117 : 17726450789423055127
@@@ mem[  168] = 00000013fea12c23 : 85876354083
@@@ mem[  176] = fd01011310500073 : 18230853947962163315
@@@ mem[  184] = 0281242302112623 : 180465192848664099
@@@ mem[  192] = fca42e2303010413 : 18204726321647518739
@@@ mem[  200] = 000017b7fdc42703 : 26079003944707
@@@ mem[  208] = 00f76a63fe078793 : 69641296943744915
@@@ mem[  216] = fe078793000057b7 : 18304748275900635063
@@@ mem[  224] = 00e7f863fdc42703 : 65293827963102979
@@@ mem[  232] = 0000009700100513 : 648541111571
@@@ mem[  240] = fdc42783fb4080e7 : 18285783834840563943
@@@ mem[  248] = fef42423ff878793 : 18371348516980623251
@@@ mem[  256] = fe87a783000057b7 : 18340812188572211127
@@@ mem[  264] = 03c0006ffef42623 : 270216458661013027
@@@ mem[  272] = 0007a783fec42783 : 2154510193796995
@@@ mem[  280] = 02f76063fec42703 : 213745489915684611
@@@ mem[  288] = fec42783fe842703 : 18357841428933256963
@@@ mem[  296] = fec4278302e7ee63 : 18357841424711937635
@@@ mem[  304] = fe8427030007a783 : 18339826476398389123
@@@ mem[  312] = fec4278302f76663 : 18357841424712951395
@@@ mem[  320] = fef426230007a783 : 18371350711717308291
@@@ mem[  328] = fec42783fe842703 : 18357841428933256963
@@@ mem[  336] = fec42783fce7f0e3 : 18357841428906242275
@@@ mem[  344] = fe8427030007a783 : 18339826476398389123
@@@ mem[  352] = fe842783faf778e3 : 18339827030364223715
@@@ mem[  360] = 003797930047a783 : 15647781339768707
@@@ mem[  368] = 00f70733fe842703 : 69532239142332163
@@@ mem[  376] = 0007a783fec42783 : 2154510193796995
@@@ mem[  384] = fe84278302f71e63 : 18339827026203450979
@@@ mem[  392] = fec427830047a703 : 18357841424667879171
@@@ mem[  400] = 0047a7830007a783 : 20168904429512579
@@@ mem[  408] = fe84278300f70733 : 18339827026169890611
@@@ mem[  416] = fec4278300e7a223 : 18357841424678363683
@@@ mem[  424] = 0007a7030007a783 : 2153956164216707
@@@ mem[  432] = 00e7a023fe842783 : 65196796074534787
@@@ mem[  440] = fec427830140006f : 18357841424684154991
@@@ mem[  448] = fe8427830007a703 : 18339827026154202883
@@@ mem[  456] = fec4278300e7a023 : 18357841424678363171
@@@ mem[  464] = 003797930047a783 : 15647781339768707
@@@ mem[  472] = 00f707b3fec42703 : 69532788902340355
@@@ mem[  480] = 02f71a63fe842703 : 213668524097545987
@@@ mem[  488] = 0047a703fec42783 : 20168358947465091
@@@ mem[  496] = 0047a783fe842783 : 20168908699084675
@@@ mem[  504] = fec4278300f70733 : 18357841424679372595
@@@ mem[  512] = fe84278300e7a223 : 18339827026168881699
@@@ mem[  520] = fec427830007a703 : 18357841424663684867
@@@ mem[  528] = 0100006f00e7a023 : 72058070794477603
@@@ mem[  536] = fe842703fec42783 : 18339826480672155523
@@@ mem[  544] = 000057b700e7a023 : 96443505811491
@@@ mem[  552] = fee7a423fec42703 : 18367830079758935811
@@@ mem[  560] = 02c1208300000013 : 198475605593817107
@@@ mem[  568] = 0301011302812403 : 216455438248518659
@@@ mem[  576] = fd01011300008067 : 18230853947688517735
@@@ mem[  584] = 0281242302112623 : 180465192848664099
@@@ mem[  592] = fca42e2303010413 : 18204726321647518739
@@@ mem[  600] = fc47a783000017b7 : 18178682601986856887
@@@ mem[  608] = 00e7f663fdc42703 : 65291628939847427
@@@ mem[  616] = 0700006f00000793 : 504403635006867347
@@@ mem[  624] = fc07a783000017b7 : 18160668203477374903
@@@ mem[  632] = 000017b7fef42623 : 26079023867427
@@@ mem[  640] = fdc42783fc07a703 : 18285783834853615363
@@@ mem[  648] = 000017b700f70733 : 26074762643251
@@@ mem[  656] = 000017b7fce7a023 : 26078989492259
@@@ mem[  664] = fdc42783fc47a703 : 18285783834857809667
@@@ mem[  672] = 000017b740f70733 : 26075836385075
@@@ mem[  680] = fdc42783fce7a223 : 18285783834868294179
@@@ mem[  688] = fec42783ff878713 : 18357841428950255379
@@@ mem[  696] = fec4278300e7a223 : 18357841424678363683
@@@ mem[  704] = fef4262300878793 : 18371350711725688723
@@@ mem[  712] = 00000097fec42503 : 652814329091
@@@ mem[  720] = 000057b7de8080e7 : 96447223595239
@@@ mem[  728] = 00078513fe87a783 : 2116645758150531
@@@ mem[  736] = 0281240302c12083 : 180465055421243523
@@@ mem[  744] = 0000806703010113 : 141179920384275
@@@ mem[  752] = 02112623fd010113 : 148942198690349331
@@@ mem[  760] = 0301041302812423 : 216458736783402019
@@@ mem[  768] = fdc42703fca42e23 : 18285783285108059683
@@@ mem[  776] = 00e7f663000047b7 : 65291624682375095
@@@ mem[  784] = 15c0006f00000793 : 1567253147066304403
@@@ mem[  792] = 0037f793fdc42783 : 15753338708830083
@@@ mem[  800] = fdc4278300078a63 : 18285783830625749603
@@@ mem[  808] = 00478793ffc7f793 : 20133793067693971
@@@ mem[  816] = fdc42783fcf42e23 : 18285783834869116451
@@@ mem[  824] = fef4222300878793 : 18371346313679177619
@@@ mem[  832] = fe87a783000057b7 : 18340812188572211127
@@@ mem[  840] = fe842783fef42423 : 18339827030431114275
@@@ mem[  848] = 000057b702079e63 : 96443524685411
@@@ mem[  856] = fef42423fe078793 : 18371348516955457427
@@@ mem[  864] = fe842703000057b7 : 18339826476397909943
@@@ mem[  872] = 000057b7fee7a423 : 96447767225379
@@@ mem[  880] = 000057b7fe87a703 : 96447760934659
@@@ mem[  888] = 00e7a023fe078793 : 65196796066367379
@@@ mem[  896] = fe078793000057b7 : 18304748275900635063
@@@ mem[  904] = fe8427830007a223 : 18339827026154201635
@@@ mem[  912] = fef426230007a783 : 18371350711717308291
@@@ mem[  920] = 0047a783fec42783 : 20168908703278979
@@@ mem[  928] = 08e7e263fdc42703 : 641730391010715395
@@@ mem[  936] = 0047a783fec42783 : 20168908703278979
@@@ mem[  944] = 00f71c63fdc42703 : 69555535032362755
@@@ mem[  952] = 0007a703fec42783 : 2153960437983107
@@@ mem[  960] = 00e7a023fe842783 : 65196796074534787
@@@ mem[  968] = fec427830400006f : 18357841424730292335
@@@ mem[  976] = fe4427830047a703 : 18321812627648915203
@@@ mem[  984] = fec4278340f70733 : 18357841425753114419
@@@ mem[  992] = fec4278300e7a223 : 18357841424678363683
@@@ mem[ 1000] = 003797930047a783 : 15647781339768707
@@@ mem[ 1008] = 00f707b3fec42703 : 69532788902340355
@@@ mem[ 1016] = fec42783fef42623 : 18357841428940596771
@@@ mem[ 1024] = 00e7a223fdc42703 : 65198995085207299
@@@ mem[ 1032] = fe842703000057b7 : 18339826476397909943
@@@ mem[ 1040] = fec42783fee7a423 : 18357841428939777059
@@@ mem[ 1048] = fef4262300878793 : 18371350711725688723
@@@ mem[ 1056] = 04c0006ffec42783 : 342274052695795587
@@@ mem[ 1064] = fe87a783000057b7 : 18340812188572211127
@@@ mem[ 1072] = 02f71263fec42703 : 213659728008718083
@@@ mem[ 1080] = 00000097fe442503 : 652805940483
@@@ mem[ 1088] = fea42623e08080e7 : 18348832717346472167
@@@ mem[ 1096] = 00079663fec42783 : 2135681057171331
@@@ mem[ 1104] = 01c0006f00000793 : 126101266307745683
@@@ mem[ 1112] = fef42423fec42783 : 18371348516967819139
@@@ mem[ 1120] = 0007a783fec42783 : 2154510193796995
@@@ mem[ 1128] = f2dff06ffef42623 : 17500971040794486307
@@@ mem[ 1136] = 02c1208300078513 : 198475605594309907
@@@ mem[ 1144] = 0301011302812403 : 216455438248518659
@@@ mem[ 1152] = fd01011300008067 : 18230853947688517735
@@@ mem[ 1160] = 0281242302112623 : 180465192848664099
@@@ mem[ 1168] = fca42e2303010413 : 18204726321647518739
@@@ mem[ 1176] = 00000097fdc42503 : 652797551875
@@@ mem[ 1184] = fea42623e54080e7 : 18348832717426163943
@@@ mem[ 1192] = 00000593fdc42603 : 6133175821827
@@@ mem[ 1200] = 00001097fec42503 : 18245000373507
@@@ mem[ 1208] = fec427839b8080e7 : 18357841427272073447
@@@ mem[ 1216] = 02c1208300078513 : 198475605594309907
@@@ mem[ 1224] = 0301011302812403 : 216455438248518659
@@@ mem[ 1232] = fe01011300008067 : 18302911541726445671
@@@ mem[ 1240] = 0201041300812e23 : 144401142711922211
@@@ mem[ 1248] = fef4172300050793 : 18371334219042719635
@@@ mem[ 1256] = fee457030240006f : 18366900850757992559
@@@ mem[ 1264] = 0107979301100793 : 74194576508716947
@@@ mem[ 1272] = 00f707b30107d793 : 69532784645363603
@@@ mem[ 1280] = 0107d79301079793 : 74264945252341651
@@@ mem[ 1288] = fee41783fef41723 : 18366831036009289507
@@@ mem[ 1296] = 0240006ffc07cee3 : 162130067555077859
@@@ mem[ 1304] = 01100793fee45703 : 76569525883262723
@@@ mem[ 1312] = 0107d79301079793 : 74264945252341651
@@@ mem[ 1320] = 0107979340f707b3 : 74194577580820403
@@@ mem[ 1328] = fef417230107d793 : 18371334219059681171
@@@ mem[ 1336] = fee4170301100793 : 18366830481993893779
@@@ mem[ 1344] = fee41783fcf75ce3 : 18366831035975949539
@@@ mem[ 1352] = 01c1240300078513 : 126421859847079187
@@@ mem[ 1360] = 0000806702010113 : 141179903607059
@@@ mem[ 1368] = 04112e23fa010113 : 293066182808895763
@@@ mem[ 1376] = 04912a2304812c23 : 329090577662553123
@@@ mem[ 1384] = 0531262305212823 : 374122175900231715
@@@ mem[ 1392] = 0551222305412423 : 383124977110557731
@@@ mem[ 1400] = 03712e2305612023 : 248030182431072291
@@@ mem[ 1408] = 0601041303812c23 : 432631518913965091
@@@ mem[ 1416] = 00058693faa42623 : 1555345006929443
@@@ mem[ 1424] = 00060693fad41523 : 1696082498426147
@@@ mem[ 1432] = 00010693fad41423 : 288707614872611
@@@ mem[ 1440] = fa84160300068c13 : 18051577408548932627
@@@ mem[ 1448] = 3ad6066300100693 : 4239583121488479891
@@@ mem[ 1456] = fff6869300800693 : 18444077289869149843
@@@ mem[ 1464] = 00800693fcd42423 : 36036029690684451
@@@ mem[ 1472] = 00000b9300068b13 : 12725988526867
@@@ mem[ 1480] = 004b9e9301cb5693 : 21284977480783507
@@@ mem[ 1488] = 004b1e1301d6eeb3 : 21143690237374131
@@@ mem[ 1496] = 00068a1300800693 : 1840664077665939
@@@ mem[ 1504] = 01ca569300000a93 : 129010728693664403
@@@ mem[ 1512] = 0076e3b3004a9393 : 33464405195395987
@@@ mem[ 1520] = 00800693004a1313 : 36036025453777683
@@@ mem[ 1528] = 00f6869300169693 : 69390810190616211
@@@ mem[ 1536] = 004696930046d693 : 19868806478747283
@@@ mem[ 1544] = 0001069340d10133 : 288704494108979
@@@ mem[ 1552] = 0016d69300168693 : 6428376337647251
@@@ mem[ 1560] = fcd4222300169693 : 18218223926341179027
@@@ mem[ 1568] = fff6869300800693 : 18444077289869149843
@@@ mem[ 1576] = 00800693fcd42023 : 36036029690683427
@@@ mem[ 1584] = 0000099300068913 : 10526965270803
@@@ mem[ 1592] = 0049989301c95693 : 20715430457464467
@@@ mem[ 1600] = 004918130116e8b3 : 20574143201601715
@@@ mem[ 1608] = 00068f1300800693 : 1846161635804819
@@@ mem[ 1616] = 01cf569300000f93 : 130418103577218963
@@@ mem[ 1624] = 00f6e7b3004f9793 : 69497600261199763
@@@ mem[ 1632] = 00800793004f1713 : 36037124965734163
@@@ mem[ 1640] = 00f7879300179793 : 69673384679020435
@@@ mem[ 1648] = 004797930047d793 : 20151380967151507
@@@ mem[ 1656] = 0001079340f10133 : 289804007833907
@@@ mem[ 1664] = 0017d79300178793 : 6710950826051475
@@@ mem[ 1672] = faf42e2300179793 : 18083129131659663251
@@@ mem[ 1680] = 08c0006ffc041623 : 630504428801365539
@@@ mem[ 1688] = 00179793fcc41783 : 6640586321041283
@@@ mem[ 1696] = 00f707b3fac42703 : 69532788835231491
@@@ mem[ 1704] = 40175713fcc41703 : 4618255686248437507
@@@ mem[ 1712] = 4107571301071713 : 4685809676435527443
@@@ mem[ 1720] = 0007970300070613 : 2136363978130963
@@@ mem[ 1728] = 00161793fc442683 : 6218373847590531
@@@ mem[ 1736] = 00e7902300f687b3 : 65179199634573235
@@@ mem[ 1744] = 00178793fcc41783 : 6622994134996867
@@@ mem[ 1752] = fac4270300179793 : 18069610498757203859
@@@ mem[ 1760] = fcc4170300f707b3 : 18213708094661658547
@@@ mem[ 1768] = 0107171340175713 : 74053290321991443
@@@ mem[ 1776] = 0007061341075713 : 1977004602119955
@@@ mem[ 1784] = fbc4268300079703 : 18141667543038269187
@@@ mem[ 1792] = 00f687b300161793 : 69392047141164947
@@@ mem[ 1800] = fcc4578300e79023 : 18213779013160636451
@@@ mem[ 1808] = 0107979300278793 : 74194576493479827
@@@ mem[ 1816] = fcf416230107d793 : 18227217931472197523
@@@ mem[ 1824] = faa41783fcc41703 : 18060586261311395587
@@@ mem[ 1832] = fc442483f6f748e3 : 18177694145176881379
@@@ mem[ 1840] = 4017d793faa41783 : 4618396973456955267
@@@ mem[ 1848] = 4109591301079913 : 4686374825412237587
@@@ mem[ 1856] = fa845783fa845703 : 18051649430763099907
@@@ mem[ 1864] = 0107979302f707b3 : 74194576540633011
@@@ mem[ 1872] = 010797930107d793 : 74194576508180371
@@@ mem[ 1880] = 000785134107d793 : 2116642578880403
@@@ mem[ 1888] = d74080e700000097 : 15510538846289789079
@@@ mem[ 1896] = 0007861300050793 : 2117740999804819
@@@ mem[ 1904] = 0004851300090593 : 1272216558306707
@@@ mem[ 1912] = de0080e700000097 : 15996927606045802647
@@@ mem[ 1920] = faa41783fbc42483 : 18060586261294621827
@@@ mem[ 1928] = 010799134017d793 : 74196226833635219
@@@ mem[ 1936] = fa84570341095913 : 18051648877895440659
@@@ mem[ 1944] = 02f707b3fa845783 : 213647976906905475
@@@ mem[ 1952] = 0107d79301079793 : 74264945252341651
@@@ mem[ 1960] = 4107d79301079793 : 4685950963679729555
@@@ mem[ 1968] = 0000009700078513 : 648540554515
@@@ mem[ 1976] = 00050793d20080e7 : 1415706348388583
@@@ mem[ 1984] = 0009059300078613 : 2539403709220371
@@@ mem[ 1992] = 0000009700048513 : 648540357907
@@@ mem[ 2000] = 00100793d8c080e7 : 4511931205452007
@@@ mem[ 2008] = fc041623fcf41723 : 18159663941288204067
@@@ mem[ 2016] = fcc4178315c0006f : 18213708644766187631
@@@ mem[ 2024] = 00179793fc442703 : 6640586312656643
@@@ mem[ 2032] = 0007978300f707b3 : 2136913749673907
@@@ mem[ 2040] = 0107571301079713 : 74123658008172307
@@@ mem[ 2048] = fbc42683fcc41783 : 18141667547278481283
@@@ mem[ 2056] = 00f687b300179793 : 69392047141263251
@@@ mem[ 2064] = 0107969300079783 : 74193476979758979
@@@ mem[ 2072] = fce457830106d693 : 18222786212417427091
@@@ mem[ 2080] = 0107979302f687b3 : 74194576540600243
@@@ mem[ 2088] = 00f707b30107d793 : 69532784645363603
@@@ mem[ 2096] = 0107d79301079793 : 74264945252341651
@@@ mem[ 2104] = 4106d69301079693 : 4685668389191390867
@@@ mem[ 2112] = 00179793fcc41783 : 6640586321041283
@@@ mem[ 2120] = 00f704b3fac42703 : 69529490300348163
@@@ mem[ 2128] = 0000009700068513 : 648540488979
@@@ mem[ 2136] = 00050793c80080e7 : 1415706180616423
@@@ mem[ 2144] = fcc4178300f49023 : 18213708644417310755
@@@ mem[ 2152] = 00179793fc442703 : 6640586312656643
@@@ mem[ 2160] = 0007978300f707b3 : 2136913749673907
@@@ mem[ 2168] = 0107571301079713 : 74123658008172307
@@@ mem[ 2176] = fbc42683fcc41783 : 18141667547278481283
@@@ mem[ 2184] = 00f687b300179793 : 69392047141263251
@@@ mem[ 2192] = 0107969300079783 : 74193476979758979
@@@ mem[ 2200] = fce457830106d693 : 18222786212417427091
@@@ mem[ 2208] = 0107979302f687b3 : 74194576540600243
@@@ mem[ 2216] = 40f707b30107d793 : 4681218803072751507
@@@ mem[ 2224] = 0107d79301079793 : 74264945252341651
@@@ mem[ 2232] = 4106d69301079693 : 4685668389191390867
@@@ mem[ 2240] = faa41703fcc41783 : 18060585711555581827
@@@ mem[ 2248] = 0107171340175713 : 74053290321991443
@@@ mem[ 2256] = 00e787b341075713 : 65169923580057363
@@@ mem[ 2264] = fac4270300179793 : 18069610498757203859
@@@ mem[ 2272] = 0006851300f704b3 : 1835166527325363
@@@ mem[ 2280] = bec080e700000097 : 13745127792360554647
@@@ mem[ 2288] = 00f4902300050793 : 68838374315984787
@@@ mem[ 2296] = fa845783fce45703 : 18051649430802945795
@@@ mem[ 2304] = 0107979302f707b3 : 74194576540633011
@@@ mem[ 2312] = 010797930107d793 : 74194576508180371
@@@ mem[ 2320] = 000785134107d793 : 2116642578880403
@@@ mem[ 2328] = bbc080e700000097 : 13528955010246770839
@@@ mem[ 2336] = fcf4172300050793 : 18227219030966863763
@@@ mem[ 2344] = 00178793fcc45783 : 6622994135013251
@@@ mem[ 2352] = 0107d79301079793 : 74264945252341651
@@@ mem[ 2360] = faa41783fcf41623 : 18060586261314541091
@@@ mem[ 2368] = 010797934017d793 : 74194577566193555
@@@ mem[ 2376] = fcc417034107d793 : 18213708095736502163
@@@ mem[ 2384] = 0080006fe8f74ae3 : 36029277668854499
@@@ mem[ 2392] = 000c011300000013 : 3378880836534291
@@@ mem[ 2400] = 05c12083fa040113 : 414648391902167315
@@@ mem[ 2408] = 0541248305812403 : 378623988827497475
@@@ mem[ 2416] = 04c1298305012903 : 342600689358285059
@@@ mem[ 2424] = 04412a8304812a03 : 306572991842560515
@@@ mem[ 2432] = 03c12b8304012b03 : 270545294326835971
@@@ mem[ 2440] = 0601011303812c03 : 432628220379081731
@@@ mem[ 2448] = fd01011300008067 : 18230853947688517735
@@@ mem[ 2456] = 0301041302812623 : 216458736783402531
@@@ mem[ 2464] = fcb42c2300050793 : 18209227722201565075
@@@ mem[ 2472] = fe041723fcf41f23 : 18303780228875689763
@@@ mem[ 2480] = fde457830600006f : 18294843806538793071
@@@ mem[ 2488] = 020780630017f793 : 146226675604518803
@@@ mem[ 2496] = 00179793fee41783 : 6640586356692867
@@@ mem[ 2504] = 00f707b3fd842703 : 69532788881368835
@@@ mem[ 2512] = 00e7902300100713 : 65179199619467027
@@@ mem[ 2520] = fee417830180006f : 18366831031757045871
@@@ mem[ 2528] = fd84270300179793 : 18267768882361505683
@@@ mem[ 2536] = 0007902300f707b3 : 2128804851419059
@@@ mem[ 2544] = 4017d793fde41783 : 4618396973511481219
@@@ mem[ 2552] = fee45783fcf41f23 : 18366901404719914787
@@@ mem[ 2560] = 0107979300178793 : 74194576492431251
@@@ mem[ 2568] = fef417230107d793 : 18371334219059681171
@@@ mem[ 2576] = fee4170300800793 : 18366830481984456595
@@@ mem[ 2584] = 00000013f8f74ee3 : 85781335779
@@@ mem[ 2592] = 02c1240300000013 : 198479453884514323
@@@ mem[ 2600] = 0000806703010113 : 141179920384275
@@@ mem[ 2608] = 04112623fb010113 : 293057386732650771
@@@ mem[ 2616] = 0491222304812423 : 329081781569528867
@@@ mem[ 2624] = 03312e2305212023 : 230015783917396003
@@@ mem[ 2632] = 03512a2303412c23 : 239018585094171683
@@@ mem[ 2640] = 0501041303612823 : 360573924873938979
@@@ mem[ 2648] = 0005851300050293 : 1553691534754451
@@@ mem[ 2656] = fab41f2300028593 : 18065098240474383763
@@@ mem[ 2664] = fab41e2300050593 : 18065097140962919827
@@@ mem[ 2672] = 00058b1300010593 : 1560288604259731
@@@ mem[ 2680] = fff5859300800593 : 18443794715380811155
@@@ mem[ 2688] = 00800593fcb42e23 : 36034930176962083
@@@ mem[ 2696] = 00000a9300058a13 : 11626476833299
@@@ mem[ 2704] = 004a939301ca5593 : 20991407876101523
@@@ mem[ 2712] = 004a13130075e3b3 : 20850120609620915
@@@ mem[ 2720] = 0005891300800593 : 1558089589327251
@@@ mem[ 2728] = 01c9559300000993 : 128728154205325715
@@@ mem[ 2736] = 0115e8b300499893 : 78224424050464915
@@@ mem[ 2744] = 0080059300491813 : 36034925942085651
@@@ mem[ 2752] = 00f5859300159593 : 69108235702211987
@@@ mem[ 2760] = 004595930045d593 : 19586231990343059
@@@ mem[ 2768] = 0001059340b10133 : 287604980384051
@@@ mem[ 2776] = 0015d59300158593 : 6145801849243027
@@@ mem[ 2784] = fcb4282300159593 : 18209223324156138899
@@@ mem[ 2792] = fff5859300800593 : 18443794715380811155
@@@ mem[ 2800] = 00800593fcb42623 : 36034930176960035
@@@ mem[ 2808] = 00000f9300058f13 : 17124034973459
@@@ mem[ 2816] = 004f969301cf5593 : 22402081294865811
@@@ mem[ 2824] = 004f161300d5e6b3 : 22260794034349747
@@@ mem[ 2832] = 00068e1300800693 : 1845062124177043
@@@ mem[ 2840] = 01ce569300000e93 : 130136628600508051
@@@ mem[ 2848] = 00f6e7b3004e9793 : 69497600261134227
@@@ mem[ 2856] = 00800793004e1713 : 36037124965668627
@@@ mem[ 2864] = 00f7879300179793 : 69673384679020435
@@@ mem[ 2872] = 004797930047d793 : 20151380967151507
@@@ mem[ 2880] = 0001079340f10133 : 289804007833907
@@@ mem[ 2888] = 0017d79300178793 : 6710950826051475
@@@ mem[ 2896] = fcf4242300179793 : 18227233324619241363
@@@ mem[ 2904] = fbe41783fd042703 : 18150658253863003907
@@@ mem[ 2912] = 0007851300070593 : 2116641488307603
@@@ mem[ 2920] = e2c080e700000097 : 16339201177725960343
@@@ mem[ 2928] = fbc41783fc842703 : 18141651054599874307
@@@ mem[ 2936] = 0007851300070593 : 2116641488307603
@@@ mem[ 2944] = e14080e700000097 : 16231114786669068439
@@@ mem[ 2952] = 00800713fd042783 : 36036579449644931
@@@ mem[ 2960] = 0006861300200693 : 1836266024863379
@@@ mem[ 2968] = 0007851300070593 : 2116641488307603
@@@ mem[ 2976] = 9b8080e700000097 : 11205097602523594903
@@@ mem[ 2984] = 00800713fc842783 : 36036579441256323
@@@ mem[ 2992] = 0006861300200693 : 1836266024863379
@@@ mem[ 3000] = 0007851300070593 : 2116641488307603
@@@ mem[ 3008] = 998080e700000097 : 11060982414447739031
@@@ mem[ 3016] = 08c0006ffc041b23 : 630504428801366819
@@@ mem[ 3024] = fd042703fd641783 : 18231740089592190851
@@@ mem[ 3032] = 00f707b300179793 : 69532784629618579
@@@ mem[ 3040] = 0107971300079783 : 74194026735572867
@@@ mem[ 3048] = fd64178301075713 : 18258744640692246291
@@@ mem[ 3056] = 00179793fc842683 : 6640586316850819
@@@ mem[ 3064] = 0007978300f687b3 : 2136913749641139
@@@ mem[ 3072] = 0107d79301079793 : 74264945252341651
@@@ mem[ 3080] = 0107979302f707b3 : 74194576540633011
@@@ mem[ 3088] = 010797930107d793 : 74194576508180371
@@@ mem[ 3096] = fd6414834107d793 : 18258741343231137683
@@@ mem[ 3104] = 0000009700078513 : 648540554515
@@@ mem[ 3112] = 000507938b0080e7 : 1415705157206247
@@@ mem[ 3120] = fd04270300078693 : 18231740085341488787
@@@ mem[ 3128] = 00f707b300149793 : 69532784629421971
@@@ mem[ 3136] = fd64578300d79023 : 18258815009433292835
@@@ mem[ 3144] = 0107979300178793 : 74194576492431251
@@@ mem[ 3152] = fcf41b230107d793 : 18227223429030336403
@@@ mem[ 3160] = fd64170300800793 : 18258744090927564691
@@@ mem[ 3168] = fd042783f6f748e3 : 18231740639240210659
@@@ mem[ 3176] = 0090069300800713 : 40539625084684051
@@@ mem[ 3184] = 0007059300068613 : 1976453755733523
@@@ mem[ 3192] = 0000009700078513 : 648540554515
@@@ mem[ 3200] = 001007938dc080e7 : 4511929947160807
@@@ mem[ 3208] = fc041d23fcf41c23 : 18159671637869599779
@@@ mem[ 3216] = 10c0006ffc041b23 : 1206965181104790307
@@@ mem[ 3224] = fd042703fd641783 : 18231740089592190851
@@@ mem[ 3232] = 00f707b300179793 : 69532784629618579
@@@ mem[ 3240] = 0107971300079783 : 74194026735572867
@@@ mem[ 3248] = 00f0079301075713 : 67562322369402643
@@@ mem[ 3256] = 0107d79301079793 : 74264945252341651
@@@ mem[ 3264] = 0107979302f707b3 : 74194576540633011
@@@ mem[ 3272] = 010797930107d793 : 74194576508180371
@@@ mem[ 3280] = fd6414834107d793 : 18258741343231137683
@@@ mem[ 3288] = fffff09700078513 : 18446727130064061715
@@@ mem[ 3296] = 000507937f8080e7 : 1415704964268263
@@@ mem[ 3304] = fd04270300078693 : 18231740085341488787
@@@ mem[ 3312] = 00f707b300149793 : 69532784629421971
@@@ mem[ 3320] = fd64178300d79023 : 18258744640689115171
@@@ mem[ 3328] = 00179793fd042703 : 6640586325239555
@@@ mem[ 3336] = 0007978300f707b3 : 2136913749673907
@@@ mem[ 3344] = 0107571301079713 : 74123658008172307
@@@ mem[ 3352] = 02f707b3fd845783 : 213647976957237123
@@@ mem[ 3360] = 0107571301079713 : 74123658008172307
@@@ mem[ 3368] = 00f707b3fda45783 : 69532788883478403
@@@ mem[ 3376] = 0107d79301079793 : 74264945252341651
@@@ mem[ 3384] = 4107d79301079793 : 4685950963679729555
@@@ mem[ 3392] = fffff09700078513 : 18446727130064061715
@@@ mem[ 3400] = 00050793790080e7 : 1415704855216359
@@@ mem[ 3408] = fd845703fcf41d23 : 18267821663161949475
@@@ mem[ 3416] = 0107979300200793 : 74194576492988307
@@@ mem[ 3424] = 02f707b30107d793 : 213647972721219475
@@@ mem[ 3432] = 0107d79301079793 : 74264945252341651
@@@ mem[ 3440] = 4107d79301079793 : 4685950963679729555
@@@ mem[ 3448] = fffff09700078513 : 18446727130064061715
@@@ mem[ 3456] = 00050793758080e7 : 1415704796496103
@@@ mem[ 3464] = fd645783fcf41c23 : 18258815013663022115
@@@ mem[ 3472] = 0107979300178793 : 74194576492431251
@@@ mem[ 3480] = fcf41b230107d793 : 18227223429030336403
@@@ mem[ 3488] = fd64170300800793 : 18258744090927564691
@@@ mem[ 3496] = fda41783eef748e3 : 18276759043193653475
@@@ mem[ 3504] = 00078513000b0113 : 2116641488568595
@@@ mem[ 3512] = 04c12083fb040113 : 342590797881016595
@@@ mem[ 3520] = 0441248304812403 : 306566394772792323
@@@ mem[ 3528] = 03c1298304012903 : 270543095303579907
@@@ mem[ 3536] = 03412a8303812a03 : 234515397787855363
@@@ mem[ 3544] = 0501011303012b03 : 360570626332764931
@@@ mem[ 3552] = fe01011300008067 : 18302911541726445671
@@@ mem[ 3560] = 00812c2300112e23 : 36358800832278051
@@@ mem[ 3568] = 0100059302010413 : 72063722989880339
@@@ mem[ 3576] = 0000009700300513 : 648543208723
@@@ mem[ 3584] = 00050793c34080e7 : 1415706100924647
@@@ mem[ 3592] = 01700593fef42623 : 103588924625266211
@@@ mem[ 3600] = 0000009700400513 : 648544257299
@@@ mem[ 3608] = 00050793c1c080e7 : 1415706075758823
@@@ mem[ 3616] = fec42783fef42423 : 18357841428940596259
@@@ mem[ 3624] = 4107d79301079793 : 4685950963679729555
@@@ mem[ 3632] = 01071713fe842703 : 74053293516793603
@@@ mem[ 3640] = 0007059341075713 : 1976454846306067
@@@ mem[ 3648] = 0000009700078513 : 648540554515
@@@ mem[ 3656] = 00050793bec080e7 : 1415706025427175
@@@ mem[ 3664] = fe442783fef42223 : 18321812631921631779
@@@ mem[ 3672] = 01c1208300078513 : 126418011556381971
@@@ mem[ 3680] = 0201011301812403 : 144397844193813507
@@@ mem[ 3688] = 00f0031300008067 : 67557374549852263
@@@ mem[ 3696] = 02c37e6300050713 : 199141772201625363
@@@ mem[ 3704] = 0a07906300f77793 : 722705020108634003
@@@ mem[ 3712] = ff06769308059263 : 18376505703398740579
@@@ mem[ 3720] = 00e686b300f67613 : 64887348016870931
@@@ mem[ 3728] = 00b7222300b72023 : 51547454469251107
@@@ mem[ 3736] = 00b7262300b72423 : 51551852515763235
@@@ mem[ 3744] = fed766e301070713 : 18363259130787333907
@@@ mem[ 3752] = 0000806700061463 : 141179870385251
@@@ mem[ 3760] = 0026969340c306b3 : 10861608305886899
@@@ mem[ 3768] = 005686b300000297 : 24354951354385047
@@@ mem[ 3776] = 00b7072300c68067 : 51517767656308839
@@@ mem[ 3784] = 00b7062300b706a3 : 51516668143666851
@@@ mem[ 3792] = 00b7052300b705a3 : 51515568632038819
@@@ mem[ 3800] = 00b7042300b704a3 : 51514469120410787
@@@ mem[ 3808] = 00b7032300b703a3 : 51513369608782755
@@@ mem[ 3816] = 00b7022300b702a3 : 51512270097154723
@@@ mem[ 3824] = 00b7012300b701a3 : 51511170585526691
@@@ mem[ 3832] = 00b7002300b700a3 : 51510071073898659
@@@ mem[ 3840] = 0ff5f59300008067 : 1150095291572060263
@@@ mem[ 3848] = 00d5e5b300859693 : 60206727010031251
@@@ mem[ 3856] = 00d5e5b301059693 : 60206727018419859
@@@ mem[ 3864] = 00279693f6dff06f : 11143086337945711
@@@ mem[ 3872] = 005686b300000297 : 24354951354385047
@@@ mem[ 3880] = fa0680e700008293 : 18016229088968082067
@@@ mem[ 3888] = ff07879300028093 : 18376805869938704531
@@@ mem[ 3896] = 00f6063340f70733 : 69249661473851187
@@@ mem[ 3904] = f3dff06ff6c378e3 : 17573028634695006435
@@@
@@@ mem[ 4000] = 0002001100010008 : 563022967930888
@@@ mem[ 4008] = 00000000000f0009 : 983049
@@@
@@@ mem[ 4032] = 0000400000000fe0 : 70368744181728
@@@
@@@ mem[64920] = 0000fdf000010001 : 279207234043905
@@@
@@@ mem[64968] = 000000000000fe10 : 65040
@@@ mem[64976] = 0000000000000008 : 8
@@@ mem[64984] = 0010000000000008 : 4503599627370504
@@@ mem[64992] = 0000fdf000000001 : 279207233978369
@@@ mem[65000] = 0000fe700000fe70 : 279756989857392
@@@ mem[65008] = 0000000000000001 : 1
@@@
@@@ mem[65024] = 000000000000000d : 13
@@@
@@@ mem[65048] = 0000fe7000020010 : 279756989923344
@@@
@@@ mem[65064] = 0000fdf000000000 : 279207233978368
@@@ mem[65072] = 0000fe0000000007 : 279275953455111
@@@ mem[65080] = 0010000100000007 : 4503603922337799
@@@
@@@ mem[65096] = 000000000000fe90 : 65168
@@@ mem[65104] = 0000000000000008 : 8
@@@ mem[65112] = 0010000000000008 : 4503599627370504
@@@ mem[65120] = 0000fe7000000002 : 279756989792258
@@@ mem[65128] = 0000fef00000fef0 : 280306745671408
@@@ mem[65136] = 00000000000c000e : 786446
@@@
@@@ mem[65152] = 00000000000e000c : 917516
@@@
@@@ mem[65176] = 0000fef00004000d : 280306745868301
@@@
@@@ mem[65192] = 0000fe7000000000 : 279756989792256
@@@ mem[65200] = 0000fe8000000007 : 279825709268999
@@@ mem[65208] = 0010000200000007 : 4503608217305095
@@@
@@@ mem[65224] = 000000000000ff10 : 65296
@@@ mem[65232] = 0000000000000008 : 8
@@@ mem[65240] = 0010000000000008 : 4503599627370504
@@@ mem[65248] = 0000fef000000004 : 280306745606148
@@@ mem[65256] = 0000ff700000ff70 : 280856501485424
@@@ mem[65264] = 000b000f00000009 : 3096289168326665
@@@
@@@ mem[65280] = 000c000800080008 : 3377734080790536
@@@
@@@ mem[65304] = 0000ff8000080009 : 280925221421065
@@@
@@@ mem[65320] = 0000fef000000000 : 280306745606144
@@@ mem[65328] = 0000ff0000000007 : 280375465082887
@@@ mem[65336] = 0010000400000007 : 4503616807239687
@@@
@@@ mem[65360] = 000000000000ff90 : 65424
@@@ mem[65368] = 0001000000000008 : 281474976710664
@@@ mem[65376] = 0000000700000008 : 30064771080
@@@ mem[65384] = 0000ffe00000ffe0 : 281337537822688
@@@ mem[65392] = 0005000400070003 : 1407392063881219
@@@ mem[65400] = 0006000d00030001 : 1688905695035393
@@@ mem[65408] = 0003000200010000 : 844433520132096
@@@ mem[65416] = 0000000000010002 : 65538
@@@
@@@ mem[65432] = 000e000700000000 : 3940679738720256
@@@
@@@ mem[65448] = 000000070000ff70 : 30064836464
@@@ mem[65456] = 000800000000ff80 : 2251799813750656
@@@ mem[65464] = 00000007000d0001 : 30065623041
@@@
@@@ mem[65496] = 00000e4c00010000 : 15719580368896
@@@ mem[65504] = 0000000d00000000 : 55834574848
@@@ mem[65512] = 0000000e00000007 : 60129542151
@@@
@@@ mem[65528] = 000000a00000000d : 687194767373
@@@
@@@ System halted on WFI instruction
@@@
