@@@ Unified Memory contents hex on left, decimal on right: 
@@@
@@@ mem[    0] = 0000009700000013 : 648540061715
@@@ mem[    8] = 0001011709c08093 : 282673436197011
@@@ mem[   16] = 00010413ff410113 : 285958910050579
@@@ mem[   24] = 1081819300001197 : 1189374244962701719
@@@ mem[   32] = 0000029300000213 : 2830383448595
@@@ mem[   40] = 0000039300000313 : 3929895076627
@@@ mem[   48] = 0000051300000493 : 5579162518675
@@@ mem[   56] = 0000061300000593 : 6678674146707
@@@ mem[   64] = 0000071300000693 : 7778185774739
@@@ mem[   72] = 0000081300000793 : 8877697402771
@@@ mem[   80] = 0000091300000893 : 9977209030803
@@@ mem[   88] = 00000a1300000993 : 11076720658835
@@@ mem[   96] = 00000b1300000a93 : 12176232286867
@@@ mem[  104] = 00000c1300000b93 : 13275743914899
@@@ mem[  112] = 00000d1300000c93 : 14375255542931
@@@ mem[  120] = 00000e1300000d93 : 15474767170963
@@@ mem[  128] = 00000f1300000e93 : 16574278798995
@@@ mem[  136] = 1000006f00000f93 : 1152921981348220819
@@@
@@@ mem[  160] = f601011300010117 : 17726450789423055127
@@@ mem[  168] = 00000013fea12c23 : 85876354083
@@@ mem[  176] = fc01011310500073 : 18158796353924235379
@@@ mem[  184] = 0401041302812e23 : 288516330821332515
@@@ mem[  192] = fcb42c23fca42e23 : 18209227726439853603
@@@ mem[  200] = fcd42823fcc42a23 : 18218230527650179619
@@@ mem[  208] = fe042623fce42623 : 18303796721549059619
@@@ mem[  216] = fe042023fe042223 : 18303790124498166307
@@@ mem[  224] = fe042623fe042423 : 18303796721567933475
@@@ mem[  232] = fec427830700006f : 18357841424780623983
@@@ mem[  240] = fdc4270300279793 : 18285783280872036243
@@@ mem[  248] = 0007a68300f707b3 : 2153406424090547
@@@ mem[  256] = 00279793fec42783 : 11144185981970307
@@@ mem[  264] = 00f707b3fd842703 : 69532788881368835
@@@ mem[  272] = fec427830007a703 : 18357841424663684867
@@@ mem[  280] = fd44260300279793 : 18249753384341444499
@@@ mem[  288] = 02e6873300f607b3 : 209003085848512435
@@@ mem[  296] = fec4278300e7a023 : 18357841424678363171
@@@ mem[  304] = fd44270300279793 : 18249754483853072275
@@@ mem[  312] = 0007a78300f707b3 : 2154505935718323
@@@ mem[  320] = 00f707b3fe842703 : 69532788898146051
@@@ mem[  328] = fec42783fef42423 : 18357841428940596259
@@@ mem[  336] = fef4262300178793 : 18371350711718348691
@@@ mem[  344] = 9407a783000017b7 : 10666678423532869559
@@@ mem[  352] = f8f744e3fec42703 : 17939883386676193027
@@@ mem[  360] = fd042783fe842703 : 18231740639366883075
@@@ mem[  368] = fcc4278300f70733 : 18213726236603516723
@@@ mem[  376] = 0000001300e7a023 : 81619558435
@@@ mem[  384] = 0401011303c12403 : 288513032307418115
@@@ mem[  392] = f901011300008067 : 17942623571536805991
@@@ mem[  400] = 0681242306112623 : 468695569067484707
@@@ mem[  408] = 0721202306912223 : 513727167303066147
@@@ mem[  416] = 05412c2305312e23 : 378632372598418979
@@@ mem[  424] = 0561282305512a23 : 387635173808744995
@@@ mem[  432] = 0581242305712623 : 396637975019071011
@@@ mem[  440] = 05a1202305912223 : 405640776229397027
@@@ mem[  448] = 0701041303b12e23 : 504689112955039267
@@@ mem[  456] = 0002849300010293 : 708716848546451
@@@ mem[  464] = 9402a283000012b7 : 10665265551091176119
@@@ mem[  472] = fa142a23fff28093 : 18020074343122501779
@@@ mem[  480] = 00008d1300028093 : 155112744059027
@@@ mem[  488] = 01bd509300000d93 : 125344956926659987
@@@ mem[  496] = 01d0eeb3005d9e93 : 130866841766436499
@@@ mem[  504] = 00028e13005d1e13 : 719162215046675
@@@ mem[  512] = 00000c93000e0c13 : 13825500646419
@@@ mem[  520] = 005c939301bc5e13 : 26057957455978003
@@@ mem[  528] = 005c1313007e63b3 : 25916670190969779
@@@ mem[  536] = 0023131300028313 : 9872596510343955
@@@ mem[  544] = 0043531300f30313 : 18950164525024019
@@@ mem[  552] = 4061013300431313 : 4638990409727677203
@@@ mem[  560] = 0033031300010313 : 14358603951571731
@@@ mem[  568] = 0023131300235313 : 9872596512494355
@@@ mem[  576] = 00001337fa642c23 : 21131144997923
@@@ mem[  584] = fff30e1394032303 : 18443100376262714115
@@@ mem[  592] = 00030e13fbc42e23 : 859903921237539
@@@ mem[  600] = 00000b93000e0b13 : 12725989018387
@@@ mem[  608] = 005b989301bb5e13 : 25781980037340691
@@@ mem[  616] = 005b1813011e68b3 : 25640692782885043
@@@ mem[  624] = 00080a1300030813 : 2262876534540307
@@@ mem[  632] = 01ba581300000a93 : 124508778333735571
@@@ mem[  640] = 00b865b3005a9593 : 51903215194248595
@@@ mem[  648] = 00030593005a1513 : 850553854366995
@@@ mem[  656] = 00f5859300259593 : 69108235703260563
@@@ mem[  664] = 004595930045d593 : 19586231990343059
@@@ mem[  672] = 0001059340b10133 : 287604980384051
@@@ mem[  680] = 0025d59300358593 : 10649401478710675
@@@ mem[  688] = fab4262300259593 : 18065105937058076051
@@@ mem[  696] = 9405a583000015b7 : 10666113274556192183
@@@ mem[  704] = faa42423fff58513 : 18060600142699267347
@@@ mem[  712] = 0005091300058513 : 1417352092943635
@@@ mem[  720] = 01b9551300000993 : 124224004822141331
@@@ mem[  728] = 00d566b300599693 : 60067089030420115
@@@ mem[  736] = 0005869300591613 : 1555340807706131
@@@ mem[  744] = 00000f9300068f13 : 17124035038995
@@@ mem[  752] = 005f979301bf5693 : 26906780432815763
@@@ mem[  760] = 005f171300f6e7b3 : 26765493175510963
@@@ mem[  768] = 0027979300058793 : 11144181708064659
@@@ mem[  776] = 0047d79300f78793 : 20221749722843027
@@@ mem[  784] = 40f1013300479793 : 4679522806374307731
@@@ mem[  792] = 0037879300010793 : 15630189149095827
@@@ mem[  800] = 002797930027d793 : 11144181710313363
@@@ mem[  808] = fa042823faf42223 : 18015568544388096547
@@@ mem[  816] = 0000009707c0006f : 648670085231
@@@ mem[  824] = 00050713114080e7 : 1415153358766311
@@@ mem[  832] = fff78793000107b7 : 18444359864349165495
@@@ mem[  840] = fb84268300f77733 : 18123653144544507699
@@@ mem[  848] = 00279793fb042783 : 11144185919055747
@@@ mem[  856] = 00e7a02300f687b3 : 65196791820617651
@@@ mem[  864] = 0e8080e700000097 : 1044976843175755927
@@@ mem[  872] = 000107b700050713 : 289957537449747
@@@ mem[  880] = 00f77733fff78793 : 69655384468981651
@@@ mem[  888] = fb042783fac42683 : 18087625451228112515
@@@ mem[  896] = 00f687b300279793 : 69392047142311827
@@@ mem[  904] = fa44270300e7a023 : 18033581701751873571
@@@ mem[  912] = 00279793fb042783 : 11144185919055747
@@@ mem[  920] = 0007a02300f707b3 : 2146397037463475
@@@ mem[  928] = 00178793fb042783 : 6622994105640835
@@@ mem[  936] = 000017b7faf42823 : 26078956759075
@@@ mem[  944] = fb0427039407a783 : 18087624899748669315
@@@ mem[  952] = 00000097f6f74ee3 : 652683464419
@@@ mem[  960] = faa4202308c080e7 : 18060595740505309415
@@@ mem[  968] = fac42583fb842783 : 18069608853707958147
@@@ mem[  976] = f9c40713fa442603 : 17997517793263887875
@@@ mem[  984] = 00078513fa042683 : 2116645682423427
@@@ mem[  992] = cd4080e700000097 : 14789962905910509719
@@@ mem[ 1000] = 0004811300000793 : 1267818511206291
@@@ mem[ 1008] = f904011300078513 : 17943467996467397907
@@@ mem[ 1016] = 0681240306c12083 : 468695431640064131
@@@ mem[ 1024] = 0601290306412483 : 432672132170851459
@@@ mem[ 1032] = 05812a0305c12983 : 396644434655127939
@@@ mem[ 1040] = 05012b0305412a83 : 360616737139403395
@@@ mem[ 1048] = 04812c0304c12b83 : 324589039623678851
@@@ mem[ 1056] = 04012d0304412c83 : 288561342107954307
@@@ mem[ 1064] = 0701011303c12d83 : 504685814421204355
@@@ mem[ 1072] = 000017b700008067 : 26074746486887
@@@ mem[ 1080] = 0aa7a4239447a783 : 767762734208493443
@@@ mem[ 1088] = 000080670a07a623 : 141180038260259
@@@ mem[ 1096] = 9447a803000017b7 : 10684693371798165431
@@@ mem[ 1104] = f2d585934c9585b7 : 17498038794909484471
@@@ mem[ 1112] = 0ac827030a882683 : 776913829736490627
@@@ mem[ 1120] = 0017861302b687b3 : 6621340672362419
@@@ mem[ 1128] = 0ac8242300f637b3 : 776910668480001971
@@@ mem[ 1136] = 42d606135851f637 : 4816043531675235895
@@@ mem[ 1144] = 02b7073302c68633 : 195633024485197363
@@@ mem[ 1152] = 00c7073302b6b6b3 : 56021436035675827
@@@ mem[ 1160] = 00e787b300d70733 : 65169922503149363
@@@ mem[ 1168] = 0af8262300179513 : 790423666370778387
@@@ mem[ 1176] = 0000806700155513 : 141179871384851
@@@
@@@ mem[ 1248] = 0000000000000500 : 1280
@@@
@@@ mem[ 1280] = 000007ec00000000 : 8710193676288
@@@ mem[ 1288] = 000008bc00000854 : 9603546875988
@@@
@@@ mem[ 1448] = ab894868b3b04fc6 : 12360490266823512006
@@@ mem[ 1456] = e66d1234abcd330e : 16603947418614838030
@@@ mem[ 1464] = 0000000b0005deec : 47245025004
@@@
@@@ mem[ 2368] = 0000050000000004 : 5497558138884
@@@
@@@ mem[65320] = 0000ff9c00000000 : 281045479981056
@@@ mem[65328] = 0000ff602b894868 : 280788512360552
@@@ mem[65336] = 0000ff800000ff70 : 280925220962160
@@@
@@@ mem[65352] = 0000000403a59ba9 : 17241054121
@@@
@@@ mem[65368] = 0001000000000000 : 281474976710656
@@@ mem[65376] = 2f4ad736864e0c63 : 3407772697240669283
@@@ mem[65384] = 2cbc4540215072d0 : 3223527575029576400
@@@ mem[65392] = 0000312900008ccf : 54052163456207
@@@ mem[65400] = 000059d800005db4 : 98784247831988
@@@ mem[65408] = 0000f6460000f42d : 270780508206125
@@@ mem[65416] = 00007f7800005b04 : 140153372826372
@@@
@@@ mem[65432] = 2f2ee41100000000 : 3399905530376880128
@@@ mem[65440] = 0000ff602b894868 : 280788512360552
@@@ mem[65448] = 0000ff7000000003 : 280856501420035
@@@ mem[65456] = 0000000300000004 : 12884901892
@@@ mem[65464] = 000000030000ff80 : 12884967296
@@@
@@@ mem[65528] = 000000a000000000 : 687194767360
@@@
@@@ System halted on WFI instruction
@@@
