@@@ Unified Memory contents hex on left, decimal on right: 
@@@
@@@ mem[    0] = 0000009700000013 : 648540061715
@@@ mem[    8] = 0001011709c08093 : 282673436197011
@@@ mem[   16] = 00010413ff410113 : 285958910050579
@@@ mem[   24] = b681819300002197 : 13150934855258743191
@@@ mem[   32] = 0000029300000213 : 2830383448595
@@@ mem[   40] = 0000039300000313 : 3929895076627
@@@ mem[   48] = 0000051300000493 : 5579162518675
@@@ mem[   56] = 0000061300000593 : 6678674146707
@@@ mem[   64] = 0000071300000693 : 7778185774739
@@@ mem[   72] = 0000081300000793 : 8877697402771
@@@ mem[   80] = 0000091300000893 : 9977209030803
@@@ mem[   88] = 00000a1300000993 : 11076720658835
@@@ mem[   96] = 00000b1300000a93 : 12176232286867
@@@ mem[  104] = 00000c1300000b93 : 13275743914899
@@@ mem[  112] = 00000d1300000c93 : 14375255542931
@@@ mem[  120] = 00000e1300000d93 : 15474767170963
@@@ mem[  128] = 00000f1300000e93 : 16574278798995
@@@ mem[  136] = 1840106f00000f93 : 1747414724347170707
@@@
@@@ mem[  160] = f601011300010117 : 17726450789423055127
@@@ mem[  168] = 00000013fea12c23 : 85876354083
@@@ mem[  176] = fd01011310500073 : 18230853947962163315
@@@ mem[  184] = 0281242302112623 : 180465192848664099
@@@ mem[  192] = fca42e2303010413 : 18204726321647518739
@@@ mem[  200] = 000017b7fdc42703 : 26079003944707
@@@ mem[  208] = 00f76a633c478793 : 69641293693159315
@@@ mem[  216] = 3c478793000057b7 : 4343589431052097463
@@@ mem[  224] = 00e7f863fdc42703 : 65293827963102979
@@@ mem[  232] = 0000009700100513 : 648541111571
@@@ mem[  240] = fdc42783fb4080e7 : 18285783834840563943
@@@ mem[  248] = fef42423ff878793 : 18371348516980623251
@@@ mem[  256] = 3cc7a783000057b7 : 4379653343723673527
@@@ mem[  264] = 03c0006ffef42623 : 270216458661013027
@@@ mem[  272] = 0007a783fec42783 : 2154510193796995
@@@ mem[  280] = 02f76063fec42703 : 213745489915684611
@@@ mem[  288] = fec42783fe842703 : 18357841428933256963
@@@ mem[  296] = fec4278302e7ee63 : 18357841424711937635
@@@ mem[  304] = fe8427030007a783 : 18339826476398389123
@@@ mem[  312] = fec4278302f76663 : 18357841424712951395
@@@ mem[  320] = fef426230007a783 : 18371350711717308291
@@@ mem[  328] = fec42783fe842703 : 18357841428933256963
@@@ mem[  336] = fec42783fce7f0e3 : 18357841428906242275
@@@ mem[  344] = fe8427030007a783 : 18339826476398389123
@@@ mem[  352] = fe842783faf778e3 : 18339827030364223715
@@@ mem[  360] = 003797930047a783 : 15647781339768707
@@@ mem[  368] = 00f70733fe842703 : 69532239142332163
@@@ mem[  376] = 0007a783fec42783 : 2154510193796995
@@@ mem[  384] = fe84278302f71e63 : 18339827026203450979
@@@ mem[  392] = fec427830047a703 : 18357841424667879171
@@@ mem[  400] = 0047a7830007a783 : 20168904429512579
@@@ mem[  408] = fe84278300f70733 : 18339827026169890611
@@@ mem[  416] = fec4278300e7a223 : 18357841424678363683
@@@ mem[  424] = 0007a7030007a783 : 2153956164216707
@@@ mem[  432] = 00e7a023fe842783 : 65196796074534787
@@@ mem[  440] = fec427830140006f : 18357841424684154991
@@@ mem[  448] = fe8427830007a703 : 18339827026154202883
@@@ mem[  456] = fec4278300e7a023 : 18357841424678363171
@@@ mem[  464] = 003797930047a783 : 15647781339768707
@@@ mem[  472] = 00f707b3fec42703 : 69532788902340355
@@@ mem[  480] = 02f71a63fe842703 : 213668524097545987
@@@ mem[  488] = 0047a703fec42783 : 20168358947465091
@@@ mem[  496] = 0047a783fe842783 : 20168908699084675
@@@ mem[  504] = fec4278300f70733 : 18357841424679372595
@@@ mem[  512] = fe84278300e7a223 : 18339827026168881699
@@@ mem[  520] = fec427830007a703 : 18357841424663684867
@@@ mem[  528] = 0100006f00e7a023 : 72058070794477603
@@@ mem[  536] = fe842703fec42783 : 18339826480672155523
@@@ mem[  544] = 000057b700e7a023 : 96443505811491
@@@ mem[  552] = 3ce7a623fec42703 : 4388659035424171779
@@@ mem[  560] = 02c1208300000013 : 198475605593817107
@@@ mem[  568] = 0301011302812403 : 216455438248518659
@@@ mem[  576] = fd01011300008067 : 18230853947688517735
@@@ mem[  584] = 0281242302112623 : 180465192848664099
@@@ mem[  592] = fca42e2303010413 : 18204726321647518739
@@@ mem[  600] = 3a47a783000017b7 : 4199509358628837303
@@@ mem[  608] = 00e7f663fdc42703 : 65291628939847427
@@@ mem[  616] = 0700006f00000793 : 504403635006867347
@@@ mem[  624] = 3a07a783000017b7 : 4181494960119355319
@@@ mem[  632] = 000017b7fef42623 : 26079023867427
@@@ mem[  640] = fdc427833a07a703 : 18285783831598835459
@@@ mem[  648] = 000017b700f70733 : 26074762643251
@@@ mem[  656] = 000017b73ae7a023 : 26075734712355
@@@ mem[  664] = fdc427833a47a703 : 18285783831603029763
@@@ mem[  672] = 000017b740f70733 : 26075836385075
@@@ mem[  680] = fdc427833ae7a223 : 18285783831613514275
@@@ mem[  688] = fec42783ff878713 : 18357841428950255379
@@@ mem[  696] = fec4278300e7a223 : 18357841424678363683
@@@ mem[  704] = fef4262300878793 : 18371350711725688723
@@@ mem[  712] = 00000097fec42503 : 652814329091
@@@ mem[  720] = 000057b7de8080e7 : 96447223595239
@@@ mem[  728] = 000785133cc7a783 : 2116642507564931
@@@ mem[  736] = 0281240302c12083 : 180465055421243523
@@@ mem[  744] = 0000806703010113 : 141179920384275
@@@ mem[  752] = 02112623fd010113 : 148942198690349331
@@@ mem[  760] = 0301041302812423 : 216458736783402019
@@@ mem[  768] = fdc42703fca42e23 : 18285783285108059683
@@@ mem[  776] = 00e7f663000047b7 : 65291624682375095
@@@ mem[  784] = 15c0006f00000793 : 1567253147066304403
@@@ mem[  792] = 0037f793fdc42783 : 15753338708830083
@@@ mem[  800] = fdc4278300078a63 : 18285783830625749603
@@@ mem[  808] = 00478793ffc7f793 : 20133793067693971
@@@ mem[  816] = fdc42783fcf42e23 : 18285783834869116451
@@@ mem[  824] = fef4222300878793 : 18371346313679177619
@@@ mem[  832] = 3cc7a783000057b7 : 4379653343723673527
@@@ mem[  840] = fe842783fef42423 : 18339827030431114275
@@@ mem[  848] = 000057b702079e63 : 96443524685411
@@@ mem[  856] = fef424233c478793 : 18371348513704871827
@@@ mem[  864] = fe842703000057b7 : 18339826476397909943
@@@ mem[  872] = 000057b73ce7a623 : 96444512445987
@@@ mem[  880] = 000057b73cc7a703 : 96444510349059
@@@ mem[  888] = 00e7a0233c478793 : 65196792815781779
@@@ mem[  896] = 3c478793000057b7 : 4343589431052097463
@@@ mem[  904] = fe8427830007a223 : 18339827026154201635
@@@ mem[  912] = fef426230007a783 : 18371350711717308291
@@@ mem[  920] = 0047a783fec42783 : 20168908703278979
@@@ mem[  928] = 08e7e263fdc42703 : 641730391010715395
@@@ mem[  936] = 0047a783fec42783 : 20168908703278979
@@@ mem[  944] = 00f71c63fdc42703 : 69555535032362755
@@@ mem[  952] = 0007a703fec42783 : 2153960437983107
@@@ mem[  960] = 00e7a023fe842783 : 65196796074534787
@@@ mem[  968] = fec427830400006f : 18357841424730292335
@@@ mem[  976] = fe4427830047a703 : 18321812627648915203
@@@ mem[  984] = fec4278340f70733 : 18357841425753114419
@@@ mem[  992] = fec4278300e7a223 : 18357841424678363683
@@@ mem[ 1000] = 003797930047a783 : 15647781339768707
@@@ mem[ 1008] = 00f707b3fec42703 : 69532788902340355
@@@ mem[ 1016] = fec42783fef42623 : 18357841428940596771
@@@ mem[ 1024] = 00e7a223fdc42703 : 65198995085207299
@@@ mem[ 1032] = fe842703000057b7 : 18339826476397909943
@@@ mem[ 1040] = fec427833ce7a623 : 18357841425684997667
@@@ mem[ 1048] = fef4262300878793 : 18371350711725688723
@@@ mem[ 1056] = 04c0006ffec42783 : 342274052695795587
@@@ mem[ 1064] = 3cc7a783000057b7 : 4379653343723673527
@@@ mem[ 1072] = 02f71263fec42703 : 213659728008718083
@@@ mem[ 1080] = 00000097fe442503 : 652805940483
@@@ mem[ 1088] = fea42623e08080e7 : 18348832717346472167
@@@ mem[ 1096] = 00079663fec42783 : 2135681057171331
@@@ mem[ 1104] = 01c0006f00000793 : 126101266307745683
@@@ mem[ 1112] = fef42423fec42783 : 18371348516967819139
@@@ mem[ 1120] = 0007a783fec42783 : 2154510193796995
@@@ mem[ 1128] = f2dff06ffef42623 : 17500971040794486307
@@@ mem[ 1136] = 02c1208300078513 : 198475605594309907
@@@ mem[ 1144] = 0301011302812403 : 216455438248518659
@@@ mem[ 1152] = fd01011300008067 : 18230853947688517735
@@@ mem[ 1160] = 0281242302112623 : 180465192848664099
@@@ mem[ 1168] = fca42e2303010413 : 18204726321647518739
@@@ mem[ 1176] = 00000097fdc42503 : 652797551875
@@@ mem[ 1184] = fea42623e54080e7 : 18348832717426163943
@@@ mem[ 1192] = 00000593fdc42603 : 6133175821827
@@@ mem[ 1200] = 00001097fec42503 : 18245000373507
@@@ mem[ 1208] = fec42783da4080e7 : 18357841428324843751
@@@ mem[ 1216] = 02c1208300078513 : 198475605594309907
@@@ mem[ 1224] = 0301011302812403 : 216455438248518659
@@@ mem[ 1232] = fd01011300008067 : 18230853947688517735
@@@ mem[ 1240] = 0281242302112623 : 180465192848664099
@@@ mem[ 1248] = fca42e2303010413 : 18204726321647518739
@@@ mem[ 1256] = 0000009700800513 : 648548451603
@@@ mem[ 1264] = fea42623e04080e7 : 18348832717342277863
@@@ mem[ 1272] = fdc42703fec42783 : 18285783285143709571
@@@ mem[ 1280] = fec4278300e7a023 : 18357841424678363171
@@@ mem[ 1288] = fec427830007a223 : 18357841424663683619
@@@ mem[ 1296] = 02c1208300078513 : 198475605594309907
@@@ mem[ 1304] = 0301011302812403 : 216455438248518659
@@@ mem[ 1312] = fd01011300008067 : 18230853947688517735
@@@ mem[ 1320] = 0281242302112623 : 180465192848664099
@@@ mem[ 1328] = fca42e2303010413 : 18204726321647518739
@@@ mem[ 1336] = 0000009700c00513 : 648552645907
@@@ mem[ 1344] = fea42423db4080e7 : 18348830518235136231
@@@ mem[ 1352] = fdc42703fe842783 : 18285783285139515267
@@@ mem[ 1360] = fdc4278300e7a023 : 18285783830640435235
@@@ mem[ 1368] = 0007851300279793 : 2116641490442131
@@@ mem[ 1376] = d90080e700000097 : 15636639635856162967
@@@ mem[ 1384] = fe84278300050713 : 18339827026154030867
@@@ mem[ 1392] = fdc4278300e7a223 : 18285783830640435747
@@@ mem[ 1400] = 0007851300279793 : 2116641490442131
@@@ mem[ 1408] = d70080e700000097 : 15492524447780307095
@@@ mem[ 1416] = fe84278300050713 : 18339827026154030867
@@@ mem[ 1424] = fe04262300e7a423 : 18303796717321430051
@@@ mem[ 1432] = fe8427830400006f : 18339827026220810351
@@@ mem[ 1440] = fec427830047a703 : 18357841424667879171
@@@ mem[ 1448] = 00f707b300279793 : 69532784630667155
@@@ mem[ 1456] = fe8427830007a023 : 18339827026154201123
@@@ mem[ 1464] = fec427830087a703 : 18357841424672073475
@@@ mem[ 1472] = 00f707b300279793 : 69532784630667155
@@@ mem[ 1480] = fec427830007a023 : 18357841424663683107
@@@ mem[ 1488] = fef4262300178793 : 18371350711718348691
@@@ mem[ 1496] = fdc42783fec42703 : 18285783834899523331
@@@ mem[ 1504] = fe842783faf74ee3 : 18339827030364212963
@@@ mem[ 1512] = 02c1208300078513 : 198475605594309907
@@@ mem[ 1520] = 0301011302812403 : 216455438248518659
@@@ mem[ 1528] = fd01011300008067 : 18230853947688517735
@@@ mem[ 1536] = 0281242302112623 : 180465192848664099
@@@ mem[ 1544] = fca42e2303010413 : 18204726321647518739
@@@ mem[ 1552] = fcc42a23fcb42c23 : 18213729127045016611
@@@ mem[ 1560] = 00000097fd442503 : 652789163267
@@@ mem[ 1568] = fea42623eb8080e7 : 18348832717531021543
@@@ mem[ 1576] = 0047a703fdc42783 : 20168358930687875
@@@ mem[ 1584] = 00279793fd842783 : 11144185960998787
@@@ mem[ 1592] = 0007a70300f707b3 : 2153956179904435
@@@ mem[ 1600] = 00e7a223fec42783 : 65198995101984643
@@@ mem[ 1608] = 0047a703fdc42783 : 20168358930687875
@@@ mem[ 1616] = 00279793fd842783 : 11144185960998787
@@@ mem[ 1624] = fec4270300f707b3 : 18357840874923558835
@@@ mem[ 1632] = fd84250300e7a023 : 18267766683351883811
@@@ mem[ 1640] = e6c080e700000097 : 16627431553877672087
@@@ mem[ 1648] = fdc42783fea42623 : 18285783834897425955
@@@ mem[ 1656] = fd4427830047a703 : 18249755033610987267
@@@ mem[ 1664] = 00f707b300279793 : 69532784630667155
@@@ mem[ 1672] = fec427830007a703 : 18357841424663684867
@@@ mem[ 1680] = fdc4278300e7a223 : 18285783830640435747
@@@ mem[ 1688] = fd4427830047a703 : 18249755033610987267
@@@ mem[ 1696] = 00f707b300279793 : 69532784630667155
@@@ mem[ 1704] = 00e7a023fec42703 : 65196796078728963
@@@ mem[ 1712] = 02c1208300000013 : 198475605593817107
@@@ mem[ 1720] = 0301011302812403 : 216455438248518659
@@@ mem[ 1728] = fe01011300008067 : 18302911541726445671
@@@ mem[ 1736] = 00812c2300112e23 : 36358800832278051
@@@ mem[ 1744] = 0a80051302010413 : 756610316594381843
@@@ mem[ 1752] = c18080e700000097 : 13943286175964856471
@@@ mem[ 1760] = fec42783fea42623 : 18357841428935353891
@@@ mem[ 1768] = 0ae7a023fff00713 : 785772736477660947
@@@ mem[ 1776] = fff00713fec42783 : 18442248256542222211
@@@ mem[ 1784] = fec427830ae7a223 : 18357841424846135843
@@@ mem[ 1792] = 01c1208300078513 : 126418011556381971
@@@ mem[ 1800] = 0201011301812403 : 144397844193813507
@@@ mem[ 1808] = fe01011300008067 : 18302911541726445671
@@@ mem[ 1816] = 0201041300812e23 : 144401142711922211
@@@ mem[ 1824] = fec42783fea42623 : 18357841428935353891
@@@ mem[ 1832] = fff007930a47a703 : 18442248802196236035
@@@ mem[ 1840] = 0010079300f71663 : 4511927585150563
@@@ mem[ 1848] = 000007930080006f : 8327949975663
@@@ mem[ 1856] = 01c1240300078513 : 126421859847079187
@@@ mem[ 1864] = 0000806702010113 : 141179903607059
@@@ mem[ 1872] = 00812e23fe010113 : 36361004115886355
@@@ mem[ 1880] = fea4262302010413 : 18348832713613575187
@@@ mem[ 1888] = fec42783feb42423 : 18357841428936401955
@@@ mem[ 1896] = 027007930a47a703 : 175648713581504259
@@@ mem[ 1904] = fec4278304f70663 : 18357841424746481251
@@@ mem[ 1912] = fff007930a07a703 : 18442248802192041731
@@@ mem[ 1920] = fec4278300f71663 : 18357841424679376483
@@@ mem[ 1928] = fec427830a07a023 : 18357841424831455267
@@@ mem[ 1936] = 001787130a47a783 : 6622440310941571
@@@ mem[ 1944] = 0ae7a223fec42783 : 785774935481264003
@@@ mem[ 1952] = 0a47a783fec42783 : 740744849082558339
@@@ mem[ 1960] = 00279793fec42703 : 11144185981970179
@@@ mem[ 1968] = fe84270300f707b3 : 18339826476414076851
@@@ mem[ 1976] = 0000001300e7a023 : 81619558435
@@@ mem[ 1984] = 0201011301c12403 : 144397844198007811
@@@ mem[ 1992] = fd01011300008067 : 18230853947688517735
@@@ mem[ 2000] = 0281242302112623 : 180465192848664099
@@@ mem[ 2008] = fca42e2303010413 : 18204726321647518739
@@@ mem[ 2016] = 00000097fdc42503 : 652797551875
@@@ mem[ 2024] = 00050793f30080e7 : 1415706902036711
@@@ mem[ 2032] = fff0079300078863 : 18442248802024261731
@@@ mem[ 2040] = 0640006ffef42623 : 450360443755832867
@@@ mem[ 2048] = 0a07a783fdc42783 : 722730450556299139
@@@ mem[ 2056] = 00279793fdc42703 : 11144185965192963
@@@ mem[ 2064] = 0007a78300f707b3 : 2154505935718323
@@@ mem[ 2072] = fdc42783fef42623 : 18285783834902668835
@@@ mem[ 2080] = 001787130a07a783 : 6622440306747267
@@@ mem[ 2088] = 0ae7a023fdc42783 : 785772736441231235
@@@ mem[ 2096] = 0a07a703fdc42783 : 722729900800485251
@@@ mem[ 2104] = 0a47a783fdc42783 : 740744849065781123
@@@ mem[ 2112] = fdc4278302e7d063 : 18285783830674002019
@@@ mem[ 2120] = 0ae7a223fff00713 : 785774935500916499
@@@ mem[ 2128] = 0a47a703fdc42783 : 740744299309967235
@@@ mem[ 2136] = 0ae7a023fdc42783 : 785772736441231235
@@@ mem[ 2144] = 00078513fec42783 : 2116645762115459
@@@ mem[ 2152] = 0281240302c12083 : 180465055421243523
@@@ mem[ 2160] = 0000806703010113 : 141179920384275
@@@ mem[ 2168] = 02112623fd010113 : 148942198690349331
@@@ mem[ 2176] = 0301041302812423 : 216458736783402019
@@@ mem[ 2184] = fcb42c23fca42e23 : 18209227726439853603
@@@ mem[ 2192] = e34080e700000097 : 16375229974744924311
@@@ mem[ 2200] = fdc42783fea42423 : 18285783834897425443
@@@ mem[ 2208] = fd8427830087a703 : 18267769432124663555
@@@ mem[ 2216] = 00f707b300279793 : 69532784630667155
@@@ mem[ 2224] = 00e7a02300100713 : 65196791805511443
@@@ mem[ 2232] = fe842503fd842583 : 18339824281627927939
@@@ mem[ 2240] = e90080e700000097 : 16789561140463009943
@@@ mem[ 2248] = fe84250309c0006f : 18339824277538209903
@@@ mem[ 2256] = efc080e700000097 : 17275949900219023511
@@@ mem[ 2264] = fdc42783fea42223 : 18285783834897424931
@@@ mem[ 2272] = fe4427830047a703 : 18321812627648915203
@@@ mem[ 2280] = 00f707b300279793 : 69532784630667155
@@@ mem[ 2288] = fef426230007a783 : 18371350711717308291
@@@ mem[ 2296] = fec427830640006f : 18357841424768041071
@@@ mem[ 2304] = fef420230007a783 : 18371344114647541635
@@@ mem[ 2312] = 0087a703fdc42783 : 38182757440169859
@@@ mem[ 2320] = 00279793fe042783 : 11144185969387395
@@@ mem[ 2328] = 0007a78300f707b3 : 2154505935718323
@@@ mem[ 2336] = fdc4278302079863 : 18285783830659307619
@@@ mem[ 2344] = fe0427830087a703 : 18303798229143627523
@@@ mem[ 2352] = 00f707b300279793 : 69532784630667155
@@@ mem[ 2360] = 00e7a02300100713 : 65196791805511443
@@@ mem[ 2368] = fe842503fe042583 : 18339824281636316547
@@@ mem[ 2376] = e08080e700000097 : 16177071591140622487
@@@ mem[ 2384] = 0047a783fec42783 : 20168908703278979
@@@ mem[ 2392] = fec42783fef42623 : 18357841428940596771
@@@ mem[ 2400] = fe842503f8079ee3 : 18339824281535880931
@@@ mem[ 2408] = dac080e700000097 : 15762740425422536855
@@@ mem[ 2416] = f4078ce300050793 : 17584178176677185427
@@@ mem[ 2424] = 0000001300000013 : 81604378643
@@@ mem[ 2432] = 0281240302c12083 : 180465055421243523
@@@ mem[ 2440] = 0000806703010113 : 141179920384275
@@@ mem[ 2448] = 00112e23fe010113 : 4835806724292883
@@@ mem[ 2456] = 0201041300812c23 : 144401142711921699
@@@ mem[ 2464] = 0000009700600513 : 648546354451
@@@ mem[ 2472] = fea42623b80080e7 : 18348832716666994919
@@@ mem[ 2480] = 0000059300100613 : 6128919381523
@@@ mem[ 2488] = 00000097fec42503 : 652814329091
@@@ mem[ 2496] = 00200613c40080e7 : 9013881217253607
@@@ mem[ 2504] = fec4250300000593 : 18357838675884115347
@@@ mem[ 2512] = c2c080e700000097 : 14033358168512266391
@@@ mem[ 2520] = 0010059300200613 : 4509728547800595
@@@ mem[ 2528] = 00000097fec42503 : 652814329091
@@@ mem[ 2536] = 00400613c18080e7 : 18021080430051559
@@@ mem[ 2544] = fec4250300100593 : 18357838675885163923
@@@ mem[ 2552] = c04080e700000097 : 13853214183417446551
@@@ mem[ 2560] = 0010059300300613 : 4509728548849171
@@@ mem[ 2568] = 00000097fec42503 : 652814329091
@@@ mem[ 2576] = 00400613bf0080e7 : 18021080388108519
@@@ mem[ 2584] = fec4250300200593 : 18357838675886212499
@@@ mem[ 2592] = bdc080e700000097 : 13673070198322626711
@@@ mem[ 2600] = 0030059300400613 : 13516927804638739
@@@ mem[ 2608] = 00000097fec42503 : 652814329091
@@@ mem[ 2616] = 00000593bc8080e7 : 6132080869607
@@@ mem[ 2624] = 00000097fec42503 : 652814329091
@@@ mem[ 2632] = 00000013e34080e7 : 85417033959
@@@ mem[ 2640] = 0181240301c12083 : 108407461366538371
@@@ mem[ 2648] = 0000806702010113 : 141179903607059
@@@ mem[ 2656] = 02112623fd010113 : 148942198690349331
@@@ mem[ 2664] = 0301041302812423 : 216458736783402019
@@@ mem[ 2672] = fcb42c23fca42e23 : 18209227726439853603
@@@ mem[ 2680] = 0000009700800513 : 648548451603
@@@ mem[ 2688] = fea42623874080e7 : 18348832715849105639
@@@ mem[ 2696] = fd842703fec42783 : 18267768886634227587
@@@ mem[ 2704] = fdc4278300e7a023 : 18285783830640435235
@@@ mem[ 2712] = fec427830007a703 : 18357841424663684867
@@@ mem[ 2720] = fdc4278300e7a223 : 18285783830640435747
@@@ mem[ 2728] = 00e7a023fec42703 : 65196796078728963
@@@ mem[ 2736] = 02c1208300000013 : 198475605593817107
@@@ mem[ 2744] = 0301011302812403 : 216455438248518659
@@@ mem[ 2752] = fd01011300008067 : 18230853947688517735
@@@ mem[ 2760] = 0301041302812623 : 216458736783402531
@@@ mem[ 2768] = fcb42c23fca42e23 : 18209227726439853603
@@@ mem[ 2776] = 0007a783fdc42783 : 2154510177019779
@@@ mem[ 2784] = fd842783fef42623 : 18267769436393186851
@@@ mem[ 2792] = fdc427830007a703 : 18285783830625756931
@@@ mem[ 2800] = fd84278300e7a023 : 18267769432130953251
@@@ mem[ 2808] = 00e7a023fec42703 : 65196796078728963
@@@ mem[ 2816] = 02c1240300000013 : 198479453884514323
@@@ mem[ 2824] = 0000806703010113 : 141179920384275
@@@ mem[ 2832] = 02112623fd010113 : 148942198690349331
@@@ mem[ 2840] = 0301041302812423 : 216458736783402019
@@@ mem[ 2848] = fe042223fca42e23 : 18303792323498356259
@@@ mem[ 2856] = 06078e63fdc42783 : 434472449174939523
@@@ mem[ 2864] = fdc42783fe042623 : 18285783834886940195
@@@ mem[ 2872] = 0480006ffef42423 : 324259654189458467
@@@ mem[ 2880] = 0007a703fe842783 : 2153960433788803
@@@ mem[ 2888] = 0047a783fe842783 : 20168908699084675
@@@ mem[ 2896] = 02e7d2630007a783 : 209367230340114307
@@@ mem[ 2904] = 0047a783fe842783 : 20168908699084675
@@@ mem[ 2912] = fe84250300078593 : 18339824277375124883
@@@ mem[ 2920] = f5c080e700000097 : 17708295464446591127
@@@ mem[ 2928] = fef4262300100793 : 18371350711717857171
@@@ mem[ 2936] = 0047a783fe842783 : 20168908699084675
@@@ mem[ 2944] = fe842783fef42423 : 18339827030431114275
@@@ mem[ 2952] = fe4427030047a783 : 18321812077893101443
@@@ mem[ 2960] = fe842783faf718e3 : 18339827030364199139
@@@ mem[ 2968] = fec42783fef42223 : 18357841428940595747
@@@ mem[ 2976] = 0080006ff80798e3 : 36029277921581283
@@@ mem[ 2984] = 02c1208300000013 : 198475605593817107
@@@ mem[ 2992] = 0301011302812403 : 216455438248518659
@@@ mem[ 3000] = fd01011300008067 : 18230853947688517735
@@@ mem[ 3008] = 0281242302112623 : 180465192848664099
@@@ mem[ 3016] = 000017b703010413 : 26074796852243
@@@ mem[ 3024] = 0007a50338078793 : 2151758080477075
@@@ mem[ 3032] = 0087a6030047a583 : 38181653675746691
@@@ mem[ 3040] = 0107a70300c7a683 : 74211550214727299
@@@ mem[ 3048] = fca42a230147a783 : 18204721923572082563
@@@ mem[ 3056] = fcc42e23fcb42c23 : 18213733525091527715
@@@ mem[ 3064] = fee42223fed42023 : 18366842718318239779
@@@ mem[ 3072] = fc042823fef42423 : 18159683732531061795
@@@ mem[ 3080] = 0380006ffe042623 : 252202060135802403
@@@ mem[ 3088] = 00279793fec42783 : 11144185981970307
@@@ mem[ 3096] = 00f707b3ff040713 : 69532788906526483
@@@ mem[ 3104] = fd040793fe47a703 : 18231705523710306051
@@@ mem[ 3112] = 0007851300070593 : 2116641488307603
@@@ mem[ 3120] = e30080e700000097 : 16357215576235442327
@@@ mem[ 3128] = 00178793fec42783 : 6622994168555395
@@@ mem[ 3136] = fec42703fef42623 : 18357840879184782883
@@@ mem[ 3144] = fce7d2e300500793 : 18223766289582655379
@@@ mem[ 3152] = 00078513fd042783 : 2116645732755331
@@@ mem[ 3160] = eb8080e700000097 : 16969705125557829783
@@@ mem[ 3168] = 02c1208300000013 : 198475605593817107
@@@ mem[ 3176] = 0301011302812403 : 216455438248518659
@@@ mem[ 3184] = fe01011300008067 : 18302911541726445671
@@@ mem[ 3192] = 0201041300812e23 : 144401142711922211
@@@ mem[ 3200] = 000017b7fea42623 : 26079018624547
@@@ mem[ 3208] = 001787133a87a783 : 6622441120442243
@@@ mem[ 3216] = 3ae7a423000017b7 : 4244541644050798519
@@@ mem[ 3224] = 3a87a783000017b7 : 4217523757138319287
@@@ mem[ 3232] = 4347071300005737 : 4847851302073423671
@@@ mem[ 3240] = 00f707b300279793 : 69532784630667155
@@@ mem[ 3248] = 00e7a023fec42703 : 65196796078728963
@@@ mem[ 3256] = 01c1240300000013 : 126421859846586387
@@@ mem[ 3264] = 0000806702010113 : 141179903607059
@@@ mem[ 3272] = 00812623ff010113 : 36352208039641363
@@@ mem[ 3280] = 000017b701010413 : 26074763297811
@@@ mem[ 3288] = fff786933a87a783 : 18444358765819438979
@@@ mem[ 3296] = 3ad7242300001737 : 4239897306935072567
@@@ mem[ 3304] = 4347071300005737 : 4847851302073423671
@@@ mem[ 3312] = 00f707b300279793 : 69532784630667155
@@@ mem[ 3320] = 000785130007a783 : 2116641488349059
@@@ mem[ 3328] = 0101011300c12403 : 72340250143302659
@@@ mem[ 3336] = ff01011300008067 : 18374969135764373607
@@@ mem[ 3344] = 0101041300812623 : 72343548673992227
@@@ mem[ 3352] = 3a87a783000017b7 : 4217523757138319287
@@@ mem[ 3360] = 4347071300005737 : 4847851302073423671
@@@ mem[ 3368] = 00f707b300279793 : 69532784630667155
@@@ mem[ 3376] = 000785130007a783 : 2116641488349059
@@@ mem[ 3384] = 0101011300c12403 : 72340250143302659
@@@ mem[ 3392] = ff01011300008067 : 18374969135764373607
@@@ mem[ 3400] = 0101041300812623 : 72343548673992227
@@@ mem[ 3408] = 3a87a783000017b7 : 4217523757138319287
@@@ mem[ 3416] = 0017b79300178793 : 6675766453962643
@@@ mem[ 3424] = 000785130ff7f793 : 2116641755756435
@@@ mem[ 3432] = 0101011300c12403 : 72340250143302659
@@@ mem[ 3440] = fe01011300008067 : 18302911541726445671
@@@ mem[ 3448] = 00812c2300112e23 : 36358800832278051
@@@ mem[ 3456] = 0010051302010413 : 4509178823509011
@@@ mem[ 3464] = 568080e7fffff097 : 6233123618201530519
@@@ mem[ 3472] = fec42783fea42623 : 18357841428935353891
@@@ mem[ 3480] = 000017b700078023 : 26074746945571
@@@ mem[ 3488] = 001786933c07a783 : 6621891389794179
@@@ mem[ 3496] = 3cd7202300001737 : 4384008096964417335
@@@ mem[ 3504] = 4487071300005737 : 4937923294620833591
@@@ mem[ 3512] = 00f707b300279793 : 69532784630667155
@@@ mem[ 3520] = 00e7a023fec42703 : 65196796078728963
@@@ mem[ 3528] = 01c1208300000013 : 126418011555889171
@@@ mem[ 3536] = 0201011301812403 : 144397844193813507
@@@ mem[ 3544] = fe01011300008067 : 18302911541726445671
@@@ mem[ 3552] = 0201041300812e23 : 144401142711922211
@@@ mem[ 3560] = feb42423fea42623 : 18353334118456239651
@@@ mem[ 3568] = 3d078693000057b7 : 4397631527068915639
@@@ mem[ 3576] = 00070793fec42703 : 1978657052829443
@@@ mem[ 3584] = 00e787b300279793 : 65169922491651987
@@@ mem[ 3592] = 00e787b3fe842703 : 65169926759130883
@@@ mem[ 3600] = 00f687b300279793 : 69392047142311827
@@@ mem[ 3608] = 00e7a02300100713 : 65196791805511443
@@@ mem[ 3616] = 3d078693000057b7 : 4397631527068915639
@@@ mem[ 3624] = 00070793fe842703 : 1978657048635139
@@@ mem[ 3632] = 00e787b300279793 : 65169922491651987
@@@ mem[ 3640] = 00e787b3fec42703 : 65169926763325187
@@@ mem[ 3648] = 00f687b300279793 : 69392047142311827
@@@ mem[ 3656] = 00e7a02300100713 : 65196791805511443
@@@ mem[ 3664] = 01c1240300000013 : 126421859846586387
@@@ mem[ 3672] = 0000806702010113 : 141179903607059
@@@ mem[ 3680] = 02812623fd010113 : 180467396081942803
@@@ mem[ 3688] = fca42e2303010413 : 18204726321647518739
@@@ mem[ 3696] = 0740006ffe042623 : 522418037778032163
@@@ mem[ 3704] = 3d078693000057b7 : 4397631527068915639
@@@ mem[ 3712] = 00070793fdc42703 : 1978657036052227
@@@ mem[ 3720] = 00e787b300279793 : 65169922491651987
@@@ mem[ 3728] = 00e787b3fec42703 : 65169926763325187
@@@ mem[ 3736] = 00f687b300279793 : 69392047142311827
@@@ mem[ 3744] = 001007930007a703 : 4511927569458947
@@@ mem[ 3752] = 000057b702f71a63 : 96443540380259
@@@ mem[ 3760] = fec4278344878713 : 18357841425812915987
@@@ mem[ 3768] = 00f707b300279793 : 69532784630667155
@@@ mem[ 3776] = 0007c7830007a783 : 2189690292119427
@@@ mem[ 3784] = 0ff7f7930017c793 : 1150660440550262675
@@@ mem[ 3792] = fec4278300078663 : 18357841424663676515
@@@ mem[ 3800] = fec427830240006f : 18357841424700932207
@@@ mem[ 3808] = fef4262300178793 : 18371350711718348691
@@@ mem[ 3816] = 3c07a783000017b7 : 4325610148195211191
@@@ mem[ 3824] = f8f742e3fec42703 : 17939881187652937475
@@@ mem[ 3832] = 00078513fff00793 : 2116645781768083
@@@ mem[ 3840] = 0301011302c12403 : 216455438252712963
@@@ mem[ 3848] = fe01011300008067 : 18302911541726445671
@@@ mem[ 3856] = 00812c2300112e23 : 36358800832278051
@@@ mem[ 3864] = 000057b702010413 : 96443524252691
@@@ mem[ 3872] = 0007a78344878793 : 2154507069261715
@@@ mem[ 3880] = 00e7802300100713 : 65161607433422611
@@@ mem[ 3888] = 0000009700000513 : 648540062995
@@@ mem[ 3896] = 0640006fd40080e7 : 450360443035222247
@@@ mem[ 3904] = dcc080e700000097 : 15906855613498392727
@@@ mem[ 3912] = 0007851300050793 : 2116641488177043
@@@ mem[ 3920] = f10080e700000097 : 17366021892766433431
@@@ mem[ 3928] = fe842703fea42423 : 18339826480670057507
@@@ mem[ 3936] = 00f71863fff00793 : 69551137022281619
@@@ mem[ 3944] = d60080e700000097 : 15420466853742379159
@@@ mem[ 3952] = 000057b70300006f : 96443540963439
@@@ mem[ 3960] = fe84278344878713 : 18339827027303434003
@@@ mem[ 3968] = 00f707b300279793 : 69532784630667155
@@@ mem[ 3976] = 001007130007a783 : 4511377813645187
@@@ mem[ 3984] = fe84250300e78023 : 18339824277389803555
@@@ mem[ 3992] = cdc080e700000097 : 14825991702929473687
@@@ mem[ 4000] = da4080e700000097 : 15726711628403572887
@@@ mem[ 4008] = 0017c79300050793 : 6693358638794643
@@@ mem[ 4016] = f80796e30ff7f793 : 17872419548212754323
@@@ mem[ 4024] = 02c0006ffe042623 : 198158864607356451
@@@ mem[ 4032] = 44878713000057b7 : 4938064032109189047
@@@ mem[ 4040] = 00279793fec42783 : 11144185981970307
@@@ mem[ 4048] = 0007a78300f707b3 : 2154505935718323
@@@ mem[ 4056] = fec4278300078023 : 18357841424663674915
@@@ mem[ 4064] = fef4262300178793 : 18371350711718348691
@@@ mem[ 4072] = 3c07a783000017b7 : 4325610148195211191
@@@ mem[ 4080] = fcf746e3fec42703 : 18228115961851160323
@@@ mem[ 4088] = 0000001300000013 : 81604378643
@@@ mem[ 4096] = 0181240301c12083 : 108407461366538371
@@@ mem[ 4104] = 0000806702010113 : 141179903607059
@@@ mem[ 4112] = 00112e23fe010113 : 4835806724292883
@@@ mem[ 4120] = 0201041300812c23 : 144401142711921699
@@@ mem[ 4128] = 05c0006ffe042623 : 414331646721140259
@@@ mem[ 4136] = 03c0006ffe042423 : 270216458645283875
@@@ mem[ 4144] = 3d078693000057b7 : 4397631527068915639
@@@ mem[ 4152] = 00070793fec42703 : 1978657052829443
@@@ mem[ 4160] = 00e787b300279793 : 65169922491651987
@@@ mem[ 4168] = 00e787b3fe842703 : 65169926759130883
@@@ mem[ 4176] = 00f687b300279793 : 69392047142311827
@@@ mem[ 4184] = fe8427830007a023 : 18339827026154201123
@@@ mem[ 4192] = fef4242300178793 : 18371348512695093139
@@@ mem[ 4200] = 00400793fe842703 : 18022730721142531
@@@ mem[ 4208] = fec42783fce7d0e3 : 18357841428906234083
@@@ mem[ 4216] = fef4262300178793 : 18371350711718348691
@@@ mem[ 4224] = 00400793fec42703 : 18022730725336835
@@@ mem[ 4232] = 00000097fae7d0e3 : 652749557987
@@@ mem[ 4240] = 00000097ce8080e7 : 652004589799
@@@ mem[ 4248] = 00000097ce0080e7 : 651996201191
@@@ mem[ 4256] = 00000097cd8080e7 : 651987812583
@@@ mem[ 4264] = 00000097cd0080e7 : 651979423975
@@@ mem[ 4272] = 00100593cc8080e7 : 4509731976675559
@@@ mem[ 4280] = 0000009700000513 : 648540062995
@@@ mem[ 4288] = 00200593d20080e7 : 9013331696320743
@@@ mem[ 4296] = 0000009700000513 : 648540062995
@@@ mem[ 4304] = 00300593d10080e7 : 13516931306914023
@@@ mem[ 4312] = 0000009700000513 : 648540062995
@@@ mem[ 4320] = 00400593d00080e7 : 18020530917507303
@@@ mem[ 4328] = 0000009700100513 : 648541111571
@@@ mem[ 4336] = 00400593cf0080e7 : 18020530900730087
@@@ mem[ 4344] = 0000009700200513 : 648542160147
@@@ mem[ 4352] = 00400593ce0080e7 : 18020530883952871
@@@ mem[ 4360] = 0000009700300513 : 648543208723
@@@ mem[ 4368] = 00000097cd0080e7 : 651979423975
@@@ mem[ 4376] = 00000013df8080e7 : 85354119399
@@@ mem[ 4384] = 0181240301c12083 : 108407461366538371
@@@ mem[ 4392] = 0000806702010113 : 141179903607059
@@@ mem[ 4400] = 00112e23fe010113 : 4835806724292883
@@@ mem[ 4408] = 0201041300812c23 : 144401142711921699
@@@ mem[ 4416] = 00058793fea42623 : 1556444585666083
@@@ mem[ 4424] = fef405a300068713 : 18371314977589331731
@@@ mem[ 4432] = fef4052300060793 : 18371314427833485203
@@@ mem[ 4440] = fef404a300070793 : 18371313878077736851
@@@ mem[ 4448] = 00100793fec42703 : 4511931843225347
@@@ mem[ 4456] = 0000079300f71663 : 8327957780067
@@@ mem[ 4464] = fec427830500006f : 18357841424747069551
@@@ mem[ 4472] = fea44683fff78793 : 18348868314563315603
@@@ mem[ 4480] = feb44703fe944603 : 18353372463923217923
@@@ mem[ 4488] = 0007851300070593 : 2116641488307603
@@@ mem[ 4496] = fa0080e700000097 : 18014540239107784855
@@@ mem[ 4504] = fff78793fec42783 : 18444359868623366019
@@@ mem[ 4512] = fea44603feb44683 : 18348867764786316931
@@@ mem[ 4520] = 00070593fe944703 : 1976458026436355
@@@ mem[ 4528] = 0000009700078513 : 648540554515
@@@ mem[ 4536] = 00000793f7c080e7 : 8332098175207
@@@ mem[ 4544] = 01c1208300078513 : 126418011556381971
@@@ mem[ 4552] = 0201011301812403 : 144397844193813507
@@@ mem[ 4560] = ff01011300008067 : 18374969135764373607
@@@ mem[ 4568] = 0081242300112623 : 36350004739253795
@@@ mem[ 4576] = 0420069301010413 : 297244803853255699
@@@ mem[ 4584] = 0410059304300613 : 292740104767669779
@@@ mem[ 4592] = 0000009700500513 : 648545305875
@@@ mem[ 4600] = 00000013f3c080e7 : 85693858023
@@@ mem[ 4608] = 0081240300c12083 : 36349867311833219
@@@ mem[ 4616] = 0000806701010113 : 141179886829843
@@@ mem[ 4624] = 00112623ff010113 : 4827010648047891
@@@ mem[ 4632] = 0101041300812423 : 72343548673991715
@@@ mem[ 4640] = 770080e7fffff097 : 8574995424434188439
@@@ mem[ 4648] = 994080e700000097 : 11042968015938257047
@@@ mem[ 4656] = de0080e700000097 : 15996927606045802647
@@@ mem[ 4664] = f9c080e700000097 : 17996525840598302871
@@@ mem[ 4672] = 0007851300000793 : 2116641487849363
@@@ mem[ 4680] = 0081240300c12083 : 36349867311833219
@@@ mem[ 4688] = 0000806701010113 : 141179886829843
@@@ mem[ 4696] = 0005071300f00313 : 1415153085055763
@@@ mem[ 4704] = 00f7779302c37e63 : 69655792537796195
@@@ mem[ 4712] = 080592630a079063 : 578029081254662243
@@@ mem[ 4720] = 00f67613ff067693 : 69372672525891219
@@@ mem[ 4728] = 00b7202300e686b3 : 51545255449102003
@@@ mem[ 4736] = 00b7242300b72223 : 51549653492507171
@@@ mem[ 4744] = 0107071300b72623 : 74035697072678435
@@@ mem[ 4752] = 00061463fed766e3 : 1711269570111203
@@@ mem[ 4760] = 40c306b300008067 : 4666581004754911335
@@@ mem[ 4768] = 0000029700269693 : 2847565846163
@@@ mem[ 4776] = 00c68067005686b3 : 55873225264367283
@@@ mem[ 4784] = 00b706a300b70723 : 51517217899480867
@@@ mem[ 4792] = 00b705a300b70623 : 51516118387852835
@@@ mem[ 4800] = 00b704a300b70523 : 51515018876224803
@@@ mem[ 4808] = 00b703a300b70423 : 51513919364596771
@@@ mem[ 4816] = 00b702a300b70323 : 51512819852968739
@@@ mem[ 4824] = 00b701a300b70223 : 51511720341340707
@@@ mem[ 4832] = 00b700a300b70123 : 51510620829712675
@@@ mem[ 4840] = 0000806700b70023 : 141179881979939
@@@ mem[ 4848] = 008596930ff5f593 : 37601730274653587
@@@ mem[ 4856] = 0105969300d5e5b3 : 73630527039858099
@@@ mem[ 4864] = f6dff06f00d5e5b3 : 17789201412682802611
@@@ mem[ 4872] = 0000029700279693 : 2847565911699
@@@ mem[ 4880] = 00008293005686b3 : 143567877473971
@@@ mem[ 4888] = 00028093fa0680e7 : 704322996699367
@@@ mem[ 4896] = 40f70733ff078793 : 4681218257578330003
@@@ mem[ 4904] = f6c378e300f60633 : 17781188670157882931
@@@ mem[ 4912] = 00000000f3dff06f : 4091539567
@@@
@@@ mem[ 4992] = 000000380000000c : 240518168588
@@@ mem[ 5000] = 0000000b00000002 : 47244640258
@@@ mem[ 5008] = 0000005a00000001 : 386547056641
@@@
@@@ mem[ 5024] = 00003d8000001644 : 67619965113924
@@@ mem[ 5032] = 00000000ffffffff : 4294967295
@@@
@@@ mem[ 5056] = 000053c400000005 : 92101278695429
@@@ mem[ 5064] = 000000060000000c : 25769803788
@@@ mem[ 5072] = 00001400000013e0 : 21990232560608
@@@ mem[ 5080] = 00000018000053c4 : 103079236548
@@@ mem[ 5088] = 000014a000001440 : 22677427328064
@@@ mem[ 5096] = 000014e0000014c0 : 22952305235136
@@@ mem[ 5104] = 00000000000014f0 : 5360
@@@ mem[ 5112] = 00000018000053c4 : 103079236548
@@@ mem[ 5120] = 0000000100000001 : 4294967297
@@@ mem[ 5128] = 0000000100000001 : 4294967297
@@@ mem[ 5136] = 0000000000000001 : 1
@@@ mem[ 5144] = 00000008000053c4 : 34359759812
@@@ mem[ 5152] = 0000000000000001 : 1
@@@ mem[ 5160] = 00000008000053c4 : 34359759812
@@@
@@@ mem[ 5176] = 00000008000053c4 : 34359759812
@@@ mem[ 5184] = 0000142000000002 : 22127671508994
@@@ mem[ 5192] = 00000008000053c4 : 34359759812
@@@
@@@ mem[ 5208] = 00000008000053c4 : 34359759812
@@@ mem[ 5216] = 0000143000000002 : 22196390985730
@@@ mem[ 5224] = 00000008000053c4 : 34359759812
@@@ mem[ 5232] = 0000145000000001 : 22333829939201
@@@ mem[ 5240] = 00000008000053c4 : 34359759812
@@@ mem[ 5248] = 0000146000000004 : 22402549415940
@@@ mem[ 5256] = 00000008000053c4 : 34359759812
@@@ mem[ 5264] = 0000000000000001 : 1
@@@ mem[ 5272] = 00000008000053c4 : 34359759812
@@@ mem[ 5280] = 0000148000000003 : 22539988369411
@@@ mem[ 5288] = 00000008000053c4 : 34359759812
@@@ mem[ 5296] = 0000000000000001 : 1
@@@ mem[ 5304] = 00000008000053c4 : 34359759812
@@@ mem[ 5312] = 0000147000000004 : 22471268892676
@@@ mem[ 5320] = 00000008000053c4 : 34359759812
@@@ mem[ 5328] = 0000149000000002 : 22608707846146
@@@ mem[ 5336] = 00000008000053c4 : 34359759812
@@@ mem[ 5344] = 000014b000000004 : 22746146799620
@@@ mem[ 5352] = 00000008000053c4 : 34359759812
@@@ mem[ 5360] = 000014d000000003 : 22883585753091
@@@ mem[ 5368] = 000000a8000053c4 : 721554527172
@@@ mem[ 5376] = 0000000100000002 : 4294967298
@@@ mem[ 5384] = 0000000300000004 : 12884901892
@@@
@@@ mem[ 5536] = ffffffffffffffff : 18446744073709551615
@@@ mem[ 5544] = 00000008000053c4 : 34359759812
@@@ mem[ 5552] = 000000000000005a : 90
@@@ mem[ 5560] = 00000008000053c4 : 34359759812
@@@ mem[ 5568] = 000015b000000038 : 23845658427448
@@@ mem[ 5576] = 00000008000053c4 : 34359759812
@@@ mem[ 5584] = 000015c00000000c : 23914377904140
@@@ mem[ 5592] = 00000008000053c4 : 34359759812
@@@ mem[ 5600] = 000015d00000000b : 23983097380875
@@@ mem[ 5608] = 00000008000053c4 : 34359759812
@@@ mem[ 5616] = 000015e000000002 : 24051816857602
@@@ mem[ 5624] = 00000008000053c4 : 34359759812
@@@ mem[ 5632] = 000015f000000001 : 24120536334337
@@@ mem[ 5640] = 00000004000053c4 : 17179890628
@@@ mem[ 5648] = 000053c400000000 : 92101278695424
@@@ mem[ 5656] = 0000000000000004 : 4
@@@ mem[ 5664] = 00000004000053c4 : 17179890628
@@@ mem[ 5672] = 000053c400000000 : 92101278695424
@@@ mem[ 5680] = 0000000000000004 : 4
@@@ mem[ 5688] = 00000004000053c4 : 17179890628
@@@
@@@ mem[21440] = 000053c400000000 : 92101278695424
@@@ mem[21448] = 000053c400000000 : 92101278695424
@@@ mem[21456] = 0000000100000000 : 4294967296
@@@ mem[21464] = 0000000100000001 : 4294967297
@@@ mem[21472] = 0000000100000000 : 4294967296
@@@
@@@ mem[21488] = 0000000100000000 : 4294967296
@@@ mem[21496] = 0000000000000001 : 1
@@@
@@@ mem[21512] = 0000000100000001 : 4294967297
@@@
@@@ mem[21528] = 0000000100000000 : 4294967296
@@@ mem[21536] = 0000000100000000 : 4294967296
@@@ mem[21544] = 0000000100000001 : 4294967297
@@@
@@@ mem[21560] = 0000000400000001 : 17179869185
@@@ mem[21568] = 0000000000000003 : 3
@@@ mem[21576] = 0000161c00001610 : 24309514901008
@@@ mem[21584] = 0000163400001628 : 24412594116136
@@@ mem[21592] = 0000000000001640 : 5696
@@@
@@@ mem[65256] = 000014f000000000 : 23021024706560
@@@
@@@ mem[65272] = 00001500000014e8 : 23089744188648
@@@
@@@ mem[65288] = 00001600000014f8 : 24189255816440
@@@
@@@ mem[65304] = 000053c4000015f8 : 92101278701048
@@@
@@@ mem[65320] = 000016400000ff60 : 24464133783392
@@@
@@@ mem[65336] = 000053c400001638 : 92101278701112
@@@
@@@ mem[65352] = 0000000141434280 : 5389894272
@@@ mem[65360] = 0000001000000000 : 68719476736
@@@ mem[65368] = 000011bc0000ff80 : 19499151589248
@@@ mem[65376] = 000000b000000000 : 755914244096
@@@ mem[65384] = 00000002424341c0 : 9701638592
@@@ mem[65392] = 0000001000000000 : 68719476736
@@@ mem[65400] = 000011bc0000ffa0 : 19499151589280
@@@ mem[65408] = 0000002000000000 : 137438953472
@@@ mem[65416] = 00000003414342c0 : 13979828928
@@@ mem[65424] = 0000000c00000000 : 51539607552
@@@ mem[65432] = 000011bc0000ffc0 : 19499151589312
@@@ mem[65440] = 000015d000000000 : 23983097380864
@@@ mem[65448] = 00000004424341d0 : 18291573200
@@@ mem[65456] = 0000000300000001 : 12884901889
@@@ mem[65464] = 000011bc0000ffe0 : 19499151589344
@@@ mem[65472] = 0000000c00001600 : 51539613184
@@@ mem[65480] = 00000005414342f0 : 22569763568
@@@ mem[65488] = 000000010000000b : 4294967307
@@@ mem[65496] = 000011fc0000fff0 : 19774029496304
@@@
@@@ mem[65512] = 0000124000010000 : 20066087272448
@@@
@@@ mem[65528] = 000000a000000000 : 687194767360
@@@
@@@ System halted on WFI instruction
@@@
