@@@ Unified Memory contents hex on left, decimal on right: 
@@@
@@@ mem[    0] = 0000009700000013 : 648540061715
@@@ mem[    8] = 0001011709c08093 : 282673436197011
@@@ mem[   16] = 00010413ff410113 : 285958910050579
@@@ mem[   24] = f681819300001197 : 17762620873686126999
@@@ mem[   32] = 0000029300000213 : 2830383448595
@@@ mem[   40] = 0000039300000313 : 3929895076627
@@@ mem[   48] = 0000051300000493 : 5579162518675
@@@ mem[   56] = 0000061300000593 : 6678674146707
@@@ mem[   64] = 0000071300000693 : 7778185774739
@@@ mem[   72] = 0000081300000793 : 8877697402771
@@@ mem[   80] = 0000091300000893 : 9977209030803
@@@ mem[   88] = 00000a1300000993 : 11076720658835
@@@ mem[   96] = 00000b1300000a93 : 12176232286867
@@@ mem[  104] = 00000c1300000b93 : 13275743914899
@@@ mem[  112] = 00000d1300000c93 : 14375255542931
@@@ mem[  120] = 00000e1300000d93 : 15474767170963
@@@ mem[  128] = 00000f1300000e93 : 16574278798995
@@@ mem[  136] = 1400006f00000f93 : 1441152357499932563
@@@
@@@ mem[  160] = f601011300010117 : 17726450789423055127
@@@ mem[  168] = 00000013fea12c23 : 85876354083
@@@ mem[  176] = fc01011310500073 : 18158796353924235379
@@@ mem[  184] = 0401041302812e23 : 288516330821332515
@@@ mem[  192] = fcb42423fca42623 : 18209218930346829347
@@@ mem[  200] = 0dc0006ffe042223 : 990792399024562723
@@@ mem[  208] = fef42623fe442783 : 18371350715982686083
@@@ mem[  216] = 00279793fe442783 : 11144185973581699
@@@ mem[  224] = 00f707b3fcc42703 : 69532788868785923
@@@ mem[  232] = fef424230007a783 : 18371348512694052739
@@@ mem[  240] = 00178793fe442783 : 6622994160166787
@@@ mem[  248] = 04c0006ffef42023 : 342274052698939427
@@@ mem[  256] = 00279793fe042783 : 11144185969387395
@@@ mem[  264] = 00f707b3fcc42703 : 69532788868785923
@@@ mem[  272] = fe8427030007a783 : 18339826476398389123
@@@ mem[  280] = fe04278302e7d263 : 18303798229183484515
@@@ mem[  288] = fe042783fef42623 : 18303798233412150819
@@@ mem[  296] = fcc4270300279793 : 18213725686834108307
@@@ mem[  304] = 0007a78300f707b3 : 2154505935718323
@@@ mem[  312] = fe042783fef42423 : 18303798233412150307
@@@ mem[  320] = fef4202300178793 : 18371344114648582035
@@@ mem[  328] = fc842783fe042703 : 18195711842339530499
@@@ mem[  336] = fe442783faf748e3 : 18321812631854729443
@@@ mem[  344] = fcc4270300279793 : 18213725686834108307
@@@ mem[  352] = 0007a78300f707b3 : 2154505935718323
@@@ mem[  360] = fe442783fcf42e23 : 18321812631888080419
@@@ mem[  368] = fcc4270300279793 : 18213725686834108307
@@@ mem[  376] = fe84270300f707b3 : 18339826476414076851
@@@ mem[  384] = fec4278300e7a023 : 18357841424678363171
@@@ mem[  392] = fcc4270300279793 : 18213725686834108307
@@@ mem[  400] = fdc4270300f707b3 : 18285783280885630899
@@@ mem[  408] = fe44278300e7a023 : 18321812627659399203
@@@ mem[  416] = fef4222300178793 : 18371346313671837587
@@@ mem[  424] = fff78793fc842783 : 18444359868585617283
@@@ mem[  432] = f0f74ee3fe442703 : 17363433629480658691
@@@ mem[  440] = 0000001300000013 : 81604378643
@@@ mem[  448] = 0401011303c12403 : 288513032307418115
@@@ mem[  456] = e601011300008067 : 16573529284816175207
@@@ mem[  464] = 18812c2318112e23 : 1765741058145201699
@@@ mem[  472] = 1931282319212a23 : 1815276256017590819
@@@ mem[  480] = fe0426231a010413 : 18303796717742523411
@@@ mem[  488] = 000000970640006f : 648644919407
@@@ mem[  496] = 000507930b4080e7 : 1415703013916903
@@@ mem[  504] = 8037071380201737 : 9238860940909221687
@@@ mem[  512] = 02e799b302e786b3 : 209304901822940851
@@@ mem[  520] = 0137873300068913 : 87687370870524179
@@@ mem[  528] = 41f7d71340975693 : 4753504409400858259
@@@ mem[  536] = 0006871340e686b3 : 1837366623241907
@@@ mem[  544] = 40d7073300a71713 : 4672211054055855891
@@@ mem[  552] = fec4278340e786b3 : 18357841425752098483
@@@ mem[  560] = ff04071300279793 : 18375820157766834067
@@@ mem[  568] = e6d7a82300f707b3 : 16633948617009727411
@@@ mem[  576] = 00178793fec42783 : 6622994168555395
@@@ mem[  584] = fec42703fef42623 : 18357840879184782883
@@@ mem[  592] = f8e7dce306200793 : 17935546908644738963
@@@ mem[  600] = 06300593e6040793 : 445862495887034259
@@@ mem[  608] = 0000009700078513 : 648540554515
@@@ mem[  616] = 00000793e50080e7 : 8331783602407
@@@ mem[  624] = 19c1208300078513 : 1855800268466652435
@@@ mem[  632] = 1941290319812403 : 1819780817723925507
@@@ mem[  640] = 1a01011319012983 : 1873780101498349955
@@@ mem[  648] = 000007b700008067 : 8482560442471
@@@ mem[  656] = 0aa7a4237a07a783 : 767762733768091523
@@@ mem[  664] = 000080670a07a623 : 141180038260259
@@@ mem[  672] = 7a07a803000007b7 : 8793181528302553015
@@@ mem[  680] = f2d585934c9585b7 : 17498038794909484471
@@@ mem[  688] = 0ac827030a882683 : 776913829736490627
@@@ mem[  696] = 0017861302b687b3 : 6621340672362419
@@@ mem[  704] = 0ac8242300f637b3 : 776910668480001971
@@@ mem[  712] = 42d606135851f637 : 4816043531675235895
@@@ mem[  720] = 02b7073302c68633 : 195633024485197363
@@@ mem[  728] = 00c7073302b6b6b3 : 56021436035675827
@@@ mem[  736] = 00e787b300d70733 : 65169922503149363
@@@ mem[  744] = 0af8262300179513 : 790423666370778387
@@@ mem[  752] = 0000806700155513 : 141179871384851
@@@
@@@ mem[  832] = 0000000000000360 : 864
@@@
@@@ mem[  864] = 0000064c00000000 : 6923487281152
@@@ mem[  872] = 0000071c000006b4 : 7816840480436
@@@
@@@ mem[ 1032] = c6755a5b8666f82c : 14300435540928297004
@@@ mem[ 1040] = e66d1234abcd330e : 16603947418614838030
@@@ mem[ 1048] = 0000000b0005deec : 47245025004
@@@
@@@ mem[ 1952] = 0000000000000360 : 864
@@@
@@@ mem[65064] = 0000fe6000000063 : 279688270315619
@@@
@@@ mem[65080] = 000003f900000000 : 4367981740032
@@@ mem[65088] = 0000006200000063 : 420906795107
@@@ mem[65096] = 00000062000003f3 : 420906796019
@@@
@@@ mem[65112] = 0001000000000000 : 281474976710656
@@@ mem[65120] = 0000000300000001 : 12884901889
@@@ mem[65128] = 0000001a00000011 : 111669149713
@@@ mem[65136] = 0000002a0000001e : 180388626462
@@@ mem[65144] = 0000003800000030 : 240518168624
@@@ mem[65152] = 000000490000003b : 313532612667
@@@ mem[65160] = 0000005b00000055 : 390842024021
@@@ mem[65168] = 0000005e0000005c : 403726925916
@@@ mem[65176] = 0000007900000060 : 519691042912
@@@ mem[65184] = 0000008600000080 : 575525617792
@@@ mem[65192] = 000000930000008c : 631360192652
@@@ mem[65200] = 000000bd000000a2 : 811748819106
@@@ mem[65208] = 000000de000000d6 : 953482739926
@@@ mem[65216] = 000000e3000000e1 : 974957576417
@@@ mem[65224] = 000000e6000000e4 : 987842478308
@@@ mem[65232] = 000000f7000000f7 : 1060856922359
@@@ mem[65240] = 00000116000000fe : 1194000908542
@@@ mem[65248] = 0000012d00000120 : 1292785156384
@@@ mem[65256] = 0000013700000132 : 1335734829362
@@@ mem[65264] = 0000013e00000138 : 1365799600440
@@@ mem[65272] = 0000014800000146 : 1408749273414
@@@ mem[65280] = 0000016c0000014d : 1563368096077
@@@ mem[65288] = 0000017700000173 : 1610612736371
@@@ mem[65296] = 0000017c00000178 : 1632087572856
@@@ mem[65304] = 000001940000017c : 1735166787964
@@@ mem[65312] = 000001b50000019f : 1876900708767
@@@ mem[65320] = 000001e1000001d4 : 2065879269844
@@@ mem[65328] = 000001fd000001ed : 2186138354157
@@@ mem[65336] = 0000020800000202 : 2233382994434
@@@ mem[65344] = 000002120000020a : 2276332667402
@@@ mem[65352] = 0000022200000218 : 2345052144152
@@@ mem[65360] = 0000023d00000230 : 2461016261168
@@@ mem[65368] = 000002420000023e : 2482491097662
@@@ mem[65376] = 0000025a00000252 : 2585570312786
@@@ mem[65384] = 0000029700000266 : 2847563317862
@@@ mem[65392] = 000002a4000002a1 : 2903397892769
@@@ mem[65400] = 000002ae000002a6 : 2946347565734
@@@ mem[65408] = 000002bf000002be : 3019362009790
@@@ mem[65416] = 000002e3000002d6 : 3173980832470
@@@ mem[65424] = 0000030e000002fa : 3358664426234
@@@ mem[65432] = 000003280000031b : 3470333575963
@@@ mem[65440] = 0000033b0000032f : 3551937954607
@@@ mem[65448] = 0000034500000341 : 3594887627585
@@@ mem[65456] = 0000036f00000350 : 3775276254032
@@@ mem[65464] = 000003720000036f : 3788161155951
@@@ mem[65472] = 0000038700000379 : 3878355469177
@@@ mem[65480] = 000003980000038f : 3951369913231
@@@ mem[65488] = 000003a700000399 : 4015794422681
@@@ mem[65496] = 000003cf000003aa : 4187593114538
@@@ mem[65504] = 000003f3000003ea : 4342211937258
@@@ mem[65512] = 00000063000003f9 : 425201763321
@@@
@@@ mem[65528] = 000000a000000000 : 687194767360
@@@
@@@ System halted on WFI instruction
@@@
