@@@ Unified Memory contents hex on left, decimal on right: 
@@@
@@@ mem[    0] = 0000009700000013 : 648540061715
@@@ mem[    8] = 0001011709c08093 : 282673436197011
@@@ mem[   16] = 00010413ff410113 : 285958910050579
@@@ mem[   24] = f281819300001197 : 17474390497534415255
@@@ mem[   32] = 0000029300000213 : 2830383448595
@@@ mem[   40] = 0000039300000313 : 3929895076627
@@@ mem[   48] = 0000051300000493 : 5579162518675
@@@ mem[   56] = 0000061300000593 : 6678674146707
@@@ mem[   64] = 0000071300000693 : 7778185774739
@@@ mem[   72] = 0000081300000793 : 8877697402771
@@@ mem[   80] = 0000091300000893 : 9977209030803
@@@ mem[   88] = 00000a1300000993 : 11076720658835
@@@ mem[   96] = 00000b1300000a93 : 12176232286867
@@@ mem[  104] = 00000c1300000b93 : 13275743914899
@@@ mem[  112] = 00000d1300000c93 : 14375255542931
@@@ mem[  120] = 00000e1300000d93 : 15474767170963
@@@ mem[  128] = 00000f1300000e93 : 16574278798995
@@@ mem[  136] = 3ec0006f00000f93 : 4521614502621351827
@@@
@@@ mem[  160] = f601011300010117 : 17726450789423055127
@@@ mem[  168] = 00000013fea12c23 : 85876354083
@@@ mem[  176] = fd01011310500073 : 18230853947962163315
@@@ mem[  184] = 0281242302112623 : 180465192848664099
@@@ mem[  192] = fea4262303010413 : 18348832713630352403
@@@ mem[  200] = fec42223feb42423 : 18357835519061402659
@@@ mem[  208] = fce42e23fed42023 : 18222740724381917219
@@@ mem[  216] = fd042a23fcf42c23 : 18231743525558692899
@@@ mem[  224] = 7807a783000007b7 : 8649065790470883255
@@@ mem[  232] = 1ae7d463fec42703 : 1938751690547406595
@@@ mem[  240] = 7847a783000007b7 : 8667080188980365239
@@@ mem[  248] = 14e7da63fdc42703 : 1506412723372828419
@@@ mem[  256] = 7887a783000007b7 : 8685094587489847223
@@@ mem[  264] = 10e7d263fe842703 : 1218173551140677379
@@@ mem[  272] = 7807a783000007b7 : 8649065790470883255
@@@ mem[  280] = 1900079300078713 : 1801448178890278675
@@@ mem[  288] = fd44270302f707b3 : 18249754483900221363
@@@ mem[  296] = 000007b700f70733 : 8482576598835
@@@ mem[  304] = 002797937847a783 : 11144183725664131
@@@ mem[  312] = 0007a60300f707b3 : 2152856668276659
@@@ mem[  320] = 7807a783000007b7 : 8649065790470883255
@@@ mem[  328] = 1900079300078713 : 1801448178890278675
@@@ mem[  336] = fe44270302f707b3 : 18321812077938149299
@@@ mem[  344] = 000007b700f70733 : 8482576598835
@@@ mem[  352] = 002797937887a783 : 11144183729858435
@@@ mem[  360] = 0007a70300f707b3 : 2153956179904435
@@@ mem[  368] = 7887a783000007b7 : 8685094587489847223
@@@ mem[  376] = 1900079300078693 : 1801448178890278547
@@@ mem[  384] = fd84268302f687b3 : 18267768332653856691
@@@ mem[  392] = 000007b700f686b3 : 8482576565939
@@@ mem[  400] = 002797937847a783 : 11144183725664131
@@@ mem[  408] = 0007a78300f687b3 : 2154505935685555
@@@ mem[  416] = 000007b702f70733 : 8482610153267
@@@ mem[  424] = 000786937807a783 : 2118292769056643
@@@ mem[  432] = 02f687b319000793 : 213507235635005331
@@@ mem[  440] = 00f686b3fd442683 : 69390951877191299
@@@ mem[  448] = 7847a783000007b7 : 8667080188980365239
@@@ mem[  456] = 0027979300e60733 : 11144181722777395
@@@ mem[  464] = 00e7a02300f687b3 : 65196791820617651
@@@ mem[  472] = 7887a783000007b7 : 8685094587489847223
@@@ mem[  480] = 000007b700178713 : 8482561951507
@@@ mem[  488] = fd44280378e7a423 : 18249755585390552099
@@@ mem[  496] = fdc42703fd842783 : 18285783285122738051
@@@ mem[  504] = fe442603fe042683 : 18321810982638462595
@@@ mem[  512] = fec42503fe842583 : 18357838680154187139
@@@ mem[  520] = eac080e700000097 : 16915661930029383831
@@@ mem[  528] = 7807a423000007b7 : 8649062079619139511
@@@ mem[  536] = 7847a783000007b7 : 8667080188980365239
@@@ mem[  544] = 000007b700178713 : 8482561951507
@@@ mem[  552] = fd44280378e7a223 : 18249755585390551587
@@@ mem[  560] = fdc42703fd842783 : 18285783285122738051
@@@ mem[  568] = fe442603fe042683 : 18321810982638462595
@@@ mem[  576] = fec42503fe842583 : 18357838680154187139
@@@ mem[  584] = e6c080e700000097 : 16627431553877672087
@@@ mem[  592] = 7807a223000007b7 : 8649059880595883959
@@@ mem[  600] = 7807a783000007b7 : 8649065790470883255
@@@ mem[  608] = 000007b700178713 : 8482561951507
@@@ mem[  616] = fd44280378e7a023 : 18249755585390551075
@@@ mem[  624] = fdc42703fd842783 : 18285783285122738051
@@@ mem[  632] = fe442603fe042683 : 18321810982638462595
@@@ mem[  640] = fec42503fe842583 : 18357838680154187139
@@@ mem[  648] = e2c080e700000097 : 16339201177725960343
@@@ mem[  656] = 000000130080006f : 81612767343
@@@ mem[  664] = 0281240302c12083 : 180465055421243523
@@@ mem[  672] = 0000806703010113 : 141179920384275
@@@ mem[  680] = 7e11262381010113 : 9084083857313038611
@@@ mem[  688] = 7f0104137e812423 : 9151600399566840867
@@@ mem[  696] = b7030313ffff7337 : 13187387518305137463
@@@ mem[  704] = ffff683700610133 : 18446577184171688243
@@@ mem[  712] = 01088833ff040893 : 74459150754777235
@@@ mem[  720] = ffff65373aa82623 : 18446573886614545955
@@@ mem[  728] = 00a80533ff040813 : 47293516967315475
@@@ mem[  736] = ffff65b73ab52423 : 18446574436371211299
@@@ mem[  744] = 00b505b3ff040513 : 50953241420367123
@@@ mem[  752] = ffff66373ac5a223 : 18446574986128106019
@@@ mem[  760] = 00c58633ff040593 : 55598128291906963
@@@ mem[  768] = ffff66b73ad62023 : 18446575535885000739
@@@ mem[  776] = 00d606b3ff040613 : 60243015163446803
@@@ mem[  784] = ffff673738e6ae23 : 18446576085608345123
@@@ mem[  792] = 00e68733ff040693 : 64887902034986643
@@@ mem[  800] = ffff67b738f72c23 : 18446576635365239843
@@@ mem[  808] = 00f70733ff040713 : 69532239150712595
@@@ mem[  816] = ff040693ffff67b7 : 18375819612303353783
@@@ mem[  824] = 3a07270300f687b3 : 4181353672891336627
@@@ mem[  832] = 10f71a633a87a783 : 1222474837340432259
@@@ mem[  840] = ff040713ffff67b7 : 18375820162059167671
@@@ mem[  848] = 3b47871300f707b3 : 4271531287274522547
@@@ mem[  856] = c40787930000a7b7 : 14125407821700835255
@@@ mem[  864] = 0000059300078613 : 6128918824467
@@@ mem[  872] = 0000009700070513 : 648540521747
@@@ mem[  880] = ffff67b72f8080e7 : 18446576635206467815
@@@ mem[  888] = ff0407133b478793 : 18375820158758782867
@@@ mem[  896] = ffff67b700f70833 : 18446576634425706547
@@@ mem[  904] = 00f707b3ff040713 : 69532788906526483
@@@ mem[  912] = ff040693ffff6737 : 18375819612303353655
@@@ mem[  920] = ffff66b700e68733 : 18446575534912997171
@@@ mem[  928] = 00d606b3ff040613 : 60243015163446803
@@@ mem[  936] = ff040593ffff6637 : 18375818512791725623
@@@ mem[  944] = ffff65b700c58633 : 18446574435399206451
@@@ mem[  952] = 00b505b3ff040513 : 50953241420367123
@@@ mem[  960] = ff040893ffff6537 : 18375821811326608695
@@@ mem[  968] = 3987a78300a88533 : 4145466163111429427
@@@ mem[  976] = 3a06a68339c72703 : 4181212386600363779
@@@ mem[  984] = 3a85a5833a462603 : 4216958609139312131
@@@ mem[  992] = 000000973ac52503 : 649526060291
@@@ mem[ 1000] = fe042623cd0080e7 : 18303796720745611495
@@@ mem[ 1008] = fe04242304c0006f : 18303794518362685551
@@@ mem[ 1016] = fe0422230200006f : 18303792319293292655
@@@ mem[ 1024] = 00178793fe442783 : 6622994160166787
@@@ mem[ 1032] = fe842783fef42223 : 18339827030431113763
@@@ mem[ 1040] = fef4242300178793 : 18371348512695093139
@@@ mem[ 1048] = ff040713ffff67b7 : 18375820162059167671
@@@ mem[ 1056] = fe84270300f707b3 : 18339826476414076851
@@@ mem[ 1064] = fcf748e339c7a783 : 18228118157569533827
@@@ mem[ 1072] = 00178793fec42783 : 6622994168555395
@@@ mem[ 1080] = ffff67b7fef42623 : 18446576638686930467
@@@ mem[ 1088] = 00f707b3ff040713 : 69532788906526483
@@@ mem[ 1096] = 3ac7a783fec42703 : 4235538159922063107
@@@ mem[ 1104] = 0080006ffaf742e3 : 36029277970842339
@@@ mem[ 1112] = 0000933700000013 : 161864432484371
@@@ mem[ 1120] = 0061013349030313 : 27304392520827667
@@@ mem[ 1128] = 7e8124037ec12083 : 9115606718204682371
@@@ mem[ 1136] = 000080677f010113 : 141182000759059
@@@ mem[ 1144] = 7e11262381010113 : 9084083857313038611
@@@ mem[ 1152] = 7f0104137e812423 : 9151600399566840867
@@@ mem[ 1160] = b3040793e7010113 : 12899443564513132819
@@@ mem[ 1168] = 000706134b000713 : 1977004769412883
@@@ mem[ 1176] = 0007851300000593 : 2116641487848851
@@@ mem[ 1184] = 1c4080e700000097 : 2035768761197265047
@@@ mem[ 1192] = b2f4282300100793 : 12894975763858589587
@@@ mem[ 1200] = b2f42a2300200793 : 12894977962882893715
@@@ mem[ 1208] = b2f42c2300300793 : 12894980161907197843
@@@ mem[ 1216] = ccf4202300400793 : 14768464412754839443
@@@ mem[ 1224] = ccf4222300500793 : 14768466611779143571
@@@ mem[ 1232] = ccf4242300600793 : 14768468810803447699
@@@ mem[ 1240] = e4f4282300700793 : 16497855465761277843
@@@ mem[ 1248] = e4f42a2300800793 : 16497857664785581971
@@@ mem[ 1256] = e4f42c2300900793 : 16497859863809886099
@@@ mem[ 1264] = ff040713fffff7b7 : 18375820162059204535
@@@ mem[ 1272] = 6907879300f707b3 : 7568166764265539507
@@@ mem[ 1280] = 000706134b000713 : 1977004769412883
@@@ mem[ 1288] = 0007851300000593 : 2116641487848851
@@@ mem[ 1296] = 154080e700000097 : 1531365602931769495
@@@ mem[ 1304] = ff040713fffff7b7 : 18375820162059204535
@@@ mem[ 1312] = 0010071300f707b3 : 4511377829332915
@@@ mem[ 1320] = fffff7b768e7a823 : 18446734965843929123
@@@ mem[ 1328] = 00f707b3ff040713 : 69532788906526483
@@@ mem[ 1336] = 68e7aa2300200713 : 7559197566867343123
@@@ mem[ 1344] = ff040713fffff7b7 : 18375820162059204535
@@@ mem[ 1352] = 0030071300f707b3 : 13518577084073907
@@@ mem[ 1360] = fffff7b768e7ac23 : 18446734965843930147
@@@ mem[ 1368] = 00f70733ff040713 : 69532239150712595
@@@ mem[ 1376] = 00f707b3000017b7 : 69532784628078519
@@@ mem[ 1384] = 82e7a02300400713 : 9432684016739288851
@@@ mem[ 1392] = ff040713fffff7b7 : 18375820162059204535
@@@ mem[ 1400] = 000017b700f70733 : 26074762643251
@@@ mem[ 1408] = 0050071300f707b3 : 22525776338814899
@@@ mem[ 1416] = fffff7b782e7a223 : 18446734966280135203
@@@ mem[ 1424] = 00f70733ff040713 : 69532239150712595
@@@ mem[ 1432] = 00f707b3000017b7 : 69532784628078519
@@@ mem[ 1440] = 82e7a42300600713 : 9432688414787897107
@@@ mem[ 1448] = ff040713fffff7b7 : 18375820162059204535
@@@ mem[ 1456] = 000017b700f70733 : 26074762643251
@@@ mem[ 1464] = 0070071300f707b3 : 31532975593555891
@@@ mem[ 1472] = fffff7b79ae7a823 : 18446734966682789923
@@@ mem[ 1480] = 00f70733ff040713 : 69532239150712595
@@@ mem[ 1488] = 00f707b3000017b7 : 69532784628078519
@@@ mem[ 1496] = 9ae7aa2300800713 : 11162077268770031379
@@@ mem[ 1504] = ff040713fffff7b7 : 18375820162059204535
@@@ mem[ 1512] = 000017b700f70733 : 26074762643251
@@@ mem[ 1520] = 0090071300f707b3 : 40540174848296883
@@@ mem[ 1528] = 003007939ae7ac23 : 13519129422572579
@@@ mem[ 1536] = 00300793fef42623 : 13519131101111843
@@@ mem[ 1544] = 00300793fef42423 : 13519131101111331
@@@ mem[ 1552] = 00300793fef42223 : 13519131101110819
@@@ mem[ 1560] = fffff7b7fef42023 : 18446734968361328675
@@@ mem[ 1568] = ff04071369078793 : 18375820159526340499
@@@ mem[ 1576] = b304061300f707b3 : 12899441911386277811
@@@ mem[ 1584] = fe442683fe042703 : 18321811532394276611
@@@ mem[ 1592] = fec42503fe842583 : 18357838680154187139
@@@ mem[ 1600] = c68080e700000097 : 14303574146154496151
@@@ mem[ 1608] = 0007851300000793 : 2116641487849363
@@@ mem[ 1616] = 7ec1208319010113 : 9133617266716377363
@@@ mem[ 1624] = 7f0101137e812403 : 9151597101031957507
@@@ mem[ 1632] = 00f0031300008067 : 67557374549852263
@@@ mem[ 1640] = 02c37e6300050713 : 199141772201625363
@@@ mem[ 1648] = 0a07906300f77793 : 722705020108634003
@@@ mem[ 1656] = ff06769308059263 : 18376505703398740579
@@@ mem[ 1664] = 00e686b300f67613 : 64887348016870931
@@@ mem[ 1672] = 00b7222300b72023 : 51547454469251107
@@@ mem[ 1680] = 00b7262300b72423 : 51551852515763235
@@@ mem[ 1688] = fed766e301070713 : 18363259130787333907
@@@ mem[ 1696] = 0000806700061463 : 141179870385251
@@@ mem[ 1704] = 0026969340c306b3 : 10861608305886899
@@@ mem[ 1712] = 005686b300000297 : 24354951354385047
@@@ mem[ 1720] = 00b7072300c68067 : 51517767656308839
@@@ mem[ 1728] = 00b7062300b706a3 : 51516668143666851
@@@ mem[ 1736] = 00b7052300b705a3 : 51515568632038819
@@@ mem[ 1744] = 00b7042300b704a3 : 51514469120410787
@@@ mem[ 1752] = 00b7032300b703a3 : 51513369608782755
@@@ mem[ 1760] = 00b7022300b702a3 : 51512270097154723
@@@ mem[ 1768] = 00b7012300b701a3 : 51511170585526691
@@@ mem[ 1776] = 00b7002300b700a3 : 51510071073898659
@@@ mem[ 1784] = 0ff5f59300008067 : 1150095291572060263
@@@ mem[ 1792] = 00d5e5b300859693 : 60206727010031251
@@@ mem[ 1800] = 00d5e5b301059693 : 60206727018419859
@@@ mem[ 1808] = 00279693f6dff06f : 11143086337945711
@@@ mem[ 1816] = 005686b300000297 : 24354951354385047
@@@ mem[ 1824] = fa0680e700008293 : 18016229088968082067
@@@ mem[ 1832] = ff07879300028093 : 18376805869938704531
@@@ mem[ 1840] = 00f6063340f70733 : 69249661473851187
@@@ mem[ 1848] = f3dff06ff6c378e3 : 17573028634695006435
@@@
@@@ mem[ 1920] = 0000000000000027 : 39
@@@
@@@ mem[21120] = 00005a2400000000 : 99110665322496
@@@ mem[21128] = 000000030000f680 : 12884964992
@@@ mem[21136] = 0000fb3000000003 : 276183577001987
@@@ mem[21144] = 0000000300000003 : 12884901891
@@@
@@@ mem[21160] = 00000290000052e0 : 2817498567392
@@@ mem[21168] = 00005a2400000000 : 99110665322496
@@@ mem[21176] = 000000030000f680 : 12884964992
@@@ mem[21184] = 0000fb3000000003 : 276183577001987
@@@ mem[21192] = 0000000300000003 : 12884901891
@@@
@@@ mem[21208] = 0000029000005310 : 2817498567440
@@@ mem[21216] = 00005a2400000000 : 99110665322496
@@@ mem[21224] = 000000030000f680 : 12884964992
@@@ mem[21232] = 0000fb3000000003 : 276183577001987
@@@ mem[21240] = 0000000300000003 : 12884901891
@@@
@@@ mem[21256] = 0000029000005340 : 2817498567488
@@@ mem[21264] = 00005a2400000000 : 99110665322496
@@@ mem[21272] = 000000030000f680 : 12884964992
@@@ mem[21280] = 0000fb3000000003 : 276183577001987
@@@ mem[21288] = 0000000300000003 : 12884901891
@@@
@@@ mem[21304] = 0000029000005370 : 2817498567536
@@@ mem[21312] = 00005a2400000000 : 99110665322496
@@@ mem[21320] = 000000030000f680 : 12884964992
@@@ mem[21328] = 0000fb3000000003 : 276183577001987
@@@ mem[21336] = 0000000300000003 : 12884901891
@@@
@@@ mem[21352] = 00000290000053a0 : 2817498567584
@@@ mem[21360] = 00005a2400000000 : 99110665322496
@@@ mem[21368] = 000000030000f680 : 12884964992
@@@ mem[21376] = 0000fb3000000003 : 276183577001987
@@@ mem[21384] = 0000000300000003 : 12884901891
@@@
@@@ mem[21400] = 00000290000053d0 : 2817498567632
@@@ mem[21408] = 00005a2400000000 : 99110665322496
@@@ mem[21416] = 000000030000f680 : 12884964992
@@@ mem[21424] = 0000fb3000000003 : 276183577001987
@@@ mem[21432] = 0000000300000003 : 12884901891
@@@
@@@ mem[21448] = 0000029000005400 : 2817498567680
@@@ mem[21456] = 00005a2400000000 : 99110665322496
@@@ mem[21464] = 000000030000f680 : 12884964992
@@@ mem[21472] = 0000fb3000000003 : 276183577001987
@@@ mem[21480] = 0000000300000003 : 12884901891
@@@
@@@ mem[21496] = 0000029000005430 : 2817498567728
@@@ mem[21504] = 00005a2400000000 : 99110665322496
@@@ mem[21512] = 000000030000f680 : 12884964992
@@@ mem[21520] = 0000fb3000000003 : 276183577001987
@@@ mem[21528] = 0000000300000003 : 12884901891
@@@
@@@ mem[21544] = 0000029000005460 : 2817498567776
@@@ mem[21552] = 00005a2400000000 : 99110665322496
@@@ mem[21560] = 000000030000f680 : 12884964992
@@@ mem[21568] = 0000fb3000000003 : 276183577001987
@@@ mem[21576] = 0000000300000003 : 12884901891
@@@
@@@ mem[21592] = 0000029000005490 : 2817498567824
@@@ mem[21600] = 00005a2400000000 : 99110665322496
@@@ mem[21608] = 000000030000f680 : 12884964992
@@@ mem[21616] = 0000fb3000000003 : 276183577001987
@@@ mem[21624] = 0000000300000003 : 12884901891
@@@
@@@ mem[21640] = 00000290000054c0 : 2817498567872
@@@ mem[21648] = 00005a2400000000 : 99110665322496
@@@ mem[21656] = 000000030000f680 : 12884964992
@@@ mem[21664] = 0000fb3000000003 : 276183577001987
@@@ mem[21672] = 0000000300000003 : 12884901891
@@@
@@@ mem[21688] = 00000290000054f0 : 2817498567920
@@@ mem[21696] = 00005a2400000000 : 99110665322496
@@@ mem[21704] = 000000030000f680 : 12884964992
@@@ mem[21712] = 0000fb3000000003 : 276183577001987
@@@ mem[21720] = 0000000300000003 : 12884901891
@@@
@@@ mem[21736] = 0000029000005520 : 2817498567968
@@@ mem[21744] = 00005a2400000000 : 99110665322496
@@@ mem[21752] = 000000030000f680 : 12884964992
@@@ mem[21760] = 0000fb3000000003 : 276183577001987
@@@ mem[21768] = 0000000300000003 : 12884901891
@@@
@@@ mem[21784] = 0000029000005550 : 2817498568016
@@@ mem[21792] = 00005a2400000000 : 99110665322496
@@@ mem[21800] = 000000030000f680 : 12884964992
@@@ mem[21808] = 0000fb3000000003 : 276183577001987
@@@ mem[21816] = 0000000300000003 : 12884901891
@@@
@@@ mem[21832] = 0000029000005580 : 2817498568064
@@@ mem[21840] = 00005a2400000000 : 99110665322496
@@@ mem[21848] = 000000030000f680 : 12884964992
@@@ mem[21856] = 0000fb3000000003 : 276183577001987
@@@ mem[21864] = 0000000300000003 : 12884901891
@@@
@@@ mem[21880] = 00000290000055b0 : 2817498568112
@@@ mem[21888] = 00005a2400000000 : 99110665322496
@@@ mem[21896] = 000000030000f680 : 12884964992
@@@ mem[21904] = 0000fb3000000003 : 276183577001987
@@@ mem[21912] = 0000000300000003 : 12884901891
@@@
@@@ mem[21928] = 00000290000055e0 : 2817498568160
@@@ mem[21936] = 00005a2400000000 : 99110665322496
@@@ mem[21944] = 000000030000f680 : 12884964992
@@@ mem[21952] = 0000fb3000000003 : 276183577001987
@@@ mem[21960] = 0000000300000003 : 12884901891
@@@
@@@ mem[21976] = 0000029000005610 : 2817498568208
@@@ mem[21984] = 00005a2400000000 : 99110665322496
@@@ mem[21992] = 000000030000f680 : 12884964992
@@@ mem[22000] = 0000fb3000000003 : 276183577001987
@@@ mem[22008] = 0000000300000003 : 12884901891
@@@
@@@ mem[22024] = 0000029000005640 : 2817498568256
@@@ mem[22032] = 00005a2400000000 : 99110665322496
@@@ mem[22040] = 000000030000f680 : 12884964992
@@@ mem[22048] = 0000fb3000000003 : 276183577001987
@@@ mem[22056] = 0000000300000003 : 12884901891
@@@
@@@ mem[22072] = 0000029000005670 : 2817498568304
@@@ mem[22080] = 00005a2400000000 : 99110665322496
@@@ mem[22088] = 000000030000f680 : 12884964992
@@@ mem[22096] = 0000fb3000000003 : 276183577001987
@@@ mem[22104] = 0000000300000003 : 12884901891
@@@
@@@ mem[22120] = 00000290000056a0 : 2817498568352
@@@ mem[22128] = 00005a2400000000 : 99110665322496
@@@ mem[22136] = 000000030000f680 : 12884964992
@@@ mem[22144] = 0000fb3000000003 : 276183577001987
@@@ mem[22152] = 0000000300000003 : 12884901891
@@@
@@@ mem[22168] = 00000290000056d0 : 2817498568400
@@@ mem[22176] = 00005a2400000000 : 99110665322496
@@@ mem[22184] = 000000030000f680 : 12884964992
@@@ mem[22192] = 0000fb3000000003 : 276183577001987
@@@ mem[22200] = 0000000300000003 : 12884901891
@@@
@@@ mem[22216] = 0000029000005700 : 2817498568448
@@@ mem[22224] = 00005a2400000000 : 99110665322496
@@@ mem[22232] = 000000030000f680 : 12884964992
@@@ mem[22240] = 0000fb3000000003 : 276183577001987
@@@ mem[22248] = 0000000300000003 : 12884901891
@@@
@@@ mem[22264] = 0000029000005730 : 2817498568496
@@@ mem[22272] = 00005a2400000000 : 99110665322496
@@@ mem[22280] = 000000030000f680 : 12884964992
@@@ mem[22288] = 0000fb3000000003 : 276183577001987
@@@ mem[22296] = 0000000300000003 : 12884901891
@@@
@@@ mem[22312] = 0000029000005760 : 2817498568544
@@@ mem[22320] = 00005a2400000000 : 99110665322496
@@@ mem[22328] = 000000030000f680 : 12884964992
@@@ mem[22336] = 0000fb3000000003 : 276183577001987
@@@ mem[22344] = 0000000300000003 : 12884901891
@@@
@@@ mem[22360] = 0000029000005790 : 2817498568592
@@@ mem[22368] = 00005a2400000000 : 99110665322496
@@@ mem[22376] = 000000030000f680 : 12884964992
@@@ mem[22384] = 0000fb3000000003 : 276183577001987
@@@ mem[22392] = 0000000300000003 : 12884901891
@@@
@@@ mem[22408] = 00000290000057c0 : 2817498568640
@@@ mem[22416] = 00005a2400000000 : 99110665322496
@@@ mem[22424] = 000000030000f680 : 12884964992
@@@ mem[22432] = 0000fb3000000003 : 276183577001987
@@@ mem[22440] = 0000000300000003 : 12884901891
@@@
@@@ mem[22456] = 00000290000057f0 : 2817498568688
@@@ mem[22464] = 00005a2400000000 : 99110665322496
@@@ mem[22472] = 000000030000f680 : 12884964992
@@@ mem[22480] = 0000fb3000000003 : 276183577001987
@@@ mem[22488] = 0000000300000003 : 12884901891
@@@
@@@ mem[22504] = 0000029000005820 : 2817498568736
@@@ mem[22512] = 00005a2400000000 : 99110665322496
@@@ mem[22520] = 000000030000f680 : 12884964992
@@@ mem[22528] = 0000fb3000000003 : 276183577001987
@@@ mem[22536] = 0000000300000003 : 12884901891
@@@
@@@ mem[22552] = 0000029000005850 : 2817498568784
@@@ mem[22560] = 00005a2400000000 : 99110665322496
@@@ mem[22568] = 000000030000f680 : 12884964992
@@@ mem[22576] = 0000fb3000000003 : 276183577001987
@@@ mem[22584] = 0000000300000003 : 12884901891
@@@
@@@ mem[22600] = 0000029000005880 : 2817498568832
@@@ mem[22608] = 00005a2400000000 : 99110665322496
@@@ mem[22616] = 000000030000f680 : 12884964992
@@@ mem[22624] = 0000fb3000000003 : 276183577001987
@@@ mem[22632] = 0000000300000003 : 12884901891
@@@
@@@ mem[22648] = 00000290000058b0 : 2817498568880
@@@ mem[22656] = 00005a2400000000 : 99110665322496
@@@ mem[22664] = 000000030000f680 : 12884964992
@@@ mem[22672] = 0000fb3000000003 : 276183577001987
@@@ mem[22680] = 0000000300000003 : 12884901891
@@@
@@@ mem[22696] = 00000290000058e0 : 2817498568928
@@@ mem[22704] = 00005a2400000000 : 99110665322496
@@@ mem[22712] = 000000030000f680 : 12884964992
@@@ mem[22720] = 0000fb3000000003 : 276183577001987
@@@ mem[22728] = 0000000300000003 : 12884901891
@@@
@@@ mem[22744] = 0000029000005910 : 2817498568976
@@@ mem[22752] = 00005a2400000000 : 99110665322496
@@@ mem[22760] = 000000030000f680 : 12884964992
@@@ mem[22768] = 0000fb3000000003 : 276183577001987
@@@ mem[22776] = 0000000300000003 : 12884901891
@@@
@@@ mem[22792] = 0000029000005940 : 2817498569024
@@@ mem[22800] = 00005a2400000000 : 99110665322496
@@@ mem[22808] = 000000030000f680 : 12884964992
@@@ mem[22816] = 0000fb3000000003 : 276183577001987
@@@ mem[22824] = 0000000300000003 : 12884901891
@@@
@@@ mem[22840] = 0000029000005970 : 2817498569072
@@@ mem[22848] = 00005a2400000000 : 99110665322496
@@@ mem[22856] = 000000030000f680 : 12884964992
@@@ mem[22864] = 0000fb3000000003 : 276183577001987
@@@ mem[22872] = 0000000300000003 : 12884901891
@@@
@@@ mem[22888] = 00000290000059a0 : 2817498569120
@@@ mem[22896] = 00005a2400000000 : 99110665322496
@@@ mem[22904] = 000000030000f680 : 12884964992
@@@ mem[22912] = 0000fb3000000003 : 276183577001987
@@@ mem[22920] = 0000000300000003 : 12884901891
@@@
@@@ mem[22936] = 00000290000059d0 : 2817498569168
@@@ mem[22944] = 00005a2400000000 : 99110665322496
@@@ mem[22952] = 000000030000f680 : 12884964992
@@@ mem[22960] = 0000fb3000000003 : 276183577001987
@@@ mem[22968] = 0000000300000003 : 12884901891
@@@
@@@ mem[22984] = 0000029000005a00 : 2817498569216
@@@ mem[22992] = 00005a2400000000 : 99110665322496
@@@ mem[23000] = 000000030000f680 : 12884964992
@@@ mem[23008] = 0000fb3000000003 : 276183577001987
@@@ mem[23016] = 0000000300000003 : 12884901891
@@@
@@@ mem[23032] = 000003ec0000f680 : 4312147228288
@@@
@@@ mem[23048] = 000000030000f680 : 12884964992
@@@ mem[23056] = 0000fb3000000003 : 276183577001987
@@@ mem[23064] = 0000000300000003 : 12884901891
@@@ mem[23072] = 0000001e00000000 : 128849018880
@@@ mem[23080] = 0000002a00000024 : 180388626468
@@@
@@@ mem[23472] = 0000004200000000 : 283467841536
@@@ mem[23480] = 0000006000000051 : 412316860497
@@@
@@@ mem[23872] = 0000006600000000 : 438086664192
@@@ mem[23880] = 000000960000007e : 644245094526
@@@
@@@ mem[63072] = 0000000100000000 : 4294967296
@@@ mem[63080] = 0000000300000003 : 12884901891
@@@
@@@ mem[63096] = 0000064800010000 : 6906307477504
@@@ mem[63104] = 0000000200000001 : 8589934593
@@@ mem[63112] = 0000000000000003 : 3
@@@
@@@ mem[63504] = 0000000500000004 : 21474836484
@@@ mem[63512] = 0000000000000006 : 6
@@@
@@@ mem[63904] = 0000000800000007 : 34359738375
@@@ mem[63912] = 0000000000000009 : 9
@@@
@@@ mem[64304] = 0000000200000001 : 8589934593
@@@ mem[64312] = 0000000000000003 : 3
@@@
@@@ mem[64704] = 0000000500000004 : 21474836484
@@@ mem[64712] = 0000000000000006 : 6
@@@
@@@ mem[65104] = 0000000800000007 : 34359738375
@@@ mem[65112] = 0000000000000009 : 9
@@@
@@@ mem[65504] = 0000000300000003 : 12884901891
@@@ mem[65512] = 0000000300000003 : 12884901891
@@@
@@@ mem[65528] = 000000a000000000 : 687194767360
@@@
@@@ System halted on WFI instruction
@@@
