@@@ Unified Memory contents hex on left, decimal on right: 
@@@
@@@ mem[    0] = 0000009700000013 : 648540061715
@@@ mem[    8] = 0001011709c08093 : 282673436197011
@@@ mem[   16] = 00010413ff410113 : 285958910050579
@@@ mem[   24] = ea81819300001197 : 16897929745230991767
@@@ mem[   32] = 0000029300000213 : 2830383448595
@@@ mem[   40] = 0000039300000313 : 3929895076627
@@@ mem[   48] = 0000051300000493 : 5579162518675
@@@ mem[   56] = 0000061300000593 : 6678674146707
@@@ mem[   64] = 0000071300000693 : 7778185774739
@@@ mem[   72] = 0000081300000793 : 8877697402771
@@@ mem[   80] = 0000091300000893 : 9977209030803
@@@ mem[   88] = 00000a1300000993 : 11076720658835
@@@ mem[   96] = 00000b1300000a93 : 12176232286867
@@@ mem[  104] = 00000c1300000b93 : 13275743914899
@@@ mem[  112] = 00000d1300000c93 : 14375255542931
@@@ mem[  120] = 00000e1300000d93 : 15474767170963
@@@ mem[  128] = 00000f1300000e93 : 16574278798995
@@@ mem[  136] = 4480006f00000f93 : 4935945668339437459
@@@
@@@ mem[  160] = f601011300010117 : 17726450789423055127
@@@ mem[  168] = 00000013fea12c23 : 85876354083
@@@ mem[  176] = fa01011310500073 : 18014681165848379507
@@@ mem[  184] = 05212c2304812e23 : 369625173332143651
@@@ mem[  192] = 0541282305312a23 : 378627974551906851
@@@ mem[  200] = 0561242305512623 : 387630775762232867
@@@ mem[  208] = 0601041305712223 : 432631518946468387
@@@ mem[  216] = fab42423faa42623 : 18065103742237419043
@@@ mem[  224] = fad42023fac42223 : 18074106543447745059
@@@ mem[  232] = 0006859300010693 : 1835716267017875
@@@ mem[  240] = fa842683fa442603 : 18051595554689132035
@@@ mem[  248] = 0016869340d606b3 : 6340416493717171
@@@ mem[  256] = fa042603fcd42823 : 18015566207957346339
@@@ mem[  264] = 40d606b3fa442683 : 4671929033511151235
@@@ mem[  272] = fd042683fcd42623 : 18231739539826943523
@@@ mem[  280] = fcc42423fff68613 : 18213722530029930003
@@@ mem[  288] = 00060b1300068613 : 1701026092975635
@@@ mem[  296] = 01bb561300000b93 : 124788054287190931
@@@ mem[  304] = 01d66eb3005b9e93 : 132414954138214035
@@@ mem[  312] = 00068613005b1e13 : 1836266028736019
@@@ mem[  320] = 00000a9300060a13 : 11626476866067
@@@ mem[  328] = 005a939301ba5613 : 25495007502423571
@@@ mem[  336] = 005a1313007663b3 : 25353720237024179
@@@ mem[  344] = 00f6869300269693 : 69390810191664787
@@@ mem[  352] = 004696930046d693 : 19868806478747283
@@@ mem[  360] = 0001069340d10133 : 288704494108979
@@@ mem[  368] = 0026d69300368693 : 10931975967114899
@@@ mem[  376] = fcd4222300269693 : 18218223926342227603
@@@ mem[  384] = fff68613fcc42683 : 18444076744345659011
@@@ mem[  392] = 00068613fcc42023 : 1836270263476259
@@@ mem[  400] = 0000099300060913 : 10526965238035
@@@ mem[  408] = 0059989301b95613 : 25219030083786259
@@@ mem[  416] = 00591813011668b3 : 25077742828939443
@@@ mem[  424] = 00060f1300068613 : 1705424139486739
@@@ mem[  432] = 01bf561300000f93 : 125913954194034579
@@@ mem[  440] = 00f667b3005f9793 : 69356862773893011
@@@ mem[  448] = 00068793005f1713 : 1837915296438035
@@@ mem[  456] = 00f7879300279793 : 69673384680069011
@@@ mem[  464] = 004797930047d793 : 20151380967151507
@@@ mem[  472] = 0001079340f10133 : 289804007833907
@@@ mem[  480] = 0027d79300378793 : 11214550455519123
@@@ mem[  488] = faf42e2300279793 : 18083129131660711827
@@@ mem[  496] = 0400006ffc042a23 : 288230857121212963
@@@ mem[  504] = fd442783fa842703 : 18249755037809256195
@@@ mem[  512] = 0027979300f707b3 : 11144181723891635
@@@ mem[  520] = 00f707b3fac42703 : 69532788835231491
@@@ mem[  528] = fc4426830007a703 : 18177696340057237251
@@@ mem[  536] = 00279793fd442783 : 11144185956804483
@@@ mem[  544] = 00e7a02300f687b3 : 65196791820617651
@@@ mem[  552] = 00178793fd442783 : 6622994143389571
@@@ mem[  560] = fd442703fcf42a23 : 18249754488094337571
@@@ mem[  568] = faf74ee3fd042783 : 18084009569838966659
@@@ mem[  576] = 0440006ffc042c23 : 306245255630695459
@@@ mem[  584] = 00178713fa442783 : 6622444337244035
@@@ mem[  592] = 00f707b3fd842783 : 69532788881368963
@@@ mem[  600] = fac4270300279793 : 18069610498758252435
@@@ mem[  608] = 0007a70300f707b3 : 2153956179904435
@@@ mem[  616] = fd842783fbc42683 : 18267769436339709571
@@@ mem[  624] = 00f687b300279793 : 69392047142311827
@@@ mem[  632] = fd84278300e7a023 : 18267769432130953251
@@@ mem[  640] = fcf42c2300178793 : 18227242120712259475
@@@ mem[  648] = fcc42783fd842703 : 18213726240840623875
@@@ mem[  656] = fc042a23faf74ce3 : 18159685931487415523
@@@ mem[  664] = fa842783fc042c23 : 18051596654230121507
@@@ mem[  672] = 0a80006ffcf42e23 : 756605218383474211
@@@ mem[  680] = fd442783fc442703 : 18249755037838616323
@@@ mem[  688] = 00f707b300279793 : 69532784630667155
@@@ mem[  696] = fbc426830007a703 : 18141667543038273283
@@@ mem[  704] = 00279793fd842783 : 11144185960998787
@@@ mem[  712] = 0007a78300f687b3 : 2154505935685555
@@@ mem[  720] = fdc4278302e7ce63 : 18285783830674001507
@@@ mem[  728] = fac4270300279793 : 18069610498758252435
@@@ mem[  736] = fc44268300f707b3 : 18177696340072925107
@@@ mem[  744] = 00271713fd442703 : 11002898712635139
@@@ mem[  752] = 0007270300e68733 : 2013218690467635
@@@ mem[  760] = fd44278300e7a023 : 18249755033621471267
@@@ mem[  768] = fcf42a2300178793 : 18227239921689003923
@@@ mem[  776] = fdc427830380006f : 18285783830683975791
@@@ mem[  784] = fac4270300279793 : 18069610498758252435
@@@ mem[  792] = fbc4268300f707b3 : 18141667543053961139
@@@ mem[  800] = 00271713fd842703 : 11002898716829443
@@@ mem[  808] = 0007270300e68733 : 2013218690467635
@@@ mem[  816] = fd84278300e7a023 : 18267769432130953251
@@@ mem[  824] = fcf42c2300178793 : 18227242120712259475
@@@ mem[  832] = 00178793fdc42783 : 6622994151778179
@@@ mem[  840] = fd442703fcf42e23 : 18249754488094338595
@@@ mem[  848] = 04f75a63fd042783 : 357854080892413827
@@@ mem[  856] = fcc42783fd842703 : 18213726240840623875
@@@ mem[  864] = 0440006ff4f744e3 : 306245255512409315
@@@ mem[  872] = 00279793fdc42783 : 11144185965193091
@@@ mem[  880] = 00f707b3fac42703 : 69532788835231491
@@@ mem[  888] = fd442703fc442683 : 18249754488082802307
@@@ mem[  896] = 00e6873300271713 : 64887897759094547
@@@ mem[  904] = 00e7a02300072703 : 65196791804929795
@@@ mem[  912] = 00178793fd442783 : 6622994143389571
@@@ mem[  920] = fdc42783fcf42a23 : 18285783834869115427
@@@ mem[  928] = fcf42e2300178793 : 18227244319735515027
@@@ mem[  936] = fd042783fd442703 : 18231740639345911555
@@@ mem[  944] = 0440006ffaf74ce3 : 306245255613074659
@@@ mem[  952] = 00279793fdc42783 : 11144185965193091
@@@ mem[  960] = 00f707b3fac42703 : 69532788835231491
@@@ mem[  968] = fd842703fbc42683 : 18267768886583895683
@@@ mem[  976] = 00e6873300271713 : 64887897759094547
@@@ mem[  984] = 00e7a02300072703 : 65196791804929795
@@@ mem[  992] = 00178793fd842783 : 6622994147583875
@@@ mem[ 1000] = fdc42783fcf42c23 : 18285783834869115939
@@@ mem[ 1008] = fcf42e2300178793 : 18227244319735515027
@@@ mem[ 1016] = fcc42783fd842703 : 18213726240840623875
@@@ mem[ 1024] = 00058113faf74ce3 : 1549297698426083
@@@ mem[ 1032] = fa04011300000013 : 18015525590504833043
@@@ mem[ 1040] = 0581290305c12403 : 396643335143498755
@@@ mem[ 1048] = 05012a0305412983 : 360615637627775363
@@@ mem[ 1056] = 04812b0304c12a83 : 324587940112050819
@@@ mem[ 1064] = 0601011304412b83 : 432628220391664515
@@@ mem[ 1072] = fd01011300008067 : 18230853947688517735
@@@ mem[ 1080] = 0281242302112623 : 180465192848664099
@@@ mem[ 1088] = fca42e2303010413 : 18204726321647518739
@@@ mem[ 1096] = fcc42a23fcb42c23 : 18213729127045016611
@@@ mem[ 1104] = fd442783fd842703 : 18249755037859587843
@@@ mem[ 1112] = fd44270306f75463 : 18249754483967349859
@@@ mem[ 1120] = 40f707b3fd842783 : 4681218807308756867
@@@ mem[ 1128] = fd8427034017d793 : 18267768883435263891
@@@ mem[ 1136] = fef4262300f707b3 : 18371350711732996019
@@@ mem[ 1144] = fd842583fec42603 : 18267767237366785539
@@@ mem[ 1152] = 00000097fdc42503 : 652797551875
@@@ mem[ 1160] = fec42783fb0080e7 : 18357841428874297575
@@@ mem[ 1168] = fd44260300178793 : 18249753384340391827
@@@ mem[ 1176] = fdc4250300078593 : 18285781081846678931
@@@ mem[ 1184] = f94080e700000097 : 17960497043579338903
@@@ mem[ 1192] = fec42603fd442683 : 18357839779644843651
@@@ mem[ 1200] = fdc42503fd842583 : 18285781086099481987
@@@ mem[ 1208] = bfc080e700000097 : 13817185386398482583
@@@ mem[ 1216] = 02c1208300000013 : 198475605593817107
@@@ mem[ 1224] = 0301011302812403 : 216455438248518659
@@@ mem[ 1232] = f901011300008067 : 17942623571536805991
@@@ mem[ 1240] = 0681242306112623 : 468695569067484707
@@@ mem[ 1248] = 000007b707010413 : 8482677916691
@@@ mem[ 1256] = f94407936a078713 : 17961489543580845843
@@@ mem[ 1264] = 05c0071300070693 : 414338943904319123
@@@ mem[ 1272] = 0006859300070613 : 1835716267410963
@@@ mem[ 1280] = 0000009700078513 : 648540554515
@@@ mem[ 1288] = f9440793038080e7 : 17961489541860720871
@@@ mem[ 1296] = 0000059301700613 : 6128942450195
@@@ mem[ 1304] = 0000009700078513 : 648540554515
@@@ mem[ 1312] = 00000793f18080e7 : 8331993317607
@@@ mem[ 1320] = 06c1208300078513 : 486705981746021651
@@@ mem[ 1328] = 0701011306812403 : 504685814467339267
@@@ mem[ 1336] = 00a5c7b300008067 : 46662942770364519
@@@ mem[ 1344] = 00c508b30037f793 : 55460135307835283
@@@ mem[ 1352] = 0030079306079263 : 13519126924857955
@@@ mem[ 1360] = 0035779304c7fe63 : 15049647089778275
@@@ mem[ 1368] = 0607986300050713 : 434483440034055955
@@@ mem[ 1376] = fe060793ffc8f613 : 18304326067726906899
@@@ mem[ 1384] = 02c77c6308f76c63 : 200265473235315811
@@@ mem[ 1392] = 0007079300058693 : 1978652778923667
@@@ mem[ 1400] = 004787930006a803 : 20133788776835075
@@@ mem[ 1408] = ff07ae2300468693 : 18376848269860308627
@@@ mem[ 1416] = fff60793fec7e8e3 : 18443937656158546147
@@@ mem[ 1424] = ffc7f79340e787b3 : 18430972211858212787
@@@ mem[ 1432] = 00f7073300478793 : 69532234876946323
@@@ mem[ 1440] = 0117686300f585b3 : 78646292929414579
@@@ mem[ 1448] = 0005071300008067 : 1415153069359207
@@@ mem[ 1456] = 0005c783ff157ce3 : 1626744617794787
@@@ mem[ 1464] = 0015859300170713 : 6057840919119635
@@@ mem[ 1472] = ff1768e3fef70fa3 : 18381275732580437923
@@@ mem[ 1480] = 0005c68300008067 : 1625640826601575
@@@ mem[ 1488] = 0037779300170713 : 15612596964493075
@@@ mem[ 1496] = 00158593fed70fa3 : 6057845193117603
@@@ mem[ 1504] = 0005c683f80780e3 : 1625644987810019
@@@ mem[ 1512] = 0037779300170713 : 15612596964493075
@@@ mem[ 1520] = 00158593fed70fa3 : 6057845193117603
@@@ mem[ 1528] = f65ff06ffc079ae3 : 17753172619878177507
@@@ mem[ 1536] = 0005a2830045a683 : 1586058412533379
@@@ mem[ 1544] = 00c5af030085af83 : 55642997840523139
@@@ mem[ 1552] = 0145ae030105ae83 : 91670695356247683
@@@ mem[ 1560] = 01c5a8030185a303 : 127692895313830659
@@@ mem[ 1568] = 0205a68300d72223 : 145705644544434723
@@@ mem[ 1576] = 01f7242300572023 : 141621646033625123
@@@ mem[ 1584] = 01d7282301e72623 : 132618844851611171
@@@ mem[ 1592] = 00672c2301c72a23 : 29040451466504739
@@@ mem[ 1600] = 02d7202301072e23 : 204667642781838883
@@@ mem[ 1608] = 0245859302470713 : 163683827913787155
@@@ mem[ 1616] = f19ff06ffaf768e3 : 17410899048180181219
@@@
@@@ mem[ 1696] = 0000000f00000020 : 64424509472
@@@ mem[ 1704] = 0000000500000141 : 21474836801
@@@ mem[ 1712] = 0000000300000004 : 12884901892
@@@ mem[ 1720] = 0000004a00000002 : 317827579906
@@@ mem[ 1728] = 0000000400000009 : 17179869193
@@@ mem[ 1736] = 000005230000034e : 5647881995086
@@@ mem[ 1744] = 0000199400000054 : 28123445854292
@@@ mem[ 1752] = 000017e10000002f : 26255135080495
@@@ mem[ 1760] = 0000001100000001 : 73014444033
@@@ mem[ 1768] = 00000544000001e5 : 5789615915493
@@@ mem[ 1776] = 0000053d00000004 : 5759551143940
@@@ mem[ 1784] = 0000000000000300 : 768
@@@
@@@ mem[65056] = 0000000000000300 : 768
@@@
@@@ mem[65072] = 000000000000053d : 1341
@@@
@@@ mem[65088] = 0000001500000016 : 90194313238
@@@ mem[65096] = 0000ff9400000015 : 281011120242709
@@@
@@@ mem[65112] = 0000fe2000000000 : 279413392408576
@@@ mem[65120] = 0000053d00000300 : 5759551144704
@@@ mem[65128] = 0000000100000000 : 4294967296
@@@ mem[65136] = 0000001600000017 : 94489280535
@@@ mem[65144] = 0000ff9400000015 : 281011120242709
@@@ mem[65152] = 0000030000000000 : 3298534883328
@@@ mem[65160] = 0000fe500000053d : 279619550840125
@@@ mem[65168] = 0000000400000000 : 17179869184
@@@ mem[65176] = 00000300000001e5 : 3298534883813
@@@ mem[65184] = 0000000100000000 : 4294967296
@@@ mem[65192] = 0000001100000004 : 73014444036
@@@ mem[65200] = 000000540000002f : 360777252911
@@@ mem[65208] = 00000300000001e5 : 3298534883813
@@@ mem[65216] = 000005440000053d : 5789615916349
@@@ mem[65224] = 00001994000017e1 : 28123445860321
@@@ mem[65232] = 0000000300000002 : 12884901890
@@@ mem[65240] = 0000000400000004 : 17179869188
@@@ mem[65248] = 0000000900000005 : 38654705669
@@@ mem[65256] = 000000200000000f : 137438953487
@@@ mem[65264] = 000001410000004a : 1378684502090
@@@ mem[65272] = 000005230000034e : 5647881995086
@@@ mem[65280] = 0000000b00000017 : 47244640279
@@@ mem[65288] = 0000ff9400000000 : 281011120242688
@@@
@@@ mem[65304] = 0000fea000000000 : 279963148222464
@@@ mem[65312] = 0000fed00000000b : 280169306652683
@@@ mem[65320] = 0000000c0000000b : 51539607563
@@@ mem[65328] = 0000000c0000000c : 51539607564
@@@ mem[65336] = 000000180000000c : 103079215116
@@@
@@@ mem[65368] = 0000ff9000000000 : 280993940373504
@@@ mem[65376] = 0000001700000000 : 98784247808
@@@ mem[65384] = 0000ff9400000000 : 281011120242688
@@@
@@@ mem[65400] = 0000000b00000000 : 47244640256
@@@
@@@ mem[65416] = 0000052400010000 : 5652177027072
@@@
@@@ mem[65432] = 0000000200000001 : 8589934593
@@@ mem[65440] = 0000000400000003 : 17179869187
@@@ mem[65448] = 0000000400000004 : 17179869188
@@@ mem[65456] = 0000000900000005 : 38654705669
@@@ mem[65464] = 000000110000000f : 73014444047
@@@ mem[65472] = 0000002f00000020 : 201863462944
@@@ mem[65480] = 000000540000004a : 360777252938
@@@ mem[65488] = 000001e500000141 : 2083059138881
@@@ mem[65496] = 0000034e00000300 : 3633542333184
@@@ mem[65504] = 0000053d00000523 : 5759551145251
@@@ mem[65512] = 000017e100000544 : 26255135081796
@@@ mem[65520] = 0000000000001994 : 6548
@@@ mem[65528] = 000000a000000000 : 687194767360
@@@
@@@ System halted on WFI instruction
@@@
