@@@ Unified Memory contents hex on left, decimal on right: 
@@@
@@@ mem[    0] = 000000970000717a : 648540090746
@@@ mem[    8] = 0001011709c08093 : 282673436197011
@@@ mem[   16] = 00010413ff410113 : 285958910050579
@@@ mem[   24] = 9281819300001197 : 10556861469893333399
@@@ mem[   32] = 0000029300000213 : 2830383448595
@@@ mem[   40] = 0000039300000313 : 3929895076627
@@@ mem[   48] = 0000051300000493 : 5579162518675
@@@ mem[   56] = 0000061300000593 : 6678674146707
@@@ mem[   64] = 0000071300000693 : 7778185774739
@@@ mem[   72] = 0000081300000793 : 8877697402771
@@@ mem[   80] = 0000091300000893 : 9977209030803
@@@ mem[   88] = 00000a1300000993 : 11076720658835
@@@ mem[   96] = 00000b1300000a93 : 12176232286867
@@@ mem[  104] = 00000c1300000b93 : 13275743914899
@@@ mem[  112] = 00000d1300000c93 : 14375255542931
@@@ mem[  120] = 00000e1300000d93 : 15474767170963
@@@ mem[  128] = 00000f1300000e93 : 16574278798995
@@@ mem[  136] = 0500006f00000f93 : 360288446931013523
@@@
@@@ mem[  160] = f601011300010117 : 17726450789423055127
@@@ mem[  168] = 00000013fea12c23 : 85876354083
@@@ mem[  176] = fe01011310500073 : 18302911542000091251
@@@ mem[  184] = 0201041300812e23 : 144401142711922211
@@@ mem[  192] = fec42783fea42623 : 18357841428935353891
@@@ mem[  200] = 00078513fff7c793 : 2116645782275987
@@@ mem[  208] = 0201011301c12403 : 144397844198007811
@@@ mem[  216] = fe01011300008067 : 18302911541726445671
@@@ mem[  224] = 00812c2300112e23 : 36358800832278051
@@@ mem[  232] = 000077b702010413 : 131627896341523
@@@ mem[  240] = fef4262316e78793 : 18371350712101078931
@@@ mem[  248] = 00c78793fec42783 : 56162590069630851
@@@ mem[  256] = fe442783fef42423 : 18321812631921632291
@@@ mem[  264] = 00e7a023fe842703 : 65196796074534659
@@@ mem[  272] = 00000097fec42503 : 652814329091
@@@ mem[  280] = fea42623fa0080e7 : 18348832717774291175
@@@ mem[  288] = 0007851300000793 : 2116641487849363
@@@ mem[  296] = 0181240301c12083 : 108407461366538371
@@@ mem[  304] = 0000806702010113 : 141179903607059
@@@
@@@ mem[65480] = 0000716e00000000 : 124717260341248
@@@
@@@ mem[65496] = 0001000000000000 : 281474976710656
@@@
@@@ mem[65512] = ffff8e910000717a : 18446619352154272122
@@@
@@@ mem[65528] = 000000a000000000 : 687194767360
@@@
@@@ System halted on WFI instruction
@@@
