@@@ Unified Memory contents hex on left, decimal on right: 
@@@
@@@ mem[    0] = 0000009700000013 : 648540061715
@@@ mem[    8] = 0001011709c08093 : 282673436197011
@@@ mem[   16] = 00010413ff410113 : 285958910050579
@@@ mem[   24] = 0481819300001197 : 324683116507566487
@@@ mem[   32] = 0000029300000213 : 2830383448595
@@@ mem[   40] = 0000039300000313 : 3929895076627
@@@ mem[   48] = 0000051300000493 : 5579162518675
@@@ mem[   56] = 0000061300000593 : 6678674146707
@@@ mem[   64] = 0000071300000693 : 7778185774739
@@@ mem[   72] = 0000081300000793 : 8877697402771
@@@ mem[   80] = 0000091300000893 : 9977209030803
@@@ mem[   88] = 00000a1300000993 : 11076720658835
@@@ mem[   96] = 00000b1300000a93 : 12176232286867
@@@ mem[  104] = 00000c1300000b93 : 13275743914899
@@@ mem[  112] = 00000d1300000c93 : 14375255542931
@@@ mem[  120] = 00000e1300000d93 : 15474767170963
@@@ mem[  128] = 00000f1300000e93 : 16574278798995
@@@ mem[  136] = 6240006f00000f93 : 7079659090967793555
@@@
@@@ mem[  160] = f601011300010117 : 17726450789423055127
@@@ mem[  168] = 00000013fea12c23 : 85876354083
@@@ mem[  176] = fd01011310500073 : 18230853947962163315
@@@ mem[  184] = 0281242302112623 : 180465192848664099
@@@ mem[  192] = fca42e2303010413 : 18204726321647518739
@@@ mem[  200] = 000017b7fdc42703 : 26079003944707
@@@ mem[  208] = 00f76a638a078793 : 69641294997587859
@@@ mem[  216] = 8a078793000057b7 : 9946067367500994487
@@@ mem[  224] = 00e7f863fdc42703 : 65293827963102979
@@@ mem[  232] = 0000009700100513 : 648541111571
@@@ mem[  240] = fdc42783fb4080e7 : 18285783834840563943
@@@ mem[  248] = fef42423ff878793 : 18371348516980623251
@@@ mem[  256] = 8a87a783000057b7 : 9982131280172570551
@@@ mem[  264] = 03c0006ffef42623 : 270216458661013027
@@@ mem[  272] = 0007a783fec42783 : 2154510193796995
@@@ mem[  280] = 02f76063fec42703 : 213745489915684611
@@@ mem[  288] = fec42783fe842703 : 18357841428933256963
@@@ mem[  296] = fec4278302e7ee63 : 18357841424711937635
@@@ mem[  304] = fe8427030007a783 : 18339826476398389123
@@@ mem[  312] = fec4278302f76663 : 18357841424712951395
@@@ mem[  320] = fef426230007a783 : 18371350711717308291
@@@ mem[  328] = fec42783fe842703 : 18357841428933256963
@@@ mem[  336] = fec42783fce7f0e3 : 18357841428906242275
@@@ mem[  344] = fe8427030007a783 : 18339826476398389123
@@@ mem[  352] = fe842783faf778e3 : 18339827030364223715
@@@ mem[  360] = 003797930047a783 : 15647781339768707
@@@ mem[  368] = 00f70733fe842703 : 69532239142332163
@@@ mem[  376] = 0007a783fec42783 : 2154510193796995
@@@ mem[  384] = fe84278302f71e63 : 18339827026203450979
@@@ mem[  392] = fec427830047a703 : 18357841424667879171
@@@ mem[  400] = 0047a7830007a783 : 20168904429512579
@@@ mem[  408] = fe84278300f70733 : 18339827026169890611
@@@ mem[  416] = fec4278300e7a223 : 18357841424678363683
@@@ mem[  424] = 0007a7030007a783 : 2153956164216707
@@@ mem[  432] = 00e7a023fe842783 : 65196796074534787
@@@ mem[  440] = fec427830140006f : 18357841424684154991
@@@ mem[  448] = fe8427830007a703 : 18339827026154202883
@@@ mem[  456] = fec4278300e7a023 : 18357841424678363171
@@@ mem[  464] = 003797930047a783 : 15647781339768707
@@@ mem[  472] = 00f707b3fec42703 : 69532788902340355
@@@ mem[  480] = 02f71a63fe842703 : 213668524097545987
@@@ mem[  488] = 0047a703fec42783 : 20168358947465091
@@@ mem[  496] = 0047a783fe842783 : 20168908699084675
@@@ mem[  504] = fec4278300f70733 : 18357841424679372595
@@@ mem[  512] = fe84278300e7a223 : 18339827026168881699
@@@ mem[  520] = fec427830007a703 : 18357841424663684867
@@@ mem[  528] = 0100006f00e7a023 : 72058070794477603
@@@ mem[  536] = fe842703fec42783 : 18339826480672155523
@@@ mem[  544] = 000057b700e7a023 : 96443505811491
@@@ mem[  552] = 8ae7a423fec42703 : 10009149171359295235
@@@ mem[  560] = 02c1208300000013 : 198475605593817107
@@@ mem[  568] = 0301011302812403 : 216455438248518659
@@@ mem[  576] = fd01011300008067 : 18230853947688517735
@@@ mem[  584] = 0281242302112623 : 180465192848664099
@@@ mem[  592] = fca42e2303010413 : 18204726321647518739
@@@ mem[  600] = 8847a783000017b7 : 9820001693587216311
@@@ mem[  608] = 00e7f663fdc42703 : 65291628939847427
@@@ mem[  616] = 0700006f00000793 : 504403635006867347
@@@ mem[  624] = 8807a783000017b7 : 9801987295077734327
@@@ mem[  632] = 000017b7fef42623 : 26079023867427
@@@ mem[  640] = fdc427838807a703 : 18285783832907458307
@@@ mem[  648] = 000017b700f70733 : 26074762643251
@@@ mem[  656] = 000017b788e7a023 : 26077043335203
@@@ mem[  664] = fdc427838847a703 : 18285783832911652611
@@@ mem[  672] = 000017b740f70733 : 26075836385075
@@@ mem[  680] = fdc4278388e7a223 : 18285783832922137123
@@@ mem[  688] = fec42783ff878713 : 18357841428950255379
@@@ mem[  696] = fec4278300e7a223 : 18357841424678363683
@@@ mem[  704] = fef4262300878793 : 18371350711725688723
@@@ mem[  712] = 00000097fec42503 : 652814329091
@@@ mem[  720] = 000057b7de8080e7 : 96447223595239
@@@ mem[  728] = 000785138a87a783 : 2116643811993475
@@@ mem[  736] = 0281240302c12083 : 180465055421243523
@@@ mem[  744] = 0000806703010113 : 141179920384275
@@@ mem[  752] = 02112623fd010113 : 148942198690349331
@@@ mem[  760] = 0301041302812423 : 216458736783402019
@@@ mem[  768] = fdc42703fca42e23 : 18285783285108059683
@@@ mem[  776] = 00e7f663000047b7 : 65291624682375095
@@@ mem[  784] = 15c0006f00000793 : 1567253147066304403
@@@ mem[  792] = 0037f793fdc42783 : 15753338708830083
@@@ mem[  800] = fdc4278300078a63 : 18285783830625749603
@@@ mem[  808] = 00478793ffc7f793 : 20133793067693971
@@@ mem[  816] = fdc42783fcf42e23 : 18285783834869116451
@@@ mem[  824] = fef4222300878793 : 18371346313679177619
@@@ mem[  832] = 8a87a783000057b7 : 9982131280172570551
@@@ mem[  840] = fe842783fef42423 : 18339827030431114275
@@@ mem[  848] = 000057b702079e63 : 96443524685411
@@@ mem[  856] = fef424238a078793 : 18371348515009300371
@@@ mem[  864] = fe842703000057b7 : 18339826476397909943
@@@ mem[  872] = 000057b78ae7a423 : 96445821068323
@@@ mem[  880] = 000057b78a87a703 : 96445814777603
@@@ mem[  888] = 00e7a0238a078793 : 65196794120210323
@@@ mem[  896] = 8a078793000057b7 : 9946067367500994487
@@@ mem[  904] = fe8427830007a223 : 18339827026154201635
@@@ mem[  912] = fef426230007a783 : 18371350711717308291
@@@ mem[  920] = 0047a783fec42783 : 20168908703278979
@@@ mem[  928] = 08e7e263fdc42703 : 641730391010715395
@@@ mem[  936] = 0047a783fec42783 : 20168908703278979
@@@ mem[  944] = 00f71c63fdc42703 : 69555535032362755
@@@ mem[  952] = 0007a703fec42783 : 2153960437983107
@@@ mem[  960] = 00e7a023fe842783 : 65196796074534787
@@@ mem[  968] = fec427830400006f : 18357841424730292335
@@@ mem[  976] = fe4427830047a703 : 18321812627648915203
@@@ mem[  984] = fec4278340f70733 : 18357841425753114419
@@@ mem[  992] = fec4278300e7a223 : 18357841424678363683
@@@ mem[ 1000] = 003797930047a783 : 15647781339768707
@@@ mem[ 1008] = 00f707b3fec42703 : 69532788902340355
@@@ mem[ 1016] = fec42783fef42623 : 18357841428940596771
@@@ mem[ 1024] = 00e7a223fdc42703 : 65198995085207299
@@@ mem[ 1032] = fe842703000057b7 : 18339826476397909943
@@@ mem[ 1040] = fec427838ae7a423 : 18357841426993620003
@@@ mem[ 1048] = fef4262300878793 : 18371350711725688723
@@@ mem[ 1056] = 04c0006ffec42783 : 342274052695795587
@@@ mem[ 1064] = 8a87a783000057b7 : 9982131280172570551
@@@ mem[ 1072] = 02f71263fec42703 : 213659728008718083
@@@ mem[ 1080] = 00000097fe442503 : 652805940483
@@@ mem[ 1088] = fea42623e08080e7 : 18348832717346472167
@@@ mem[ 1096] = 00079663fec42783 : 2135681057171331
@@@ mem[ 1104] = 01c0006f00000793 : 126101266307745683
@@@ mem[ 1112] = fef42423fec42783 : 18371348516967819139
@@@ mem[ 1120] = 0007a783fec42783 : 2154510193796995
@@@ mem[ 1128] = f2dff06ffef42623 : 17500971040794486307
@@@ mem[ 1136] = 02c1208300078513 : 198475605594309907
@@@ mem[ 1144] = 0301011302812403 : 216455438248518659
@@@ mem[ 1152] = fd01011300008067 : 18230853947688517735
@@@ mem[ 1160] = 0281242302112623 : 180465192848664099
@@@ mem[ 1168] = fca42e2303010413 : 18204726321647518739
@@@ mem[ 1176] = 00000097fdc42503 : 652797551875
@@@ mem[ 1184] = fea42623e54080e7 : 18348832717426163943
@@@ mem[ 1192] = 00000593fdc42603 : 6133175821827
@@@ mem[ 1200] = 00000097fec42503 : 652814329091
@@@ mem[ 1208] = fec427832b0080e7 : 18357841425384636647
@@@ mem[ 1216] = 02c1208300078513 : 198475605594309907
@@@ mem[ 1224] = 0301011302812403 : 216455438248518659
@@@ mem[ 1232] = fd01011300008067 : 18230853947688517735
@@@ mem[ 1240] = 0281242302112623 : 180465192848664099
@@@ mem[ 1248] = fca42e2303010413 : 18204726321647518739
@@@ mem[ 1256] = 00c00513fcb42c23 : 54048778930629667
@@@ mem[ 1264] = e00080e700000097 : 16141042794121658519
@@@ mem[ 1272] = fec42783fea42623 : 18357841428935353891
@@@ mem[ 1280] = 00e7a023fdc42703 : 65196796061951747
@@@ mem[ 1288] = fd842703fec42783 : 18267768886634227587
@@@ mem[ 1296] = fec4278300e7a223 : 18357841424678363683
@@@ mem[ 1304] = fec427830007a423 : 18357841424663684131
@@@ mem[ 1312] = 02c1208300078513 : 198475605594309907
@@@ mem[ 1320] = 0301011302812403 : 216455438248518659
@@@ mem[ 1328] = fe01011300008067 : 18302911541726445671
@@@ mem[ 1336] = 0201041300812e23 : 144401142711922211
@@@ mem[ 1344] = fec42783fea42623 : 18357841428935353891
@@@ mem[ 1352] = 0007a7830007a783 : 2154505920030595
@@@ mem[ 1360] = 01c1240300078513 : 126421859847079187
@@@ mem[ 1368] = 0000806702010113 : 141179903607059
@@@ mem[ 1376] = 02112623fd010113 : 148942198690349331
@@@ mem[ 1384] = 0301041302812423 : 216458736783402019
@@@ mem[ 1392] = fdc42783fca42e23 : 18285783834863873571
@@@ mem[ 1400] = fef426230007a783 : 18371350711717308291
@@@ mem[ 1408] = 0007a783fdc42783 : 2154510177019779
@@@ mem[ 1416] = fdc427830087a703 : 18285783830634145539
@@@ mem[ 1424] = fec4250300e7a023 : 18357838675899293731
@@@ mem[ 1432] = b1c080e700000097 : 12808379069867491479
@@@ mem[ 1440] = 02c1208300000013 : 198475605593817107
@@@ mem[ 1448] = 0301011302812403 : 216455438248518659
@@@ mem[ 1456] = fd01011300008067 : 18230853947688517735
@@@ mem[ 1464] = 0281242302112623 : 180465192848664099
@@@ mem[ 1472] = fca42e2303010413 : 18204726321647518739
@@@ mem[ 1480] = fcc42a23fcb42c23 : 18213729127045016611
@@@ mem[ 1488] = 0007a783fdc42783 : 2154510177019779
@@@ mem[ 1496] = fd442583fef42623 : 18249752838860449315
@@@ mem[ 1504] = 00000097fd842503 : 652793357571
@@@ mem[ 1512] = fea42423ef0080e7 : 18348830518566486247
@@@ mem[ 1520] = 0007a783fdc42783 : 2154510177019779
@@@ mem[ 1528] = fd4427030047a783 : 18249754483855173507
@@@ mem[ 1536] = fdc4278302f75863 : 18285783830675019875
@@@ mem[ 1544] = fe8427830007a703 : 18339827026154202883
@@@ mem[ 1552] = fdc4278300e7a423 : 18285783830640436259
@@@ mem[ 1560] = 00e7a023fe842703 : 65196796074534659
@@@ mem[ 1568] = fec4278304c0006f : 18357841424742875247
@@@ mem[ 1576] = fef426230087a783 : 18371350711725696899
@@@ mem[ 1584] = 0087a783fec42783 : 38183307212760963
@@@ mem[ 1592] = fec4278300078c63 : 18357841424663678051
@@@ mem[ 1600] = 0047a7830087a783 : 20168904437901187
@@@ mem[ 1608] = fce7cce3fd442703 : 18223759696756745987
@@@ mem[ 1616] = 0087a703fec42783 : 38182757456947075
@@@ mem[ 1624] = 00e7a423fe842783 : 65201194121045891
@@@ mem[ 1632] = fe842703fec42783 : 18339826480672155523
@@@ mem[ 1640] = 0000001300e7a423 : 81619559459
@@@ mem[ 1648] = 0281240302c12083 : 180465055421243523
@@@ mem[ 1656] = 0000806703010113 : 141179920384275
@@@ mem[ 1664] = 00812e23fe010113 : 36361004115886355
@@@ mem[ 1672] = fea4262302010413 : 18348832713613575187
@@@ mem[ 1680] = 0007a783fec42783 : 2154510193796995
@@@ mem[ 1688] = 0ff7f7930017b793 : 1150660440550258579
@@@ mem[ 1696] = 01c1240300078513 : 126421859847079187
@@@ mem[ 1704] = 0000806702010113 : 141179903607059
@@@ mem[ 1712] = 00112e23fe010113 : 4835806724292883
@@@ mem[ 1720] = 0201041300812c23 : 144401142711921699
@@@ mem[ 1728] = 0040051300100593 : 18019977673049491
@@@ mem[ 1736] = e0c080e700000097 : 16195085989650104471
@@@ mem[ 1744] = fef4262300050793 : 18371350711717136275
@@@ mem[ 1752] = 00200613fec40793 : 9013882203146131
@@@ mem[ 1760] = 0007851300500593 : 2116641493091731
@@@ mem[ 1768] = ecc080e700000097 : 17059777118105239703
@@@ mem[ 1776] = 00300613fec40793 : 13517481830516627
@@@ mem[ 1784] = 0007851300600593 : 2116641494140307
@@@ mem[ 1792] = eb4080e700000097 : 16951690727048347799
@@@ mem[ 1800] = 00000613fec40793 : 6682948405139
@@@ mem[ 1808] = 0007851300700593 : 2116641495188883
@@@ mem[ 1816] = e9c080e700000097 : 16843604335991455895
@@@ mem[ 1824] = fec407930140006f : 18357806309031542895
@@@ mem[ 1832] = 0000009700078513 : 648540554515
@@@ mem[ 1840] = fec40793e34080e7 : 18357806312823226599
@@@ mem[ 1848] = 0000009700078513 : 648540554515
@@@ mem[ 1856] = 00050793f44080e7 : 1415706923008231
@@@ mem[ 1864] = 00000793fc078ee3 : 8332169940707
@@@ mem[ 1872] = 01c1208300078513 : 126418011556381971
@@@ mem[ 1880] = 0201011301812403 : 144397844193813507
@@@ mem[ 1888] = 00f0031300008067 : 67557374549852263
@@@ mem[ 1896] = 02c37e6300050713 : 199141772201625363
@@@ mem[ 1904] = 0a07906300f77793 : 722705020108634003
@@@ mem[ 1912] = ff06769308059263 : 18376505703398740579
@@@ mem[ 1920] = 00e686b300f67613 : 64887348016870931
@@@ mem[ 1928] = 00b7222300b72023 : 51547454469251107
@@@ mem[ 1936] = 00b7262300b72423 : 51551852515763235
@@@ mem[ 1944] = fed766e301070713 : 18363259130787333907
@@@ mem[ 1952] = 0000806700061463 : 141179870385251
@@@ mem[ 1960] = 0026969340c306b3 : 10861608305886899
@@@ mem[ 1968] = 005686b300000297 : 24354951354385047
@@@ mem[ 1976] = 00b7072300c68067 : 51517767656308839
@@@ mem[ 1984] = 00b7062300b706a3 : 51516668143666851
@@@ mem[ 1992] = 00b7052300b705a3 : 51515568632038819
@@@ mem[ 2000] = 00b7042300b704a3 : 51514469120410787
@@@ mem[ 2008] = 00b7032300b703a3 : 51513369608782755
@@@ mem[ 2016] = 00b7022300b702a3 : 51512270097154723
@@@ mem[ 2024] = 00b7012300b701a3 : 51511170585526691
@@@ mem[ 2032] = 00b7002300b700a3 : 51510071073898659
@@@ mem[ 2040] = 0ff5f59300008067 : 1150095291572060263
@@@ mem[ 2048] = 00d5e5b300859693 : 60206727010031251
@@@ mem[ 2056] = 00d5e5b301059693 : 60206727018419859
@@@ mem[ 2064] = 00279693f6dff06f : 11143086337945711
@@@ mem[ 2072] = 005686b300000297 : 24354951354385047
@@@ mem[ 2080] = fa0680e700008293 : 18016229088968082067
@@@ mem[ 2088] = ff07879300028093 : 18376805869938704531
@@@ mem[ 2096] = 00f6063340f70733 : 69249661473851187
@@@ mem[ 2104] = f3dff06ff6c378e3 : 17573028634695006435
@@@
@@@ mem[ 2176] = 00003fb0000008f0 : 70025146796272
@@@
@@@ mem[ 2208] = 0000000c000008b4 : 51539609780
@@@ mem[ 2216] = 0000000100000004 : 4294967300
@@@ mem[ 2224] = 000008c8000008bc : 9655086483644
@@@ mem[ 2232] = 000000050000000c : 21474836492
@@@ mem[ 2240] = 000008d000000002 : 9689446219778
@@@ mem[ 2248] = 0000000c000008dc : 51539609820
@@@ mem[ 2256] = 0000000300000006 : 12884901894
@@@ mem[ 2264] = 000048a000000000 : 79852031967232
@@@ mem[ 2272] = 000000070000000c : 30064771084
@@@ mem[ 2280] = 000008a800000000 : 9517647527936
@@@
@@@ mem[18592] = 00000000000008a0 : 2208
@@@ mem[18600] = 00000000000008b4 : 2228
@@@
@@@ mem[65272] = 000008e400000000 : 9775345565696
@@@
@@@ mem[65288] = 000048a0000008dc : 79852031969500
@@@
@@@ mem[65304] = 000002d40000ff50 : 3109556387664
@@@
@@@ mem[65320] = 0000001400000000 : 85899345920
@@@
@@@ mem[65336] = 000008e4000008a0 : 9775345567904
@@@
@@@ mem[65352] = 000004440000ff80 : 4690104352640
@@@
@@@ mem[65368] = 0000000c00000000 : 51539607552
@@@ mem[65376] = 0000001400000000 : 85899345920
@@@ mem[65384] = 000008e4000048a0 : 9775345584288
@@@
@@@ mem[65400] = 000004f80000ffb0 : 5463198465968
@@@
@@@ mem[65416] = 000008d000000000 : 9689446219776
@@@ mem[65424] = 0000001400000000 : 85899345920
@@@ mem[65432] = 000008b4000008c8 : 9569187137736
@@@
@@@ mem[65448] = 000005a00000ffe0 : 6184752971744
@@@
@@@ mem[65464] = 0000ffec00000007 : 281389077364743
@@@
@@@ mem[65480] = 0000ffec000008e4 : 281389077367012
@@@
@@@ mem[65496] = 0001000000010000 : 281474976776192
@@@
@@@ mem[65528] = 000000a000000000 : 687194767360
@@@
@@@ System halted on WFI instruction
@@@
