@@@ Unified Memory contents hex on left, decimal on right: 
@@@
@@@ mem[    0] = 0000009700000013 : 648540061715
@@@ mem[    8] = 0001011709c08093 : 282673436197011
@@@ mem[   16] = 00010413ff410113 : 285958910050579
@@@ mem[   24] = 0081819300001197 : 36452740355854743
@@@ mem[   32] = 0000029300000213 : 2830383448595
@@@ mem[   40] = 0000039300000313 : 3929895076627
@@@ mem[   48] = 0000051300000493 : 5579162518675
@@@ mem[   56] = 0000061300000593 : 6678674146707
@@@ mem[   64] = 0000071300000693 : 7778185774739
@@@ mem[   72] = 0000081300000793 : 8877697402771
@@@ mem[   80] = 0000091300000893 : 9977209030803
@@@ mem[   88] = 00000a1300000993 : 11076720658835
@@@ mem[   96] = 00000b1300000a93 : 12176232286867
@@@ mem[  104] = 00000c1300000b93 : 13275743914899
@@@ mem[  112] = 00000d1300000c93 : 14375255542931
@@@ mem[  120] = 00000e1300000d93 : 15474767170963
@@@ mem[  128] = 00000f1300000e93 : 16574278798995
@@@ mem[  136] = 20c0006f00000f93 : 2359886681483513747
@@@
@@@ mem[  160] = f601011300010117 : 17726450789423055127
@@@ mem[  168] = 00000013fea12c23 : 85876354083
@@@ mem[  176] = fd01011310500073 : 18230853947962163315
@@@ mem[  184] = 0301041302812623 : 216458736783402531
@@@ mem[  192] = fcb42c23fca42e23 : 18209227726439853603
@@@ mem[  200] = 0007a783fdc42783 : 2154510177019779
@@@ mem[  208] = fd842783fef42623 : 18267769436393186851
@@@ mem[  216] = fdc427830007a703 : 18285783830625756931
@@@ mem[  224] = fd84278300e7a023 : 18267769432130953251
@@@ mem[  232] = 00e7a023fec42703 : 65196796078728963
@@@ mem[  240] = 02c1240300000013 : 198479453884514323
@@@ mem[  248] = 0000806703010113 : 141179920384275
@@@ mem[  256] = 02112623fd010113 : 148942198690349331
@@@ mem[  264] = 0301041302812423 : 216458736783402019
@@@ mem[  272] = fcb42c23fca42e23 : 18209227726439853603
@@@ mem[  280] = fd442783fcc42a23 : 18249755037847005731
@@@ mem[  288] = fdc4270300279793 : 18285783280872036243
@@@ mem[  296] = 0007a78300f707b3 : 2154505935718323
@@@ mem[  304] = fd842783fef42223 : 18267769436393185827
@@@ mem[  312] = fef42623fff78793 : 18371350716011218835
@@@ mem[  320] = fef42423fd842783 : 18371348516946847619
@@@ mem[  328] = fe8427830680006f : 18339827026262753391
@@@ mem[  336] = fdc4270300279793 : 18285783280872036243
@@@ mem[  344] = 0007a78300f707b3 : 2154505935718323
@@@ mem[  352] = 04f74063fe442703 : 357825493611063043
@@@ mem[  360] = 00178793fec42783 : 6622994168555395
@@@ mem[  368] = fec42783fef42623 : 18357841428940596771
@@@ mem[  376] = fdc4270300279793 : 18285783280872036243
@@@ mem[  384] = fe84278300f706b3 : 18339827026169890483
@@@ mem[  392] = fdc4270300279793 : 18285783280872036243
@@@ mem[  400] = 0007859300f707b3 : 2117191259850675
@@@ mem[  408] = 0000009700068513 : 648540488979
@@@ mem[  416] = fe842783f18080e7 : 18339827030205432039
@@@ mem[  424] = fef4242300178793 : 18371348512695093139
@@@ mem[  432] = fe842783fd442703 : 18339827030402803459
@@@ mem[  440] = fec42783f8e7cae3 : 18357841428839123683
@@@ mem[  448] = 0027979300178793 : 11144181709244307
@@@ mem[  456] = 00f706b3fdc42703 : 69531689373935363
@@@ mem[  464] = 00279793fd442783 : 11144185956804483
@@@ mem[  472] = 00f707b3fdc42703 : 69532788885563139
@@@ mem[  480] = 0006851300078593 : 1835166511629715
@@@ mem[  488] = ecc080e700000097 : 17059777118105239703
@@@ mem[  496] = 00178793fec42783 : 6622994168555395
@@@ mem[  504] = 02c1208300078513 : 198475605594309907
@@@ mem[  512] = 0301011302812403 : 216455438248518659
@@@ mem[  520] = fd01011300008067 : 18230853947688517735
@@@ mem[  528] = 0281242302112623 : 180465192848664099
@@@ mem[  536] = fca42e2303010413 : 18204726321647518739
@@@ mem[  544] = fcc42a23fcb42c23 : 18213729127045016611
@@@ mem[  552] = fd442783fd842703 : 18249755037859587843
@@@ mem[  560] = fd44260304f75a63 : 18249753384422169187
@@@ mem[  568] = fdc42503fd842583 : 18285781086099481987
@@@ mem[  576] = ec0080e700000097 : 17005733922576793751
@@@ mem[  584] = fec42783fea42623 : 18357841428935353891
@@@ mem[  592] = 00078613fff78793 : 2117745293887379
@@@ mem[  600] = fdc42503fd842583 : 18285781086099481987
@@@ mem[  608] = fac080e700000097 : 18068583434636230807
@@@ mem[  616] = 00178793fec42783 : 6622994168555395
@@@ mem[  624] = 00078593fd442603 : 2117195492763139
@@@ mem[  632] = 00000097fdc42503 : 652797551875
@@@ mem[  640] = 00000013f90080e7 : 85781938407
@@@ mem[  648] = 0281240302c12083 : 180465055421243523
@@@ mem[  656] = 0000806703010113 : 141179920384275
@@@ mem[  664] = 18112e23e6010113 : 1734218063231910163
@@@ mem[  672] = 1a01041318812c23 : 1873783400024845347
@@@ mem[  680] = 0340006ffe042623 : 234187661626320419
@@@ mem[  688] = 080080e700000097 : 576602481929224343
@@@ mem[  696] = 3ff7f71300050793 : 4609424404613760915
@@@ mem[  704] = 00279793fec42783 : 11144185981970307
@@@ mem[  712] = 00f687b3ff040693 : 69392051418171027
@@@ mem[  720] = fec42783e6e7a823 : 18357841428537124899
@@@ mem[  728] = fef4262300178793 : 18371350711718348691
@@@ mem[  736] = 06200793fec42703 : 441361095698163459
@@@ mem[  744] = e6040793fce7d4e3 : 16574380860814906595
@@@ mem[  752] = 0000059306200613 : 6129021093395
@@@ mem[  760] = 0000009700078513 : 648540554515
@@@ mem[  768] = 00000793f10080e7 : 8331984928999
@@@ mem[  776] = 19c1208300078513 : 1855800268466652435
@@@ mem[  784] = 1a01011319812403 : 1873780101506737155
@@@ mem[  792] = 000017b700008067 : 26074746486887
@@@ mem[  800] = 0aa7a4238407a783 : 767762733935863683
@@@ mem[  808] = 000080670a07a623 : 141180038260259
@@@ mem[  816] = 8407a803000017b7 : 9513757468681836471
@@@ mem[  824] = f2d585934c9585b7 : 17498038794909484471
@@@ mem[  832] = 0ac827030a882683 : 776913829736490627
@@@ mem[  840] = 0017861302b687b3 : 6621340672362419
@@@ mem[  848] = 0ac8242300f637b3 : 776910668480001971
@@@ mem[  856] = 42d606135851f637 : 4816043531675235895
@@@ mem[  864] = 02b7073302c68633 : 195633024485197363
@@@ mem[  872] = 00c7073302b6b6b3 : 56021436035675827
@@@ mem[  880] = 00e787b300d70733 : 65169922503149363
@@@ mem[  888] = 0af8262300179513 : 790423666370778387
@@@ mem[  896] = 0000806700155513 : 141179871384851
@@@
@@@ mem[  992] = 0000000000000400 : 1024
@@@
@@@ mem[ 1024] = 000006ec00000000 : 7610682048512
@@@ mem[ 1032] = 000007bc00000754 : 8504035247956
@@@
@@@ mem[ 1192] = c6755a5b8666f82c : 14300435540928297004
@@@ mem[ 1200] = e66d1234abcd330e : 16603947418614838030
@@@ mem[ 1208] = 0000000b0005deec : 47245025004
@@@
@@@ mem[ 2112] = 0000000000000400 : 1024
@@@
@@@ mem[64456] = 0000fef40000fef8 : 280323925540600
@@@
@@@ mem[64472] = 0000019300000000 : 1730871820288
@@@
@@@ mem[64488] = 0000fc2000000000 : 277214369153024
@@@ mem[64496] = 0000002600000000 : 163208757248
@@@ mem[64504] = 0000fe6000000026 : 279688270315558
@@@ mem[64512] = 0000018f00000000 : 1713691951104
@@@ mem[64520] = 0000002400000026 : 154618822694
@@@
@@@ mem[64536] = 000002840000fc50 : 2765959003216
@@@ mem[64544] = 0000002600000000 : 163208757248
@@@ mem[64552] = 0000fe6000000025 : 279688270315557
@@@ mem[64560] = 0000018d00000000 : 1705102016512
@@@ mem[64568] = 0000002500000026 : 158913789990
@@@
@@@ mem[64584] = 000002840000fc80 : 2765959003264
@@@ mem[64592] = 0000002600000000 : 163208757248
@@@ mem[64600] = 0000ffe80000ffe8 : 281371897561064
@@@ mem[64608] = 0000017100000000 : 1584842932224
@@@ mem[64616] = 000003ff00000026 : 4393751543846
@@@
@@@ mem[64632] = 0000fcb00000fcb0 : 277832844508336
@@@ mem[64640] = 0000006200000000 : 420906795008
@@@ mem[64648] = 0000fe6000000063 : 279688270315619
@@@ mem[64656] = 000003ff00000000 : 4393751543808
@@@ mem[64664] = 0000006100000062 : 416611827810
@@@
@@@ mem[64680] = 000002840000fce0 : 2765959003360
@@@ mem[64688] = 0000006200000000 : 420906795008
@@@ mem[64696] = 0000fe6000000061 : 279688270315617
@@@ mem[64704] = 000003db00000000 : 4239132721152
@@@ mem[64712] = 0000006200000062 : 420906795106
@@@
@@@ mem[64728] = 000002840000fd10 : 2765959003408
@@@ mem[64736] = 0000006200000000 : 420906795008
@@@ mem[64744] = 0000fe600000005e : 279688270315614
@@@ mem[64752] = 000003be00000000 : 4114578669568
@@@ mem[64760] = 0000006000000062 : 412316860514
@@@
@@@ mem[64776] = 000002840000fd40 : 2765959003456
@@@ mem[64784] = 0000006200000000 : 420906795008
@@@ mem[64792] = 0000fe600000005d : 279688270315613
@@@ mem[64800] = 000003af00000000 : 4050154160128
@@@ mem[64808] = 0000005d00000062 : 399431958626
@@@
@@@ mem[64824] = 000002840000fd70 : 2765959003504
@@@ mem[64832] = 0000006200000000 : 420906795008
@@@ mem[64840] = 0000fe600000005b : 279688270315611
@@@ mem[64848] = 000003a600000000 : 4011499454464
@@@ mem[64856] = 0000005c00000062 : 395136991330
@@@
@@@ mem[64872] = 000002840000fda0 : 2765959003552
@@@ mem[64880] = 0000006200000000 : 420906795008
@@@ mem[64888] = 0000fe6000000057 : 279688270315607
@@@ mem[64896] = 0000037b00000000 : 3826815860736
@@@ mem[64904] = 0000005a00000062 : 386547056738
@@@
@@@ mem[64920] = 000002840000fdd0 : 2765959003600
@@@ mem[64928] = 0000006200000000 : 420906795008
@@@ mem[64936] = 0000fe6000000053 : 279688270315603
@@@ mem[64944] = 0000037400000000 : 3796751089664
@@@ mem[64952] = 0000005600000062 : 369367187554
@@@
@@@ mem[64968] = 000002840000fe00 : 2765959003648
@@@ mem[64976] = 0000006200000000 : 420906795008
@@@ mem[64984] = 0000fe600000004f : 279688270315599
@@@ mem[64992] = 0000032600000000 : 3461743640576
@@@ mem[65000] = 0000005200000062 : 352187318370
@@@
@@@ mem[65016] = 000002840000fe30 : 2765959003696
@@@ mem[65024] = 0000006200000000 : 420906795008
@@@ mem[65032] = 0000fe600000003c : 279688270315580
@@@ mem[65040] = 0000025b00000000 : 2589865279488
@@@ mem[65048] = 0000004e00000062 : 335007449186
@@@
@@@ mem[65064] = 000002840000fe60 : 2765959003744
@@@ mem[65072] = 0000006200000000 : 420906795008
@@@ mem[65080] = 0000fe6000000000 : 279688270315520
@@@
@@@ mem[65096] = 0000003b00000000 : 253403070464
@@@
@@@ mem[65112] = 0000030400010000 : 3315714818048
@@@ mem[65120] = 000000200000000d : 137438953485
@@@ mem[65128] = 0000002c00000023 : 188978561059
@@@ mem[65136] = 000000380000002d : 240518168621
@@@ mem[65144] = 0000003f0000003a : 270582939706
@@@ mem[65152] = 0000004e00000040 : 335007449152
@@@ mem[65160] = 0000005600000052 : 369367187538
@@@ mem[65168] = 0000007e00000068 : 541165879400
@@@ mem[65176] = 0000009d0000009d : 674309865629
@@@ mem[65184] = 000000c2000000a5 : 833223655589
@@@ mem[65192] = 000000cf000000c4 : 889058230468
@@@ mem[65200] = 000000e9000000d9 : 1000727380185
@@@ mem[65208] = 0000010f000000fb : 1163936137467
@@@ mem[65216] = 0000012900000115 : 1275605287189
@@@ mem[65224] = 000001340000012b : 1322849927467
@@@ mem[65232] = 0000013c00000135 : 1357209665845
@@@ mem[65240] = 0000015700000143 : 1473173782851
@@@ mem[65248] = 0000016800000159 : 1546188226905
@@@ mem[65256] = 0000018900000171 : 1687922147697
@@@ mem[65264] = 0000018f0000018d : 1713691951501
@@@ mem[65272] = 000001a100000193 : 1791001362835
@@@ mem[65280] = 000001b0000001a8 : 1855425872296
@@@ mem[65288] = 000001b4000001b4 : 1872605741492
@@@ mem[65296] = 000001d4000001cd : 2010044694989
@@@ mem[65304] = 000001f5000001d8 : 2151778615768
@@@ mem[65312] = 00000209000001fc : 2237677961724
@@@ mem[65320] = 000002240000020f : 2353642078735
@@@ mem[65328] = 0000022a00000228 : 2379411882536
@@@ mem[65336] = 000002300000022f : 2405181686319
@@@ mem[65344] = 0000024600000244 : 2499670966852
@@@ mem[65352] = 0000025b00000257 : 2589865280087
@@@ mem[65360] = 0000026a0000025e : 2654289789534
@@@ mem[65368] = 0000028800000272 : 2783138808434
@@@ mem[65376] = 000002a700000298 : 2916282794648
@@@ mem[65384] = 000002c6000002bd : 3049426780861
@@@ mem[65392] = 000002d9000002cf : 3131031159503
@@@ mem[65400] = 000002e5000002df : 3182570767071
@@@ mem[65408] = 000002f4000002f1 : 3246995276529
@@@ mem[65416] = 0000031400000304 : 3384434230020
@@@ mem[65424] = 0000032500000316 : 3457448674070
@@@ mem[65432] = 0000032900000326 : 3474628543270
@@@ mem[65440] = 000003640000032f : 3728031613743
@@@ mem[65448] = 0000037700000374 : 3809635992436
@@@ mem[65456] = 0000037a00000378 : 3822520894328
@@@ mem[65464] = 000003900000037b : 3917010174843
@@@ mem[65472] = 000003a400000396 : 4002909520790
@@@ mem[65480] = 000003a8000003a6 : 4020089389990
@@@ mem[65488] = 000003be000003af : 4114578670511
@@@ mem[65496] = 000003d9000003c1 : 4230542787521
@@@ mem[65504] = 000003f7000003db : 4359391806427
@@@ mem[65512] = 00000063000003ff : 425201763327
@@@
@@@ mem[65528] = 000000a000000000 : 687194767360
@@@
@@@ System halted on WFI instruction
@@@
