@@@ Unified Memory contents hex on left, decimal on right: 
@@@
@@@ mem[    0] = 0000001300000193 : 81604379027
@@@ mem[    8] = 0000001300000013 : 81604378643
@@@ mem[   16] = 000000130011ff93 : 81605558163
@@@ mem[   24] = 0000001300001237 : 81604383287
@@@ mem[   32] = 0000001300000013 : 81604378643
@@@ mem[   40] = 020f9e6300000013 : 148511460765466643
@@@ mem[   48] = 0000001300000013 : 81604378643
@@@ mem[   56] = 0000001300000013 : 81604378643
@@@ mem[   64] = 0000001300322023 : 81607663651
@@@ mem[   72] = 0000001300000013 : 81604378643
@@@ mem[   80] = 0082021300000013 : 36594027600019475
@@@ mem[   88] = 0000001300000013 : 81604378643
@@@ mem[   96] = 0000001300000013 : 81604378643
@@@ mem[  104] = 0000001300118193 : 81605525907
@@@ mem[  112] = 0000001300000013 : 81604378643
@@@ mem[  120] = 0101a11300000013 : 72516171991089171
@@@ mem[  128] = 0000001300000013 : 81604378643
@@@ mem[  136] = 000000130011ff93 : 81605558163
@@@ mem[  144] = f8011ce300000013 : 17870596557665992723
@@@ mem[  152] = 0000001300000013 : 81604378643
@@@ mem[  160] = 0000001300000013 : 81604378643
@@@ mem[  168] = 0000001310500073 : 81878057075
@@@ mem[  176] = 0000001300000013 : 81604378643
@@@ mem[  184] = 0000000000000013 : 19
@@@
@@@ mem[ 4104] = 0000000000000002 : 2
@@@ mem[ 4112] = 0000000000000004 : 4
@@@ mem[ 4120] = 0000000000000006 : 6
@@@ mem[ 4128] = 0000000000000008 : 8
@@@ mem[ 4136] = 000000000000000a : 10
@@@ mem[ 4144] = 000000000000000c : 12
@@@ mem[ 4152] = 000000000000000e : 14
@@@
@@@
@@@ System halted on WFI instruction
@@@
