@@@ Unified Memory contents hex on left, decimal on right: 
@@@
@@@ mem[    0] = 000000131300006f : 81923145839
@@@ mem[    8] = 0000000000000003 : 3
@@@ mem[   16] = 0000000000000001 : 1
@@@ mem[   24] = 0000000000000004 : 4
@@@ mem[   32] = 0000000000000001 : 1
@@@ mem[   40] = 0000000000000005 : 5
@@@ mem[   48] = 0000000000000009 : 9
@@@ mem[   56] = 0000000000000002 : 2
@@@ mem[   64] = 0000000000000006 : 6
@@@ mem[   72] = 0000000000000005 : 5
@@@ mem[   80] = 0000000000000003 : 3
@@@ mem[   88] = 0000000000000005 : 5
@@@ mem[   96] = 0000000000000008 : 8
@@@ mem[  104] = 0000000000000009 : 9
@@@ mem[  112] = 0000000000000007 : 7
@@@ mem[  120] = 0000000000000009 : 9
@@@ mem[  128] = 0000000000000003 : 3
@@@ mem[  136] = 0000000000000002 : 2
@@@ mem[  144] = 0000000000000003 : 3
@@@ mem[  152] = 000000000000752e : 29998
@@@ mem[  160] = 0000000000002713 : 10003
@@@ mem[  168] = 0000000000009c3d : 39997
@@@ mem[  176] = 0000000000002713 : 10003
@@@ mem[  184] = 000000000000c34d : 49997
@@@ mem[  192] = 0000000000015f88 : 89992
@@@ mem[  200] = 0000000000004e21 : 20001
@@@ mem[  208] = 000000000000ea5f : 59999
@@@ mem[  216] = 000000000000c351 : 50001
@@@ mem[  224] = 000000000000752f : 29999
@@@ mem[  232] = 000000000000c34e : 49998
@@@ mem[  240] = 000000000001387f : 79999
@@@ mem[  248] = 0000000000015f8a : 89994
@@@ mem[  256] = 0000000000011169 : 69993
@@@ mem[  264] = 0000000000015f90 : 90000
@@@ mem[  272] = 0000000000007532 : 30002
@@@ mem[  280] = 0000000000004e1e : 19998
@@@ mem[  288] = 0000000000007531 : 30001
@@@ mem[  296] = 0000001300000013 : 81604378643
@@@ mem[  304] = 000023b700000313 : 39268885988115
@@@ mem[  312] = 0080009370f38393 : 36029430274163603
@@@ mem[  320] = 0000a18309800113 : 177584172171539
@@@ mem[  328] = 00012203027181b3 : 318871297950131
@@@ mem[  336] = 00312023003201b3 : 13827608558043571
@@@ mem[  344] = 0081011300808093 : 36311453120102547
@@@ mem[  352] = 0123329300130313 : 81964825165628179
@@@ mem[  360] = 10500073fc029ee3 : 1175440000892968675
@@@
@@@
@@@ System halted on WFI instruction
@@@
