@@@ Unified Memory contents hex on left, decimal on right: 
@@@
@@@ mem[    0] = 000181b700100893 : 424097956759699
@@@ mem[    8] = 000012376a018193 : 20029210984851
@@@ mem[   16] = 003184b300318333 : 13938178196079411
@@@ mem[   24] = 0231a2b300318433 : 158086351620768819
@@@ mem[   32] = 02941533026283b3 : 185796793456559027
@@@ mem[   40] = 0072202302a3b5b3 : 32123482085242291
@@@ mem[   48] = 0018889300820213 : 6905564391146003
@@@ mem[   56] = 0108a1133e818193 : 74486497876738451
@@@ mem[   64] = 10500073fc0118e3 : 1175440000892868835
@@@
@@@ mem[ 4096] = 0000000000061a80 : 400000
@@@ mem[ 4104] = 0000000000062a20 : 404000
@@@ mem[ 4112] = 00000000000639c0 : 408000
@@@ mem[ 4120] = 0000000000064960 : 412000
@@@ mem[ 4128] = 0000000000065900 : 416000
@@@ mem[ 4136] = 00000000000668a0 : 420000
@@@ mem[ 4144] = 0000000000067840 : 424000
@@@ mem[ 4152] = 00000000000687e0 : 428000
@@@ mem[ 4160] = 0000000000069780 : 432000
@@@ mem[ 4168] = 000000000006a720 : 436000
@@@ mem[ 4176] = 000000000006b6c0 : 440000
@@@ mem[ 4184] = 000000000006c660 : 444000
@@@ mem[ 4192] = 000000000006d600 : 448000
@@@ mem[ 4200] = 000000000006e5a0 : 452000
@@@ mem[ 4208] = 00000000000a6fe0 : 684000
@@@
@@@
@@@ System halted on WFI instruction
@@@
