@@@ Unified Memory contents hex on left, decimal on right: 
@@@
@@@ mem[    0] = 0000001300000313 : 81604379411
@@@ mem[    8] = 0000001300000013 : 81604378643
@@@ mem[   16] = 0000113700000013 : 18927920873491
@@@ mem[   24] = 0000001300000013 : 81604378643
@@@ mem[   32] = 0000001300000013 : 81604378643
@@@ mem[   40] = 03f301b300a00f93 : 284573069775736723
@@@ mem[   48] = 0000001300000013 : 81604378643
@@@ mem[   56] = 0000001300000013 : 81604378643
@@@ mem[   64] = 0000001300312023 : 81607598115
@@@ mem[   72] = 0000001300000013 : 81604378643
@@@ mem[   80] = 0001220300000013 : 318871256956947
@@@ mem[   88] = 0000001300000013 : 81604378643
@@@ mem[   96] = 0000001300000013 : 81604378643
@@@ mem[  104] = 0000001310412023 : 81877082147
@@@ mem[  112] = 0000001300000013 : 81604378643
@@@ mem[  120] = 0081011300000013 : 36311453111681043
@@@ mem[  128] = 0000001300000013 : 81604378643
@@@ mem[  136] = 0000001300000013 : 81604378643
@@@ mem[  144] = 0000001300130313 : 81605624595
@@@ mem[  152] = 0000001300000013 : 81604378643
@@@ mem[  160] = 0103229300000013 : 72940033723596819
@@@ mem[  168] = 0000001300000013 : 81604378643
@@@ mem[  176] = 0000001300000013 : 81604378643
@@@ mem[  184] = 00000013f6029ae3 : 85731744483
@@@ mem[  192] = 0000001300000013 : 81604378643
@@@ mem[  200] = 1050007300000013 : 1175439996664938515
@@@ mem[  208] = 0000001300000013 : 81604378643
@@@ mem[  216] = 0000001300000013 : 81604378643
@@@
@@@ mem[ 4104] = 000000000000000a : 10
@@@ mem[ 4112] = 0000000000000014 : 20
@@@ mem[ 4120] = 000000000000001e : 30
@@@ mem[ 4128] = 0000000000000028 : 40
@@@ mem[ 4136] = 0000000000000032 : 50
@@@ mem[ 4144] = 000000000000003c : 60
@@@ mem[ 4152] = 0000000000000046 : 70
@@@ mem[ 4160] = 0000000000000050 : 80
@@@ mem[ 4168] = 000000000000005a : 90
@@@ mem[ 4176] = 0000000000000064 : 100
@@@ mem[ 4184] = 000000000000006e : 110
@@@ mem[ 4192] = 0000000000000078 : 120
@@@ mem[ 4200] = 0000000000000082 : 130
@@@ mem[ 4208] = 000000000000008c : 140
@@@ mem[ 4216] = 0000000000000096 : 150
@@@
@@@ mem[ 4360] = 000000000000000a : 10
@@@ mem[ 4368] = 0000000000000014 : 20
@@@ mem[ 4376] = 000000000000001e : 30
@@@ mem[ 4384] = 0000000000000028 : 40
@@@ mem[ 4392] = 0000000000000032 : 50
@@@ mem[ 4400] = 000000000000003c : 60
@@@ mem[ 4408] = 0000000000000046 : 70
@@@ mem[ 4416] = 0000000000000050 : 80
@@@ mem[ 4424] = 000000000000005a : 90
@@@ mem[ 4432] = 0000000000000064 : 100
@@@ mem[ 4440] = 000000000000006e : 110
@@@ mem[ 4448] = 0000000000000078 : 120
@@@ mem[ 4456] = 0000000000000082 : 130
@@@ mem[ 4464] = 000000000000008c : 140
@@@ mem[ 4472] = 0000000000000096 : 150
@@@
@@@
@@@ System halted on WFI instruction
@@@
