@@@ Unified Memory contents hex on left, decimal on right: 
@@@
@@@ mem[    0] = 0000001300001237 : 81604383287
@@@ mem[    8] = 0000001300000013 : 81604378643
@@@ mem[   16] = 000012b700000013 : 20577188315155
@@@ mem[   24] = 0000001300000013 : 81604378643
@@@ mem[   32] = 0000001300000013 : 81604378643
@@@ mem[   40] = 0000001300828293 : 81612931731
@@@ mem[   48] = 0000001300000013 : 81604378643
@@@ mem[   56] = 0000133700000013 : 21126944129043
@@@ mem[   64] = 0000001300000013 : 81604378643
@@@ mem[   72] = 0000001300000013 : 81604378643
@@@ mem[   80] = 0000001301030313 : 81621353235
@@@ mem[   88] = 0000001300000013 : 81604378643
@@@ mem[   96] = 0020051300000013 : 9012778417258515
@@@ mem[  104] = 0000001300000013 : 81604378643
@@@ mem[  112] = 0000001300000013 : 81604378643
@@@ mem[  120] = 0000001300100113 : 81605427475
@@@ mem[  128] = 0000001300000013 : 81604378643
@@@ mem[  136] = 0022202300000013 : 9605483904106515
@@@ mem[  144] = 0000001300000013 : 81604378643
@@@ mem[  152] = 0000001300000013 : 81604378643
@@@ mem[  160] = 000000130022a023 : 81606647843
@@@ mem[  168] = 0000001300000013 : 81604378643
@@@ mem[  176] = 0002210300000013 : 599246722039827
@@@ mem[  184] = 0000001300000013 : 81604378643
@@@ mem[  192] = 0000001300000013 : 81604378643
@@@ mem[  200] = 000000130002a183 : 81604551043
@@@ mem[  208] = 0000001300000013 : 81604378643
@@@ mem[  216] = 002181b300000013 : 9431280030580755
@@@ mem[  224] = 0000001300000013 : 81604378643
@@@ mem[  232] = 0000001300000013 : 81604378643
@@@ mem[  240] = 0000001300820213 : 81612898835
@@@ mem[  248] = 0000001300000013 : 81604378643
@@@ mem[  256] = 0082829300000013 : 36735314844188691
@@@ mem[  264] = 0000001300000013 : 81604378643
@@@ mem[  272] = 0000001300000013 : 81604378643
@@@ mem[  280] = 0000001300150513 : 81605756179
@@@ mem[  288] = 0000001300000013 : 81604378643
@@@ mem[  296] = 0105259300000013 : 73506282211901459
@@@ mem[  304] = 0000001300000013 : 81604378643
@@@ mem[  312] = 0000001300000013 : 81604378643
@@@ mem[  320] = 0083031300332023 : 36876602091708451
@@@ mem[  328] = 0000001300000013 : 81604378643
@@@ mem[  336] = 0000001300000013 : 81604378643
@@@ mem[  344] = 00000013f4059ee3 : 85698387683
@@@ mem[  352] = 0000001300000013 : 81604378643
@@@ mem[  360] = 1050007300000013 : 1175439996664938515
@@@ mem[  368] = 0000001300000013 : 81604378643
@@@ mem[  376] = 0000001300000013 : 81604378643
@@@
@@@ mem[ 4096] = 0000000000000001 : 1
@@@ mem[ 4104] = 0000000000000001 : 1
@@@ mem[ 4112] = 0000000000000002 : 2
@@@ mem[ 4120] = 0000000000000003 : 3
@@@ mem[ 4128] = 0000000000000005 : 5
@@@ mem[ 4136] = 0000000000000008 : 8
@@@ mem[ 4144] = 000000000000000d : 13
@@@ mem[ 4152] = 0000000000000015 : 21
@@@ mem[ 4160] = 0000000000000022 : 34
@@@ mem[ 4168] = 0000000000000037 : 55
@@@ mem[ 4176] = 0000000000000059 : 89
@@@ mem[ 4184] = 0000000000000090 : 144
@@@ mem[ 4192] = 00000000000000e9 : 233
@@@ mem[ 4200] = 0000000000000179 : 377
@@@ mem[ 4208] = 0000000000000262 : 610
@@@ mem[ 4216] = 00000000000003db : 987
@@@
@@@
@@@ System halted on WFI instruction
@@@
