@@@ Unified Memory contents hex on left, decimal on right: 
@@@
@@@ mem[    0] = 0000009700000013 : 648540061715
@@@ mem[    8] = 0001011709c08093 : 282673436197011
@@@ mem[   16] = 00010413ff410113 : 285958910050579
@@@ mem[   24] = 0a81819300001197 : 757028680735134103
@@@ mem[   32] = 0000029300000213 : 2830383448595
@@@ mem[   40] = 0000039300000313 : 3929895076627
@@@ mem[   48] = 0000051300000493 : 5579162518675
@@@ mem[   56] = 0000061300000593 : 6678674146707
@@@ mem[   64] = 0000071300000693 : 7778185774739
@@@ mem[   72] = 0000081300000793 : 8877697402771
@@@ mem[   80] = 0000091300000893 : 9977209030803
@@@ mem[   88] = 00000a1300000993 : 11076720658835
@@@ mem[   96] = 00000b1300000a93 : 12176232286867
@@@ mem[  104] = 00000c1300000b93 : 13275743914899
@@@ mem[  112] = 00000d1300000c93 : 14375255542931
@@@ mem[  120] = 00000e1300000d93 : 15474767170963
@@@ mem[  128] = 00000f1300000e93 : 16574278798995
@@@ mem[  136] = 21c0006f00000f93 : 2431944275521441683
@@@
@@@ mem[  160] = f601011300010117 : 17726450789423055127
@@@ mem[  168] = 00000013fea12c23 : 85876354083
@@@ mem[  176] = fd01011310500073 : 18230853947962163315
@@@ mem[  184] = 0301041302812623 : 216458736783402531
@@@ mem[  192] = fcb42c23fca42e23 : 18209227726439853603
@@@ mem[  200] = 0bc0006ffe042623 : 846677210948707875
@@@ mem[  208] = 00178793fec42783 : 6622994168555395
@@@ mem[  216] = 0940006ffef42423 : 666533225869616163
@@@ mem[  224] = 00279793fe842783 : 11144185977776003
@@@ mem[  232] = 00f707b3fdc42703 : 69532788885563139
@@@ mem[  240] = fec427830007a703 : 18357841424663684867
@@@ mem[  248] = fdc4268300279793 : 18285782731116222355
@@@ mem[  256] = 0007a78300f687b3 : 2154505935685555
@@@ mem[  264] = fe84278304f75e63 : 18339827026237021795
@@@ mem[  272] = fdc4270300279793 : 18285783280872036243
@@@ mem[  280] = 0007a78300f707b3 : 2154505935718323
@@@ mem[  288] = fec42783fef42223 : 18357841428940595747
@@@ mem[  296] = fdc4270300279793 : 18285783280872036243
@@@ mem[  304] = fe84278300f70733 : 18339827026169890611
@@@ mem[  312] = fdc4268300279793 : 18285782731116222355
@@@ mem[  320] = 0007270300f687b3 : 2013218691516339
@@@ mem[  328] = fec4278300e7a023 : 18357841424678363171
@@@ mem[  336] = fdc4270300279793 : 18285783280872036243
@@@ mem[  344] = fe44270300f707b3 : 18321812077904594867
@@@ mem[  352] = fe84278300e7a023 : 18339827026168881187
@@@ mem[  360] = fef4242300178793 : 18371348512695093139
@@@ mem[  368] = fd842783fe842703 : 18267769436385847043
@@@ mem[  376] = fec42783f6f744e3 : 18357841428806583523
@@@ mem[  384] = fef4262300178793 : 18371350711718348691
@@@ mem[  392] = fff78793fd842783 : 18444359868602394499
@@@ mem[  400] = f2f74ee3fec42703 : 17507548817564903171
@@@ mem[  408] = 0000001300000013 : 81604378643
@@@ mem[  416] = 0301011302c12403 : 216455438252712963
@@@ mem[  424] = fd01011300008067 : 18230853947688517735
@@@ mem[  432] = 0281242302112623 : 180465192848664099
@@@ mem[  440] = fca42e2303010413 : 18204726321647518739
@@@ mem[  448] = fcc42a23fcb42c23 : 18213729127045016611
@@@ mem[  456] = fd442703fcd42823 : 18249754488092239907
@@@ mem[  464] = 0af74e63fd842783 : 790186450988836739
@@@ mem[  472] = fd842783fd442703 : 18267769436364875523
@@@ mem[  480] = 01f7d71340f707b3 : 141818390979741619
@@@ mem[  488] = 4017d79300f707b3 : 4618396969268086707
@@@ mem[  496] = fd84278300078713 : 18267769432116266771
@@@ mem[  504] = fef4262300e787b3 : 18371350711731980211
@@@ mem[  512] = 00279793fec42783 : 11144185981970307
@@@ mem[  520] = 00f707b3fdc42703 : 69532788885563139
@@@ mem[  528] = fd0427030007a783 : 18231740085341497219
@@@ mem[  536] = fec4278300f71663 : 18357841424679376483
@@@ mem[  544] = fec427830740006f : 18357841424784818287
@@@ mem[  552] = fdc4270300279793 : 18285783280872036243
@@@ mem[  560] = 0007a78300f707b3 : 2154505935718323
@@@ mem[  568] = 02f75663fd042703 : 213734494770046723
@@@ mem[  576] = fff78793fec42783 : 18444359868623366019
@@@ mem[  584] = 00078613fd042683 : 2117745244382851
@@@ mem[  592] = fdc42503fd842583 : 18285781086099481987
@@@ mem[  600] = f54080e700000097 : 17672266667427627159
@@@ mem[  608] = 0300006f00050793 : 216173258855483283
@@@ mem[  616] = 00178793fec42783 : 6622994168555395
@@@ mem[  624] = fd442603fd042683 : 18249753388583757443
@@@ mem[  632] = fdc4250300078593 : 18285781081846678931
@@@ mem[  640] = f2c080e700000097 : 17492122682332807319
@@@ mem[  648] = 0080006f00050793 : 36029273760663443
@@@ mem[  656] = 00078513fff00793 : 2116645781768083
@@@ mem[  664] = 0281240302c12083 : 180465055421243523
@@@ mem[  672] = 0000806703010113 : 141179920384275
@@@ mem[  680] = 1a112e23e4010113 : 1878333251274211603
@@@ mem[  688] = 1c0104131a812c23 : 2017898588134255651
@@@ mem[  696] = 0340006ffe042623 : 234187661626320419
@@@ mem[  704] = 124080e700000097 : 1315192820817985687
@@@ mem[  712] = 01f7f71300050793 : 141853574262228883
@@@ mem[  720] = 00279793fec42783 : 11144185981970307
@@@ mem[  728] = 00f687b3ff040693 : 69392051418171027
@@@ mem[  736] = fec42783e4e7ac23 : 18357841428503571491
@@@ mem[  744] = fef4262300178793 : 18371350711718348691
@@@ mem[  752] = 06200793fec42703 : 441361095698163459
@@@ mem[  760] = 00a00793fce7d4e3 : 45044328458343651
@@@ mem[  768] = e4840793fef42423 : 16466294469792375843
@@@ mem[  776] = 0007851306300593 : 2116641591657875
@@@ mem[  784] = da4080e700000097 : 15726711628403572887
@@@ mem[  792] = fe842683e4840793 : 18339825930475931539
@@@ mem[  800] = 0000059306200613 : 6129021093395
@@@ mem[  808] = 0000009700078513 : 648540554515
@@@ mem[  816] = fea42223e80080e7 : 18348828319425790183
@@@ mem[  824] = 1a400693e4840793 : 1891519075759425427
@@@ mem[  832] = 0000059306200613 : 6129021093395
@@@ mem[  840] = 0000009700078513 : 648540554515
@@@ mem[  848] = fea42023e60080e7 : 18348826120368980199
@@@ mem[  856] = 02100693e4840793 : 148626019967043475
@@@ mem[  864] = 0000059306200613 : 6129021093395
@@@ mem[  872] = 0000009700078513 : 648540554515
@@@ mem[  880] = fca42e23e40080e7 : 18204726325422358759
@@@ mem[  888] = 01700693e4840793 : 103590023693338515
@@@ mem[  896] = 0000059306200613 : 6129021093395
@@@ mem[  904] = 0000009700078513 : 648540554515
@@@ mem[  912] = fca42c23e20080e7 : 18204724126365548775
@@@ mem[  920] = 00c00693e4840793 : 54050427792263059
@@@ mem[  928] = 0000059306200613 : 6129021093395
@@@ mem[  936] = 0000009700078513 : 648540554515
@@@ mem[  944] = fca42a23e00080e7 : 18204721927308738791
@@@ mem[  952] = 0007851300000793 : 2116641487849363
@@@ mem[  960] = 1b8124031bc12083 : 1981904906788872323
@@@ mem[  968] = 000080671c010113 : 141180339814675
@@@ mem[  976] = 8e07a783000017b7 : 10234332859305301943
@@@ mem[  984] = 0a07a6230aa7a423 : 722728934649078819
@@@ mem[  992] = 000017b700008067 : 26074746486887
@@@ mem[ 1000] = 4c9585b78e07a803 : 5518463941820786691
@@@ mem[ 1008] = 0a882683f2d58593 : 758898885368579475
@@@ mem[ 1016] = 02b687b30ac82703 : 195492836886980355
@@@ mem[ 1024] = 00f637b300178613 : 69304086211036691
@@@ mem[ 1032] = 5851f6370ac82423 : 6364138464715744291
@@@ mem[ 1040] = 02c6863342d60613 : 199994788187342355
@@@ mem[ 1048] = 02b6b6b302b70733 : 195544513798145843
@@@ mem[ 1056] = 00d7073300c70733 : 60525035630561075
@@@ mem[ 1064] = 0017951300e787b3 : 6637833316435891
@@@ mem[ 1072] = 001555130af82623 : 6004514787698211
@@@ mem[ 1080] = 0000000000008067 : 32871
@@@
@@@ mem[ 1152] = 00000000000004a0 : 1184
@@@
@@@ mem[ 1184] = 0000078c00000000 : 8297876815872
@@@ mem[ 1192] = 0000085c000007f4 : 9191230015476
@@@
@@@ mem[ 1352] = c6755a5b8666f82c : 14300435540928297004
@@@ mem[ 1360] = e66d1234abcd330e : 16603947418614838030
@@@ mem[ 1368] = 0000000b0005deec : 47245025004
@@@
@@@ mem[ 2272] = 00000000000004a0 : 1184
@@@
@@@ mem[64704] = 0000006200000021 : 420906795041
@@@ mem[64712] = 0000fe4800000063 : 279585191100515
@@@
@@@ mem[64744] = 000002880000fd20 : 2783138872608
@@@ mem[64752] = 000000230000000c : 150323855372
@@@ mem[64760] = 0000fe4800000023 : 279585191100451
@@@
@@@ mem[64776] = 0000002300000000 : 150323855360
@@@
@@@ mem[64792] = 000002880000fd50 : 2783138872656
@@@ mem[64800] = 000000230000000c : 150323855372
@@@ mem[64808] = 0000fe4800000022 : 279585191100450
@@@
@@@ mem[64824] = 0000002200000000 : 146028888064
@@@
@@@ mem[64840] = 000002880000fd80 : 2783138872704
@@@ mem[64848] = 000000230000000c : 150323855372
@@@ mem[64856] = 0000fe480000001f : 279585191100447
@@@
@@@ mem[64872] = 0000002100000000 : 141733920768
@@@
@@@ mem[64888] = 000002880000fdb0 : 2783138872752
@@@ mem[64896] = 000000230000000c : 150323855372
@@@ mem[64904] = 0000fe4800000019 : 279585191100441
@@@
@@@ mem[64920] = 0000001e00000000 : 128849018880
@@@
@@@ mem[64936] = 000002600000fde0 : 2611340180960
@@@ mem[64944] = 000000300000000c : 206158430220
@@@ mem[64952] = 0000fe4800000019 : 279585191100441
@@@
@@@ mem[64968] = 0000002400000000 : 154618822656
@@@
@@@ mem[64984] = 000002880000fe10 : 2783138872848
@@@ mem[64992] = 000000300000000c : 206158430220
@@@ mem[65000] = 0000fe4800000000 : 279585191100416
@@@
@@@ mem[65016] = 0000001800000000 : 103079215104
@@@
@@@ mem[65032] = 000002600000fe40 : 2611340181056
@@@ mem[65040] = 000000620000000c : 420906795020
@@@ mem[65048] = 0000fe4800000000 : 279585191100416
@@@ mem[65056] = 0000001e00000000 : 128849018880
@@@ mem[65064] = 0000003100000063 : 210453397603
@@@
@@@ mem[65080] = 000003b400010000 : 4071629062144
@@@
@@@ mem[65104] = 0000000100000001 : 4294967297
@@@ mem[65112] = 0000000300000002 : 12884901890
@@@ mem[65120] = 0000000400000003 : 17179869187
@@@ mem[65128] = 0000000400000004 : 17179869188
@@@ mem[65136] = 0000000400000004 : 17179869188
@@@ mem[65144] = 0000000500000004 : 21474836484
@@@ mem[65152] = 0000000500000005 : 21474836485
@@@ mem[65160] = 0000000600000006 : 25769803782
@@@ mem[65168] = 0000000600000006 : 25769803782
@@@ mem[65176] = 0000000800000007 : 34359738375
@@@ mem[65184] = 0000000800000008 : 34359738376
@@@ mem[65192] = 0000000800000008 : 34359738376
@@@ mem[65200] = 0000000900000008 : 38654705672
@@@ mem[65208] = 0000000900000009 : 38654705673
@@@ mem[65216] = 0000000900000009 : 38654705673
@@@ mem[65224] = 0000000a0000000a : 42949672970
@@@ mem[65232] = 0000000c0000000b : 51539607563
@@@ mem[65240] = 0000000d0000000d : 55834574861
@@@ mem[65248] = 0000000d0000000d : 55834574861
@@@ mem[65256] = 0000000f0000000e : 64424509454
@@@ mem[65264] = 0000000f0000000f : 64424509455
@@@ mem[65272] = 0000000f0000000f : 64424509455
@@@ mem[65280] = 0000000f0000000f : 64424509455
@@@ mem[65288] = 000000100000000f : 68719476751
@@@ mem[65296] = 0000001000000010 : 68719476752
@@@ mem[65304] = 0000001100000011 : 73014444049
@@@ mem[65312] = 0000001200000012 : 77309411346
@@@ mem[65320] = 0000001400000013 : 85899345939
@@@ mem[65328] = 0000001400000014 : 85899345940
@@@ mem[65336] = 0000001400000014 : 85899345940
@@@ mem[65344] = 0000001400000014 : 85899345940
@@@ mem[65352] = 0000001500000015 : 90194313237
@@@ mem[65360] = 0000001600000015 : 94489280533
@@@ mem[65368] = 0000001600000016 : 94489280534
@@@ mem[65376] = 0000001700000017 : 98784247831
@@@ mem[65384] = 0000001700000017 : 98784247831
@@@ mem[65392] = 0000001800000018 : 103079215128
@@@ mem[65400] = 0000001800000018 : 103079215128
@@@ mem[65408] = 0000001900000019 : 107374182425
@@@ mem[65416] = 0000001900000019 : 107374182425
@@@ mem[65424] = 0000001a0000001a : 111669149722
@@@ mem[65432] = 0000001b0000001b : 115964117019
@@@ mem[65440] = 0000001b0000001b : 115964117019
@@@ mem[65448] = 0000001c0000001c : 120259084316
@@@ mem[65456] = 0000001d0000001d : 124554051613
@@@ mem[65464] = 0000001e0000001d : 128849018909
@@@ mem[65472] = 0000001e0000001e : 128849018910
@@@ mem[65480] = 0000001f0000001f : 133143986207
@@@ mem[65488] = 000000230000001f : 150323855391
@@@ mem[65496] = ffffffff00000046 : 18446744069414584390
@@@ mem[65504] = 00000021ffffffff : 146028888063
@@@ mem[65512] = 000000630000000a : 425201762314
@@@
@@@ mem[65528] = 000000a000000000 : 687194767360
@@@
@@@ System halted on WFI instruction
@@@
